{
  message: '\x1B[34m\x1B[1mMOngodb connected: 21w.h.filess.io\x1B[22m\x1B[39m',
  level: 'info',
  timestamp: '2024-09-26 01:43:59.873 AM'
}
{
  message: '\x1B[32m\x1B[1mcheck\x1B[22m\x1B[39m Server running in \x1B[33m\x1B[1mdevelopment\x1B[22m\x1B[39m mode on port \x1B[34m\x1B[1m1997\x1B[22m\x1B[39m',
  level: 'info',
  timestamp: '2024-09-26 01:43:59.880 AM'
}
{
  method: 'GET',
  url: '/resume-templates',
  status: 404,
  response_time: 2.744,
  level: 'http',
  message: 'incom-request',
  timestamp: '2024-09-26 01:44:35.608 AM'
}
{
  method: 'GET',
  url: '/resume-templates',
  status: 404,
  response_time: 1.569,
  level: 'http',
  message: 'incom-request',
  timestamp: '2024-09-26 01:48:12.055 AM'
}
{
  method: 'OPTIONS',
  url: '/api/v1/add',
  status: 204,
  response_time: 2.466,
  level: 'http',
  message: 'incom-request',
  timestamp: '2024-09-26 02:57:53.799 PM'
}
{
  method: 'POST',
  url: '/api/v1/add',
  status: 200,
  response_time: 661.677,
  level: 'http',
  message: 'incom-request',
  timestamp: '2024-09-26 02:57:54.510 PM'
}
{
  method: 'OPTIONS',
  url: '/api/v1/add',
  status: 204,
  response_time: 1.857,
  level: 'http',
  message: 'incom-request',
  timestamp: '2024-09-26 03:00:14.270 PM'
}
{
  method: 'POST',
  url: '/api/v1/add',
  status: 200,
  response_time: 165.646,
  level: 'http',
  message: 'incom-request',
  timestamp: '2024-09-26 03:00:14.466 PM'
}
{
  method: 'OPTIONS',
  url: '/api/v1/add',
  status: 204,
  response_time: 0.505,
  level: 'http',
  message: 'incom-request',
  timestamp: '2024-09-26 03:01:10.027 PM'
}
{
  method: 'POST',
  url: '/api/v1/add',
  status: 200,
  response_time: 86.563,
  level: 'http',
  message: 'incom-request',
  timestamp: '2024-09-26 03:01:10.125 PM'
}
{
  method: 'OPTIONS',
  url: '/api/v1/add',
  status: 204,
  response_time: 0.567,
  level: 'http',
  message: 'incom-request',
  timestamp: '2024-09-26 03:05:08.920 PM'
}
{
  method: 'POST',
  url: '/api/v1/add',
  status: 200,
  response_time: 78.846,
  level: 'http',
  message: 'incom-request',
  timestamp: '2024-09-26 03:05:09.003 PM'
}
{
  method: 'GET',
  url: '/api/v1/detail/66f507a485baa778fb31ac5f',
  status: 200,
  response_time: 219.888,
  level: 'http',
  message: 'incom-request',
  timestamp: '2024-09-26 03:08:00.983 PM'
}
{
  method: 'GET',
  url: '/api/v1/detail/66f507a485baa778fb31ac5f',
  status: 304,
  response_time: 109.179,
  level: 'http',
  message: 'incom-request',
  timestamp: '2024-09-26 03:08:22.713 PM'
}
{
  method: 'GET',
  url: '/api/v1/detail/66f507a485baa778fb31ac5f',
  status: 304,
  response_time: 105.757,
  level: 'http',
  message: 'incom-request',
  timestamp: '2024-09-26 03:08:35.652 PM'
}
{
  method: 'GET',
  url: '/api/v1/invoice/66f507a485baa778fb31ac5f?time=0.273402974868466',
  status: 200,
  response_time: 106.403,
  level: 'http',
  message: 'incom-request',
  timestamp: '2024-09-26 03:08:36.077 PM'
}
{
  method: 'GET',
  url: '/api/v1/invoice/66f507a485baa778fb31ac5f?time=0.4734045517396135',
  status: 200,
  response_time: 42.907,
  level: 'http',
  message: 'incom-request',
  timestamp: '2024-09-26 03:08:36.251 PM'
}
{
  method: 'GET',
  url: '/api/v1/detail/66f507a485baa778fb31ac5f',
  status: 304,
  response_time: 133.185,
  level: 'http',
  message: 'incom-request',
  timestamp: '2024-09-26 03:08:45.844 PM'
}
{
  method: 'GET',
  url: '/api/v1/invoice/66f507a485baa778fb31ac5f?time=0.45066395375172186',
  status: 200,
  response_time: 54.486,
  level: 'http',
  message: 'incom-request',
  timestamp: '2024-09-26 03:08:46.269 PM'
}
{
  method: 'GET',
  url: '/api/v1/detail/66f507a485baa778fb31ac5f',
  status: 304,
  response_time: 67.428,
  level: 'http',
  message: 'incom-request',
  timestamp: '2024-09-26 03:08:58.577 PM'
}
{
  method: 'GET',
  url: '/api/v1/invoice/66f507a485baa778fb31ac5f?time=0.2857812540122735',
  status: null,
  response_time: null,
  level: 'http',
  message: 'incom-request',
  timestamp: '2024-09-26 03:08:58.605 PM'
}
{
  method: 'GET',
  url: '/api/v1/invoice/66f507a485baa778fb31ac5f?time=0.5509229129026052',
  status: 200,
  response_time: 99.773,
  level: 'http',
  message: 'incom-request',
  timestamp: '2024-09-26 03:08:58.792 PM'
}
{
  method: 'GET',
  url: '/api/v1/invoice/66f507a485baa778fb31ac5f?time=0.13445829500964768',
  status: 200,
  response_time: 82.586,
  level: 'http',
  message: 'incom-request',
  timestamp: '2024-09-26 03:08:58.985 PM'
}
{
  method: 'GET',
  url: '/api/v1/invoice/66f507a485baa778fb31ac5f',
  status: 200,
  response_time: 157.017,
  level: 'http',
  message: 'incom-request',
  timestamp: '2024-09-26 03:15:16.144 PM'
}
{
  method: 'OPTIONS',
  url: '/api/v1/update/66f507a485baa778fb31ac5f',
  status: 204,
  response_time: 0.303,
  level: 'http',
  message: 'incom-request',
  timestamp: '2024-09-26 03:16:08.021 PM'
}
{
  method: 'POST',
  url: '/api/v1/update/66f507a485baa778fb31ac5f',
  status: 200,
  response_time: 294.646,
  level: 'http',
  message: 'incom-request',
  timestamp: '2024-09-26 03:16:08.320 PM'
}
{
  method: 'GET',
  url: '/api/v1/invoice/66f507a485baa778fb31ac5f?time=0.7273408619608811',
  status: 200,
  response_time: 42.018,
  level: 'http',
  message: 'incom-request',
  timestamp: '2024-09-26 03:16:08.525 PM'
}
{
  message: '\x1B[34m\x1B[1mMOngodb connected: 21w.h.filess.io\x1B[22m\x1B[39m',
  level: 'info',
  timestamp: '2024-09-26 07:36:39.062 AM'
}
{
  message: '\x1B[32m\x1B[1mcheck\x1B[22m\x1B[39m Server running in \x1B[33m\x1B[1mdevelopment\x1B[22m\x1B[39m mode on port \x1B[34m\x1B[1m1997\x1B[22m\x1B[39m',
  level: 'info',
  timestamp: '2024-09-26 07:36:39.073 AM'
}
{
  message: '\x1B[34m\x1B[1mMOngodb connected: 21w.h.filess.io\x1B[22m\x1B[39m',
  level: 'info',
  timestamp: '2024-09-26 07:37:11.584 AM'
}
{
  message: '\x1B[32m\x1B[1mcheck\x1B[22m\x1B[39m Server running in \x1B[33m\x1B[1mdevelopment\x1B[22m\x1B[39m mode on port \x1B[34m\x1B[1m1997\x1B[22m\x1B[39m',
  level: 'info',
  timestamp: '2024-09-26 07:37:11.602 AM'
}
