{
  message: '\x1B[34m\x1B[1mMOngodb connected: mongodb\x1B[22m\x1B[39m',
  level: 'info',
  timestamp: '2024-09-22 06:26:57.561 AM'
}
{
  message: '\x1B[32m\x1B[1mcheck\x1B[22m\x1B[39m Server running in \x1B[33m\x1B[1mdevelopment\x1B[22m\x1B[39m mode on port \x1B[34m\x1B[1m1997\x1B[22m\x1B[39m',
  level: 'info',
  timestamp: '2024-09-22 06:26:57.565 AM'
}
{
  method: 'POST',
  url: '/api/v1/add',
  status: 200,
  response_time: 28.374,
  level: 'http',
  message: 'incom-request',
  timestamp: '2024-09-22 06:27:47.449 AM'
}
{
  method: 'GET',
  url: '/api/v1/detail/66efb8e39b51b858d60a33c4',
  status: 200,
  response_time: 17.361,
  level: 'http',
  message: 'incom-request',
  timestamp: '2024-09-22 06:27:47.485 AM'
}
{
  method: 'GET',
  url: '/api/v1/invoice/66efb8e39b51b858d60a33c4?time=0.4254515525314453',
  status: 200,
  response_time: 3.263,
  level: 'http',
  message: 'incom-request',
  timestamp: '2024-09-22 06:27:47.666 AM'
}
{
  method: 'GET',
  url: '/api/v1/invoice/66efb8e39b51b858d60a33c4?time=0.758409416787162',
  status: 200,
  response_time: 2.406,
  level: 'http',
  message: 'incom-request',
  timestamp: '2024-09-22 06:27:47.719 AM'
}
{
  method: 'POST',
  url: '/api/v1/update/66efb8e39b51b858d60a33c4',
  status: 200,
  response_time: 56.728,
  level: 'http',
  message: 'incom-request',
  timestamp: '2024-09-22 06:30:19.740 AM'
}
{
  method: 'GET',
  url: '/api/v1/invoice/66efb8e39b51b858d60a33c4?time=0.003035268767732413',
  status: 200,
  response_time: 1.989,
  level: 'http',
  message: 'incom-request',
  timestamp: '2024-09-22 06:30:19.835 AM'
}
{
  message: '\x1B[34m\x1B[1mMOngodb connected: mongodb\x1B[22m\x1B[39m',
  level: 'info',
  timestamp: '2024-09-22 02:36:18.930 PM'
}
{
  message: '\x1B[32m\x1B[1mcheck\x1B[22m\x1B[39m Server running in \x1B[33m\x1B[1mdevelopment\x1B[22m\x1B[39m mode on port \x1B[34m\x1B[1m1997\x1B[22m\x1B[39m',
  level: 'info',
  timestamp: '2024-09-22 02:36:18.936 PM'
}
{
  message: '\x1B[34m\x1B[1mMOngodb connected: mongodb\x1B[22m\x1B[39m',
  level: 'info',
  timestamp: '2024-09-22 02:43:12.921 PM'
}
{
  message: '\x1B[32m\x1B[1mcheck\x1B[22m\x1B[39m Server running in \x1B[33m\x1B[1mdevelopment\x1B[22m\x1B[39m mode on port \x1B[34m\x1B[1m1997\x1B[22m\x1B[39m',
  level: 'info',
  timestamp: '2024-09-22 02:43:12.935 PM'
}
{
  method: 'POST',
  url: '/api/v1/add',
  status: 500,
  response_time: 27.844,
  level: 'http',
  message: 'incom-request',
  timestamp: '2024-09-22 02:44:01.233 PM'
}
{
  method: 'POST',
  url: '/api/v1/add',
  status: 200,
  response_time: 62.109,
  level: 'http',
  message: 'incom-request',
  timestamp: '2024-09-22 02:44:04.720 PM'
}
{
  method: 'GET',
  url: '/api/v1/detail/66f02d34697292a5d62e1ce3',
  status: 200,
  response_time: 37.008,
  level: 'http',
  message: 'incom-request',
  timestamp: '2024-09-22 02:44:04.803 PM'
}
{
  method: 'GET',
  url: '/api/v1/invoice/66f02d34697292a5d62e1ce3?time=0.917730410859692',
  status: 200,
  response_time: 2.583,
  level: 'http',
  message: 'incom-request',
  timestamp: '2024-09-22 02:44:04.928 PM'
}
{
  method: 'GET',
  url: '/api/v1/invoice/66f02d34697292a5d62e1ce3?time=0.697146947827554',
  status: 200,
  response_time: 2.506,
  level: 'http',
  message: 'incom-request',
  timestamp: '2024-09-22 02:44:05.012 PM'
}
{
  method: 'GET',
  url: '/api/v1/invoice/66f02d34697292a5d62e1ce3',
  status: 200,
  response_time: 6.971,
  level: 'http',
  message: 'incom-request',
  timestamp: '2024-09-22 02:44:09.148 PM'
}
{
  message: '\x1B[34m\x1B[1mMOngodb connected: mongodb\x1B[22m\x1B[39m',
  level: 'info',
  timestamp: '2024-09-22 02:45:41.233 PM'
}
{
  message: '\x1B[32m\x1B[1mcheck\x1B[22m\x1B[39m Server running in \x1B[33m\x1B[1mdevelopment\x1B[22m\x1B[39m mode on port \x1B[34m\x1B[1m1997\x1B[22m\x1B[39m',
  level: 'info',
  timestamp: '2024-09-22 02:45:41.239 PM'
}
{
  method: 'GET',
  url: '/api/v1/detail/66f02d34697292a5d62e1ce3',
  status: 304,
  response_time: 33.869,
  level: 'http',
  message: 'incom-request',
  timestamp: '2024-09-22 02:45:50.475 PM'
}
{
  method: 'GET',
  url: '/api/v1/invoice/66f02d34697292a5d62e1ce3?time=0.5215634577850207',
  status: 200,
  response_time: 2.992,
  level: 'http',
  message: 'incom-request',
  timestamp: '2024-09-22 02:45:50.644 PM'
}
{
  method: 'GET',
  url: '/api/v1/invoice/66f02d34697292a5d62e1ce3?time=0.37353027186767906',
  status: 200,
  response_time: 1.732,
  level: 'http',
  message: 'incom-request',
  timestamp: '2024-09-22 02:45:50.729 PM'
}
{
  method: 'POST',
  url: '/api/v1/update/66f02d34697292a5d62e1ce3',
  status: 200,
  response_time: 57.686,
  level: 'http',
  message: 'incom-request',
  timestamp: '2024-09-22 02:46:56.485 PM'
}
{
  method: 'GET',
  url: '/api/v1/invoice/66f02d34697292a5d62e1ce3?time=0.1948513845976626',
  status: 200,
  response_time: 7.743,
  level: 'http',
  message: 'incom-request',
  timestamp: '2024-09-22 02:46:56.639 PM'
}
{
  method: 'GET',
  url: '/api/v1/invoice/66f02d34697292a5d62e1ce3?time=0.8038258305106203',
  status: 200,
  response_time: 3.164,
  level: 'http',
  message: 'incom-request',
  timestamp: '2024-09-22 02:46:56.749 PM'
}
{
  method: 'GET',
  url: '/api/v1/invoice/66f02d34697292a5d62e1ce3',
  status: 200,
  response_time: 16.797,
  level: 'http',
  message: 'incom-request',
  timestamp: '2024-09-22 02:47:00.754 PM'
}
{
  method: 'POST',
  url: '/api/v1/update/66f02d34697292a5d62e1ce3',
  status: 200,
  response_time: 54.017,
  level: 'http',
  message: 'incom-request',
  timestamp: '2024-09-22 02:47:37.452 PM'
}
{
  method: 'GET',
  url: '/api/v1/invoice/66f02d34697292a5d62e1ce3?time=0.2341250053664904',
  status: 200,
  response_time: 3.958,
  level: 'http',
  message: 'incom-request',
  timestamp: '2024-09-22 02:47:37.626 PM'
}
{
  method: 'GET',
  url: '/api/v1/invoice/66f02d34697292a5d62e1ce3',
  status: 200,
  response_time: 11.105,
  level: 'http',
  message: 'incom-request',
  timestamp: '2024-09-22 02:47:39.820 PM'
}
{
  message: '\x1B[34m\x1B[1mMOngodb connected: mongodb\x1B[22m\x1B[39m',
  level: 'info',
  timestamp: '2024-09-22 02:48:08.948 PM'
}
{
  message: '\x1B[32m\x1B[1mcheck\x1B[22m\x1B[39m Server running in \x1B[33m\x1B[1mdevelopment\x1B[22m\x1B[39m mode on port \x1B[34m\x1B[1m1997\x1B[22m\x1B[39m',
  level: 'info',
  timestamp: '2024-09-22 02:48:08.952 PM'
}
{
  method: 'POST',
  url: '/api/v1/update/66f02d34697292a5d62e1ce3',
  status: 200,
  response_time: 58.03,
  level: 'http',
  message: 'incom-request',
  timestamp: '2024-09-22 02:48:25.514 PM'
}
{
  method: 'GET',
  url: '/api/v1/invoice/66f02d34697292a5d62e1ce3?time=0.09235692304335064',
  status: 200,
  response_time: 7.145,
  level: 'http',
  message: 'incom-request',
  timestamp: '2024-09-22 02:48:25.702 PM'
}
{
  method: 'GET',
  url: '/api/v1/invoice/66f02d34697292a5d62e1ce3',
  status: 200,
  response_time: 4.406,
  level: 'http',
  message: 'incom-request',
  timestamp: '2024-09-22 02:48:29.295 PM'
}
{
  method: 'POST',
  url: '/api/v1/update/66f02d34697292a5d62e1ce3',
  status: 200,
  response_time: 48.295,
  level: 'http',
  message: 'incom-request',
  timestamp: '2024-09-22 02:49:24.856 PM'
}
{
  method: 'GET',
  url: '/api/v1/invoice/66f02d34697292a5d62e1ce3?time=0.9063303606306148',
  status: 200,
  response_time: 9.305,
  level: 'http',
  message: 'incom-request',
  timestamp: '2024-09-22 02:49:25.025 PM'
}
{
  method: 'GET',
  url: '/api/v1/invoice/66f02d34697292a5d62e1ce3?time=0.3414243188569629',
  status: 200,
  response_time: 2.424,
  level: 'http',
  message: 'incom-request',
  timestamp: '2024-09-22 02:49:25.119 PM'
}
{
  method: 'GET',
  url: '/api/v1/invoice/66f02d34697292a5d62e1ce3',
  status: 200,
  response_time: 9.608,
  level: 'http',
  message: 'incom-request',
  timestamp: '2024-09-22 02:49:27.001 PM'
}
{
  message: '\x1B[34m\x1B[1mMOngodb connected: mongodb\x1B[22m\x1B[39m',
  level: 'info',
  timestamp: '2024-09-22 02:54:42.437 PM'
}
{
  message: '\x1B[32m\x1B[1mcheck\x1B[22m\x1B[39m Server running in \x1B[33m\x1B[1mdevelopment\x1B[22m\x1B[39m mode on port \x1B[34m\x1B[1m1997\x1B[22m\x1B[39m',
  level: 'info',
  timestamp: '2024-09-22 02:54:42.444 PM'
}
{
  method: 'POST',
  url: '/api/v1/update/66f02d34697292a5d62e1ce3',
  status: 200,
  response_time: 60.014,
  level: 'http',
  message: 'incom-request',
  timestamp: '2024-09-22 02:54:47.682 PM'
}
{
  method: 'GET',
  url: '/api/v1/invoice/66f02d34697292a5d62e1ce3?time=0.06327593602166293',
  status: 200,
  response_time: 2.984,
  level: 'http',
  message: 'incom-request',
  timestamp: '2024-09-22 02:54:47.922 PM'
}
{
  method: 'GET',
  url: '/api/v1/invoice/66f02d34697292a5d62e1ce3',
  status: 200,
  response_time: 7.004,
  level: 'http',
  message: 'incom-request',
  timestamp: '2024-09-22 02:54:49.879 PM'
}
{
  message: '\x1B[34m\x1B[1mMOngodb connected: mongodb\x1B[22m\x1B[39m',
  level: 'info',
  timestamp: '2024-09-22 02:59:33.661 PM'
}
{
  message: '\x1B[32m\x1B[1mcheck\x1B[22m\x1B[39m Server running in \x1B[33m\x1B[1mdevelopment\x1B[22m\x1B[39m mode on port \x1B[34m\x1B[1m1997\x1B[22m\x1B[39m',
  level: 'info',
  timestamp: '2024-09-22 02:59:33.665 PM'
}
{
  message: '\x1B[34m\x1B[1mMOngodb connected: mongodb\x1B[22m\x1B[39m',
  level: 'info',
  timestamp: '2024-09-22 02:59:34.693 PM'
}
{
  message: '\x1B[32m\x1B[1mcheck\x1B[22m\x1B[39m Server running in \x1B[33m\x1B[1mdevelopment\x1B[22m\x1B[39m mode on port \x1B[34m\x1B[1m1997\x1B[22m\x1B[39m',
  level: 'info',
  timestamp: '2024-09-22 02:59:34.698 PM'
}
{
  method: 'GET',
  url: '/api/v1/detail/66f02d34697292a5d62e1ce3',
  status: 200,
  response_time: 32.91,
  level: 'http',
  message: 'incom-request',
  timestamp: '2024-09-22 02:59:40.811 PM'
}
{
  method: 'GET',
  url: '/api/v1/invoice/66f02d34697292a5d62e1ce3?time=0.7221628344727579',
  status: 200,
  response_time: 4.588,
  level: 'http',
  message: 'incom-request',
  timestamp: '2024-09-22 02:59:41.004 PM'
}
{
  method: 'GET',
  url: '/api/v1/invoice/66f02d34697292a5d62e1ce3?time=0.8589306766512689',
  status: 200,
  response_time: 4.274,
  level: 'http',
  message: 'incom-request',
  timestamp: '2024-09-22 02:59:41.165 PM'
}
{
  method: 'GET',
  url: '/api/v1/invoice/66f02d34697292a5d62e1ce3',
  status: 200,
  response_time: 17.681,
  level: 'http',
  message: 'incom-request',
  timestamp: '2024-09-22 02:59:43.574 PM'
}
{
  message: '\x1B[34m\x1B[1mMOngodb connected: mongodb\x1B[22m\x1B[39m',
  level: 'info',
  timestamp: '2024-09-22 02:59:59.866 PM'
}
{
  message: '\x1B[32m\x1B[1mcheck\x1B[22m\x1B[39m Server running in \x1B[33m\x1B[1mdevelopment\x1B[22m\x1B[39m mode on port \x1B[34m\x1B[1m1997\x1B[22m\x1B[39m',
  level: 'info',
  timestamp: '2024-09-22 02:59:59.870 PM'
}
{
  message: '\x1B[34m\x1B[1mMOngodb connected: mongodb\x1B[22m\x1B[39m',
  level: 'info',
  timestamp: '2024-09-22 03:00:12.149 PM'
}
{
  message: '\x1B[32m\x1B[1mcheck\x1B[22m\x1B[39m Server running in \x1B[33m\x1B[1mdevelopment\x1B[22m\x1B[39m mode on port \x1B[34m\x1B[1m1997\x1B[22m\x1B[39m',
  level: 'info',
  timestamp: '2024-09-22 03:00:12.153 PM'
}
{
  method: 'GET',
  url: '/api/v1/detail/66f02d34697292a5d62e1ce3',
  status: 304,
  response_time: 28.263,
  level: 'http',
  message: 'incom-request',
  timestamp: '2024-09-22 03:00:14.668 PM'
}
{
  method: 'GET',
  url: '/api/v1/invoice/66f02d34697292a5d62e1ce3?time=0.8335649484456711',
  status: 200,
  response_time: 5.499,
  level: 'http',
  message: 'incom-request',
  timestamp: '2024-09-22 03:00:14.814 PM'
}
{
  method: 'GET',
  url: '/api/v1/invoice/66f02d34697292a5d62e1ce3?time=0.39931887838415603',
  status: 200,
  response_time: 2.38,
  level: 'http',
  message: 'incom-request',
  timestamp: '2024-09-22 03:00:14.943 PM'
}
{
  method: 'GET',
  url: '/api/v1/invoice/66f02d34697292a5d62e1ce3',
  status: 200,
  response_time: 19.416,
  level: 'http',
  message: 'incom-request',
  timestamp: '2024-09-22 03:00:16.803 PM'
}
{
  message: '\x1B[34m\x1B[1mMOngodb connected: mongodb\x1B[22m\x1B[39m',
  level: 'info',
  timestamp: '2024-09-22 03:01:31.161 PM'
}
{
  message: '\x1B[32m\x1B[1mcheck\x1B[22m\x1B[39m Server running in \x1B[33m\x1B[1mdevelopment\x1B[22m\x1B[39m mode on port \x1B[34m\x1B[1m1997\x1B[22m\x1B[39m',
  level: 'info',
  timestamp: '2024-09-22 03:01:31.165 PM'
}
{
  message: '\x1B[34m\x1B[1mMOngodb connected: mongodb\x1B[22m\x1B[39m',
  level: 'info',
  timestamp: '2024-09-22 03:01:33.671 PM'
}
{
  message: '\x1B[32m\x1B[1mcheck\x1B[22m\x1B[39m Server running in \x1B[33m\x1B[1mdevelopment\x1B[22m\x1B[39m mode on port \x1B[34m\x1B[1m1997\x1B[22m\x1B[39m',
  level: 'info',
  timestamp: '2024-09-22 03:01:33.675 PM'
}
{
  method: 'GET',
  url: '/api/v1/detail/66f02d34697292a5d62e1ce3',
  status: 304,
  response_time: 29,
  level: 'http',
  message: 'incom-request',
  timestamp: '2024-09-22 03:01:39.253 PM'
}
{
  method: 'GET',
  url: '/api/v1/invoice/66f02d34697292a5d62e1ce3?time=0.5997027041631906',
  status: 200,
  response_time: 5.029,
  level: 'http',
  message: 'incom-request',
  timestamp: '2024-09-22 03:01:39.859 PM'
}
{
  method: 'GET',
  url: '/api/v1/invoice/66f02d34697292a5d62e1ce3?time=0.5574181543575509',
  status: 200,
  response_time: 3.246,
  level: 'http',
  message: 'incom-request',
  timestamp: '2024-09-22 03:01:40.155 PM'
}
{
  method: 'POST',
  url: '/api/v1/update/66f02d34697292a5d62e1ce3',
  status: 200,
  response_time: 39.148,
  level: 'http',
  message: 'incom-request',
  timestamp: '2024-09-22 03:01:40.911 PM'
}
{
  method: 'GET',
  url: '/api/v1/invoice/66f02d34697292a5d62e1ce3?time=0.7940949604350162',
  status: 200,
  response_time: 4.956,
  level: 'http',
  message: 'incom-request',
  timestamp: '2024-09-22 03:01:41.065 PM'
}
{
  method: 'GET',
  url: '/api/v1/invoice/66f02d34697292a5d62e1ce3',
  status: 200,
  response_time: 13.047,
  level: 'http',
  message: 'incom-request',
  timestamp: '2024-09-22 03:01:43.265 PM'
}
{
  message: '\x1B[34m\x1B[1mMOngodb connected: mongodb\x1B[22m\x1B[39m',
  level: 'info',
  timestamp: '2024-09-22 03:01:56.217 PM'
}
{
  message: '\x1B[32m\x1B[1mcheck\x1B[22m\x1B[39m Server running in \x1B[33m\x1B[1mdevelopment\x1B[22m\x1B[39m mode on port \x1B[34m\x1B[1m1997\x1B[22m\x1B[39m',
  level: 'info',
  timestamp: '2024-09-22 03:01:56.221 PM'
}
{
  method: 'POST',
  url: '/api/v1/update/66f02d34697292a5d62e1ce3',
  status: 200,
  response_time: 63.424,
  level: 'http',
  message: 'incom-request',
  timestamp: '2024-09-22 03:02:11.266 PM'
}
{
  method: 'GET',
  url: '/api/v1/invoice/66f02d34697292a5d62e1ce3?time=0.620574712680287',
  status: 200,
  response_time: 3.545,
  level: 'http',
  message: 'incom-request',
  timestamp: '2024-09-22 03:02:11.454 PM'
}
{
  method: 'GET',
  url: '/api/v1/invoice/66f02d34697292a5d62e1ce3',
  status: 200,
  response_time: 6.671,
  level: 'http',
  message: 'incom-request',
  timestamp: '2024-09-22 03:02:12.611 PM'
}
{
  message: '\x1B[34m\x1B[1mMOngodb connected: mongodb\x1B[22m\x1B[39m',
  level: 'info',
  timestamp: '2024-09-22 03:02:35.053 PM'
}
{
  message: '\x1B[32m\x1B[1mcheck\x1B[22m\x1B[39m Server running in \x1B[33m\x1B[1mdevelopment\x1B[22m\x1B[39m mode on port \x1B[34m\x1B[1m1997\x1B[22m\x1B[39m',
  level: 'info',
  timestamp: '2024-09-22 03:02:35.061 PM'
}
{
  message: '\x1B[34m\x1B[1mMOngodb connected: mongodb\x1B[22m\x1B[39m',
  level: 'info',
  timestamp: '2024-09-22 03:04:27.215 PM'
}
{
  message: '\x1B[32m\x1B[1mcheck\x1B[22m\x1B[39m Server running in \x1B[33m\x1B[1mdevelopment\x1B[22m\x1B[39m mode on port \x1B[34m\x1B[1m1997\x1B[22m\x1B[39m',
  level: 'info',
  timestamp: '2024-09-22 03:04:27.219 PM'
}
{
  message: '\x1B[34m\x1B[1mMOngodb connected: mongodb\x1B[22m\x1B[39m',
  level: 'info',
  timestamp: '2024-09-22 03:04:31.276 PM'
}
{
  message: '\x1B[32m\x1B[1mcheck\x1B[22m\x1B[39m Server running in \x1B[33m\x1B[1mdevelopment\x1B[22m\x1B[39m mode on port \x1B[34m\x1B[1m1997\x1B[22m\x1B[39m',
  level: 'info',
  timestamp: '2024-09-22 03:04:31.281 PM'
}
{
  method: 'POST',
  url: '/api/v1/update/66f02d34697292a5d62e1ce3',
  status: 200,
  response_time: 62.363,
  level: 'http',
  message: 'incom-request',
  timestamp: '2024-09-22 03:04:45.405 PM'
}
{
  method: 'GET',
  url: '/api/v1/invoice/66f02d34697292a5d62e1ce3?time=0.9835465394104083',
  status: 200,
  response_time: 4.394,
  level: 'http',
  message: 'incom-request',
  timestamp: '2024-09-22 03:04:45.624 PM'
}
{
  method: 'GET',
  url: '/api/v1/invoice/66f02d34697292a5d62e1ce3',
  status: 200,
  response_time: 7.771,
  level: 'http',
  message: 'incom-request',
  timestamp: '2024-09-22 03:04:47.355 PM'
}
{
  message: '\x1B[34m\x1B[1mMOngodb connected: mongodb\x1B[22m\x1B[39m',
  level: 'info',
  timestamp: '2024-09-22 03:05:10.651 PM'
}
{
  message: '\x1B[32m\x1B[1mcheck\x1B[22m\x1B[39m Server running in \x1B[33m\x1B[1mdevelopment\x1B[22m\x1B[39m mode on port \x1B[34m\x1B[1m1997\x1B[22m\x1B[39m',
  level: 'info',
  timestamp: '2024-09-22 03:05:10.656 PM'
}
{
  message: '\x1B[34m\x1B[1mMOngodb connected: mongodb\x1B[22m\x1B[39m',
  level: 'info',
  timestamp: '2024-09-22 03:05:34.518 PM'
}
{
  message: '\x1B[32m\x1B[1mcheck\x1B[22m\x1B[39m Server running in \x1B[33m\x1B[1mdevelopment\x1B[22m\x1B[39m mode on port \x1B[34m\x1B[1m1997\x1B[22m\x1B[39m',
  level: 'info',
  timestamp: '2024-09-22 03:05:34.522 PM'
}
{
  message: '\x1B[34m\x1B[1mMOngodb connected: mongodb\x1B[22m\x1B[39m',
  level: 'info',
  timestamp: '2024-09-22 03:05:36.034 PM'
}
{
  message: '\x1B[32m\x1B[1mcheck\x1B[22m\x1B[39m Server running in \x1B[33m\x1B[1mdevelopment\x1B[22m\x1B[39m mode on port \x1B[34m\x1B[1m1997\x1B[22m\x1B[39m',
  level: 'info',
  timestamp: '2024-09-22 03:05:36.039 PM'
}
{
  method: 'GET',
  url: '/api/v1/detail/66f02d34697292a5d62e1ce3',
  status: 200,
  response_time: 32.614,
  level: 'http',
  message: 'incom-request',
  timestamp: '2024-09-22 03:05:51.010 PM'
}
{
  method: 'GET',
  url: '/api/v1/invoice/66f02d34697292a5d62e1ce3?time=0.22121307068056395',
  status: 200,
  response_time: 6.708,
  level: 'http',
  message: 'incom-request',
  timestamp: '2024-09-22 03:05:51.282 PM'
}
{
  method: 'GET',
  url: '/api/v1/invoice/66f02d34697292a5d62e1ce3?time=0.6365595521794043',
  status: 200,
  response_time: 2.073,
  level: 'http',
  message: 'incom-request',
  timestamp: '2024-09-22 03:05:51.398 PM'
}
{
  method: 'GET',
  url: '/api/v1/invoice/66f02d34697292a5d62e1ce3',
  status: 200,
  response_time: 6.203,
  level: 'http',
  message: 'incom-request',
  timestamp: '2024-09-22 03:05:52.852 PM'
}
{
  message: '\x1B[34m\x1B[1mMOngodb connected: mongodb\x1B[22m\x1B[39m',
  level: 'info',
  timestamp: '2024-09-22 03:07:04.249 PM'
}
{
  message: '\x1B[32m\x1B[1mcheck\x1B[22m\x1B[39m Server running in \x1B[33m\x1B[1mdevelopment\x1B[22m\x1B[39m mode on port \x1B[34m\x1B[1m1997\x1B[22m\x1B[39m',
  level: 'info',
  timestamp: '2024-09-22 03:07:04.254 PM'
}
{
  method: 'GET',
  url: '/api/v1/detail/66f02d34697292a5d62e1ce3',
  status: 304,
  response_time: 30.439,
  level: 'http',
  message: 'incom-request',
  timestamp: '2024-09-22 03:07:09.923 PM'
}
{
  method: 'GET',
  url: '/api/v1/invoice/66f02d34697292a5d62e1ce3?time=0.7185680571877474',
  status: 200,
  response_time: 4.584,
  level: 'http',
  message: 'incom-request',
  timestamp: '2024-09-22 03:07:10.075 PM'
}
{
  method: 'GET',
  url: '/api/v1/invoice/66f02d34697292a5d62e1ce3?time=0.16414457840029362',
  status: 200,
  response_time: 2.49,
  level: 'http',
  message: 'incom-request',
  timestamp: '2024-09-22 03:07:10.196 PM'
}
{
  method: 'GET',
  url: '/api/v1/invoice/66f02d34697292a5d62e1ce3',
  status: 200,
  response_time: 4.598,
  level: 'http',
  message: 'incom-request',
  timestamp: '2024-09-22 03:07:12.570 PM'
}
{
  message: '\x1B[34m\x1B[1mMOngodb connected: mongodb\x1B[22m\x1B[39m',
  level: 'info',
  timestamp: '2024-09-22 03:10:41.609 PM'
}
{
  message: '\x1B[32m\x1B[1mcheck\x1B[22m\x1B[39m Server running in \x1B[33m\x1B[1mdevelopment\x1B[22m\x1B[39m mode on port \x1B[34m\x1B[1m1997\x1B[22m\x1B[39m',
  level: 'info',
  timestamp: '2024-09-22 03:10:41.613 PM'
}
{
  method: 'POST',
  url: '/api/v1/update/66f02d34697292a5d62e1ce3',
  status: 200,
  response_time: 56.845,
  level: 'http',
  message: 'incom-request',
  timestamp: '2024-09-22 03:10:50.474 PM'
}
{
  error: ReferenceError: se is not defined
      at buildPDF (file:///app/backend/libs/pdfkit.js:186:86)
      at file:///app/backend/routes/index.js:41:3
      at processTicksAndRejections (node:internal/process/task_queues:96:5),
  level: 'error',
  message: 'unhandledRejection: se is not defined\n' +
    'ReferenceError: se is not defined\n' +
    '    at buildPDF (file:///app/backend/libs/pdfkit.js:186:86)\n' +
    '    at file:///app/backend/routes/index.js:41:3\n' +
    '    at processTicksAndRejections (node:internal/process/task_queues:96:5)',
  stack: 'ReferenceError: se is not defined\n' +
    '    at buildPDF (file:///app/backend/libs/pdfkit.js:186:86)\n' +
    '    at file:///app/backend/routes/index.js:41:3\n' +
    '    at processTicksAndRejections (node:internal/process/task_queues:96:5)',
  rejection: true,
  date: 'Sun Sep 22 2024 15:10:50 GMT+0000 (Coordinated Universal Time)',
  process: {
    pid: 285,
    uid: 100,
    gid: 101,
    cwd: '/app',
    execPath: '/usr/local/bin/node',
    version: 'v16.13.1',
    argv: [ '/usr/local/bin/node', '/app/backend/server.js' ],
    memoryUsage: {
      rss: 92172288,
      heapTotal: 37593088,
      heapUsed: 32077328,
      external: 19839157,
      arrayBuffers: 18728893
    }
  },
  os: { loadavg: [ 0.61, 0.49, 0.52 ], uptime: 108711.99 },
  trace: [
    {
      column: 86,
      file: 'file:///app/backend/libs/pdfkit.js',
      function: 'buildPDF',
      line: 186,
      method: null,
      native: false
    },
    {
      column: 3,
      file: 'file:///app/backend/routes/index.js',
      function: null,
      line: 41,
      method: null,
      native: false
    },
    {
      column: 5,
      file: 'node:internal/process/task_queues',
      function: 'processTicksAndRejections',
      line: 96,
      method: null,
      native: false
    }
  ],
  timestamp: '2024-09-22 03:10:50.762 PM'
}
{
  message: '\x1B[34m\x1B[1mMOngodb connected: mongodb\x1B[22m\x1B[39m',
  level: 'info',
  timestamp: '2024-09-22 03:13:51.872 PM'
}
{
  message: '\x1B[32m\x1B[1mcheck\x1B[22m\x1B[39m Server running in \x1B[33m\x1B[1mdevelopment\x1B[22m\x1B[39m mode on port \x1B[34m\x1B[1m1997\x1B[22m\x1B[39m',
  level: 'info',
  timestamp: '2024-09-22 03:13:51.879 PM'
}
{
  method: 'GET',
  url: '/api/v1/detail/66f02d34697292a5d62e1ce3',
  status: 304,
  response_time: 22.851,
  level: 'http',
  message: 'incom-request',
  timestamp: '2024-09-22 03:14:00.804 PM'
}
{
  error: ReferenceError: se is not defined
      at buildPDF (file:///app/backend/libs/pdfkit.js:186:86)
      at file:///app/backend/routes/index.js:41:3
      at processTicksAndRejections (node:internal/process/task_queues:96:5),
  level: 'error',
  message: 'unhandledRejection: se is not defined\n' +
    'ReferenceError: se is not defined\n' +
    '    at buildPDF (file:///app/backend/libs/pdfkit.js:186:86)\n' +
    '    at file:///app/backend/routes/index.js:41:3\n' +
    '    at processTicksAndRejections (node:internal/process/task_queues:96:5)',
  stack: 'ReferenceError: se is not defined\n' +
    '    at buildPDF (file:///app/backend/libs/pdfkit.js:186:86)\n' +
    '    at file:///app/backend/routes/index.js:41:3\n' +
    '    at processTicksAndRejections (node:internal/process/task_queues:96:5)',
  rejection: true,
  date: 'Sun Sep 22 2024 15:14:00 GMT+0000 (Coordinated Universal Time)',
  process: {
    pid: 296,
    uid: 100,
    gid: 101,
    cwd: '/app',
    execPath: '/usr/local/bin/node',
    version: 'v16.13.1',
    argv: [ '/usr/local/bin/node', '/app/backend/server.js' ],
    memoryUsage: {
      rss: 90451968,
      heapTotal: 36544512,
      heapUsed: 30732296,
      external: 19832620,
      arrayBuffers: 18722356
    }
  },
  os: { loadavg: [ 0.67, 0.52, 0.52 ], uptime: 108902.2 },
  trace: [
    {
      column: 86,
      file: 'file:///app/backend/libs/pdfkit.js',
      function: 'buildPDF',
      line: 186,
      method: null,
      native: false
    },
    {
      column: 3,
      file: 'file:///app/backend/routes/index.js',
      function: null,
      line: 41,
      method: null,
      native: false
    },
    {
      column: 5,
      file: 'node:internal/process/task_queues',
      function: 'processTicksAndRejections',
      line: 96,
      method: null,
      native: false
    }
  ],
  timestamp: '2024-09-22 03:14:00.976 PM'
}
{
  message: '\x1B[34m\x1B[1mMOngodb connected: mongodb\x1B[22m\x1B[39m',
  level: 'info',
  timestamp: '2024-09-22 03:14:25.704 PM'
}
{
  message: '\x1B[32m\x1B[1mcheck\x1B[22m\x1B[39m Server running in \x1B[33m\x1B[1mdevelopment\x1B[22m\x1B[39m mode on port \x1B[34m\x1B[1m1997\x1B[22m\x1B[39m',
  level: 'info',
  timestamp: '2024-09-22 03:14:25.712 PM'
}
{
  method: 'GET',
  url: '/api/v1/detail/66f02d34697292a5d62e1ce3',
  status: 200,
  response_time: 19.38,
  level: 'http',
  message: 'incom-request',
  timestamp: '2024-09-22 03:14:27.916 PM'
}
{
  method: 'GET',
  url: '/api/v1/invoice/66f02d34697292a5d62e1ce3?time=0.6817816988303818',
  status: 200,
  response_time: 5.126,
  level: 'http',
  message: 'incom-request',
  timestamp: '2024-09-22 03:14:28.068 PM'
}
{
  method: 'GET',
  url: '/api/v1/invoice/66f02d34697292a5d62e1ce3?time=0.7249093306927866',
  status: 200,
  response_time: 2.376,
  level: 'http',
  message: 'incom-request',
  timestamp: '2024-09-22 03:14:28.186 PM'
}
{
  message: '\x1B[34m\x1B[1mMOngodb connected: mongodb\x1B[22m\x1B[39m',
  level: 'info',
  timestamp: '2024-09-22 03:14:35.000 PM'
}
{
  message: '\x1B[32m\x1B[1mcheck\x1B[22m\x1B[39m Server running in \x1B[33m\x1B[1mdevelopment\x1B[22m\x1B[39m mode on port \x1B[34m\x1B[1m1997\x1B[22m\x1B[39m',
  level: 'info',
  timestamp: '2024-09-22 03:14:35.012 PM'
}
{
  method: 'GET',
  url: '/api/v1/detail/66f02d34697292a5d62e1ce3',
  status: 304,
  response_time: 33.575,
  level: 'http',
  message: 'incom-request',
  timestamp: '2024-09-22 03:14:36.638 PM'
}
{
  method: 'GET',
  url: '/api/v1/invoice/66f02d34697292a5d62e1ce3?time=0.2745417089704544',
  status: 200,
  response_time: 4.514,
  level: 'http',
  message: 'incom-request',
  timestamp: '2024-09-22 03:14:36.807 PM'
}
{
  method: 'GET',
  url: '/api/v1/invoice/66f02d34697292a5d62e1ce3?time=0.7640282997417793',
  status: 200,
  response_time: 9.337,
  level: 'http',
  message: 'incom-request',
  timestamp: '2024-09-22 03:14:36.954 PM'
}
{
  method: 'GET',
  url: '/api/v1/invoice/66f02d34697292a5d62e1ce3',
  status: 200,
  response_time: 7.261,
  level: 'http',
  message: 'incom-request',
  timestamp: '2024-09-22 03:14:38.521 PM'
}
{
  message: '\x1B[34m\x1B[1mMOngodb connected: mongodb\x1B[22m\x1B[39m',
  level: 'info',
  timestamp: '2024-09-22 03:25:15.120 PM'
}
{
  message: '\x1B[32m\x1B[1mcheck\x1B[22m\x1B[39m Server running in \x1B[33m\x1B[1mdevelopment\x1B[22m\x1B[39m mode on port \x1B[34m\x1B[1m1997\x1B[22m\x1B[39m',
  level: 'info',
  timestamp: '2024-09-22 03:25:15.124 PM'
}
{
  message: '\x1B[34m\x1B[1mMOngodb connected: mongodb\x1B[22m\x1B[39m',
  level: 'info',
  timestamp: '2024-09-22 03:25:37.122 PM'
}
{
  message: '\x1B[32m\x1B[1mcheck\x1B[22m\x1B[39m Server running in \x1B[33m\x1B[1mdevelopment\x1B[22m\x1B[39m mode on port \x1B[34m\x1B[1m1997\x1B[22m\x1B[39m',
  level: 'info',
  timestamp: '2024-09-22 03:25:37.126 PM'
}
{
  message: '\x1B[34m\x1B[1mMOngodb connected: mongodb\x1B[22m\x1B[39m',
  level: 'info',
  timestamp: '2024-09-22 03:25:45.813 PM'
}
{
  message: '\x1B[32m\x1B[1mcheck\x1B[22m\x1B[39m Server running in \x1B[33m\x1B[1mdevelopment\x1B[22m\x1B[39m mode on port \x1B[34m\x1B[1m1997\x1B[22m\x1B[39m',
  level: 'info',
  timestamp: '2024-09-22 03:25:45.816 PM'
}
{
  message: '\x1B[34m\x1B[1mMOngodb connected: mongodb\x1B[22m\x1B[39m',
  level: 'info',
  timestamp: '2024-09-22 03:25:51.742 PM'
}
{
  message: '\x1B[32m\x1B[1mcheck\x1B[22m\x1B[39m Server running in \x1B[33m\x1B[1mdevelopment\x1B[22m\x1B[39m mode on port \x1B[34m\x1B[1m1997\x1B[22m\x1B[39m',
  level: 'info',
  timestamp: '2024-09-22 03:25:51.746 PM'
}
{
  message: '\x1B[34m\x1B[1mMOngodb connected: mongodb\x1B[22m\x1B[39m',
  level: 'info',
  timestamp: '2024-09-22 03:25:55.857 PM'
}
{
  message: '\x1B[32m\x1B[1mcheck\x1B[22m\x1B[39m Server running in \x1B[33m\x1B[1mdevelopment\x1B[22m\x1B[39m mode on port \x1B[34m\x1B[1m1997\x1B[22m\x1B[39m',
  level: 'info',
  timestamp: '2024-09-22 03:25:55.861 PM'
}
{
  message: '\x1B[34m\x1B[1mMOngodb connected: mongodb\x1B[22m\x1B[39m',
  level: 'info',
  timestamp: '2024-09-22 03:26:02.426 PM'
}
{
  message: '\x1B[32m\x1B[1mcheck\x1B[22m\x1B[39m Server running in \x1B[33m\x1B[1mdevelopment\x1B[22m\x1B[39m mode on port \x1B[34m\x1B[1m1997\x1B[22m\x1B[39m',
  level: 'info',
  timestamp: '2024-09-22 03:26:02.430 PM'
}
{
  message: '\x1B[34m\x1B[1mMOngodb connected: mongodb\x1B[22m\x1B[39m',
  level: 'info',
  timestamp: '2024-09-22 03:26:05.898 PM'
}
{
  message: '\x1B[32m\x1B[1mcheck\x1B[22m\x1B[39m Server running in \x1B[33m\x1B[1mdevelopment\x1B[22m\x1B[39m mode on port \x1B[34m\x1B[1m1997\x1B[22m\x1B[39m',
  level: 'info',
  timestamp: '2024-09-22 03:26:05.903 PM'
}
{
  method: 'GET',
  url: '/api/v1/detail/66f02d34697292a5d62e1ce3',
  status: 304,
  response_time: 25.888,
  level: 'http',
  message: 'incom-request',
  timestamp: '2024-09-22 03:26:15.789 PM'
}
{
  method: 'GET',
  url: '/api/v1/invoice/66f02d34697292a5d62e1ce3?time=0.6865033684206004',
  status: 200,
  response_time: 6.589,
  level: 'http',
  message: 'incom-request',
  timestamp: '2024-09-22 03:26:15.995 PM'
}
{
  method: 'GET',
  url: '/api/v1/invoice/66f02d34697292a5d62e1ce3?time=0.6020678946882835',
  status: 200,
  response_time: 2.61,
  level: 'http',
  message: 'incom-request',
  timestamp: '2024-09-22 03:26:16.103 PM'
}
{
  method: 'GET',
  url: '/api/v1/invoice/66f02d34697292a5d62e1ce3',
  status: 200,
  response_time: 6.974,
  level: 'http',
  message: 'incom-request',
  timestamp: '2024-09-22 03:26:17.897 PM'
}
{
  method: 'GET',
  url: '/api/v1/detail/66efb8e39b51b858d60a33c4',
  status: 200,
  response_time: 10.81,
  level: 'http',
  message: 'incom-request',
  timestamp: '2024-09-22 03:27:50.531 PM'
}
{
  method: 'GET',
  url: '/api/v1/invoice/66efb8e39b51b858d60a33c4?time=0.6684832485484984',
  status: 200,
  response_time: 2.016,
  level: 'http',
  message: 'incom-request',
  timestamp: '2024-09-22 03:27:50.635 PM'
}
{
  method: 'GET',
  url: '/api/v1/invoice/66efb8e39b51b858d60a33c4?time=0.2593771014080706',
  status: 200,
  response_time: 3.186,
  level: 'http',
  message: 'incom-request',
  timestamp: '2024-09-22 03:27:50.701 PM'
}
{
  message: '\x1B[34m\x1B[1mMOngodb connected: mongodb\x1B[22m\x1B[39m',
  level: 'info',
  timestamp: '2024-09-22 03:29:35.975 PM'
}
{
  message: '\x1B[32m\x1B[1mcheck\x1B[22m\x1B[39m Server running in \x1B[33m\x1B[1mdevelopment\x1B[22m\x1B[39m mode on port \x1B[34m\x1B[1m1997\x1B[22m\x1B[39m',
  level: 'info',
  timestamp: '2024-09-22 03:29:35.979 PM'
}
{
  message: '\x1B[34m\x1B[1mMOngodb connected: mongodb\x1B[22m\x1B[39m',
  level: 'info',
  timestamp: '2024-09-22 03:29:43.728 PM'
}
{
  message: '\x1B[32m\x1B[1mcheck\x1B[22m\x1B[39m Server running in \x1B[33m\x1B[1mdevelopment\x1B[22m\x1B[39m mode on port \x1B[34m\x1B[1m1997\x1B[22m\x1B[39m',
  level: 'info',
  timestamp: '2024-09-22 03:29:43.732 PM'
}
{
  message: '\x1B[34m\x1B[1mMOngodb connected: mongodb\x1B[22m\x1B[39m',
  level: 'info',
  timestamp: '2024-09-22 03:30:11.679 PM'
}
{
  message: '\x1B[32m\x1B[1mcheck\x1B[22m\x1B[39m Server running in \x1B[33m\x1B[1mdevelopment\x1B[22m\x1B[39m mode on port \x1B[34m\x1B[1m1997\x1B[22m\x1B[39m',
  level: 'info',
  timestamp: '2024-09-22 03:30:11.684 PM'
}
{
  message: '\x1B[34m\x1B[1mMOngodb connected: mongodb\x1B[22m\x1B[39m',
  level: 'info',
  timestamp: '2024-09-22 03:33:46.513 PM'
}
{
  message: '\x1B[32m\x1B[1mcheck\x1B[22m\x1B[39m Server running in \x1B[33m\x1B[1mdevelopment\x1B[22m\x1B[39m mode on port \x1B[34m\x1B[1m1997\x1B[22m\x1B[39m',
  level: 'info',
  timestamp: '2024-09-22 03:33:46.519 PM'
}
{
  method: 'GET',
  url: '/api/v1/detail/66f02d34697292a5d62e1ce3',
  status: 200,
  response_time: 64.083,
  level: 'http',
  message: 'incom-request',
  timestamp: '2024-09-22 03:33:50.979 PM'
}
{
  method: 'GET',
  url: '/api/v1/invoice/66f02d34697292a5d62e1ce3?time=0.37533805706209344',
  status: 200,
  response_time: 5.272,
  level: 'http',
  message: 'incom-request',
  timestamp: '2024-09-22 03:33:51.205 PM'
}
{
  method: 'GET',
  url: '/api/v1/invoice/66f02d34697292a5d62e1ce3?time=0.8384834674819119',
  status: 200,
  response_time: 3.029,
  level: 'http',
  message: 'incom-request',
  timestamp: '2024-09-22 03:33:51.326 PM'
}
{
  method: 'GET',
  url: '/api/v1/invoice/66f02d34697292a5d62e1ce3',
  status: 200,
  response_time: 20.733,
  level: 'http',
  message: 'incom-request',
  timestamp: '2024-09-22 03:33:52.937 PM'
}
{
  message: '\x1B[34m\x1B[1mMOngodb connected: mongodb\x1B[22m\x1B[39m',
  level: 'info',
  timestamp: '2024-09-22 03:34:20.302 PM'
}
{
  message: '\x1B[32m\x1B[1mcheck\x1B[22m\x1B[39m Server running in \x1B[33m\x1B[1mdevelopment\x1B[22m\x1B[39m mode on port \x1B[34m\x1B[1m1997\x1B[22m\x1B[39m',
  level: 'info',
  timestamp: '2024-09-22 03:34:20.312 PM'
}
{
  method: 'GET',
  url: '/api/v1/detail/66f02d34697292a5d62e1ce3',
  status: 304,
  response_time: 36.877,
  level: 'http',
  message: 'incom-request',
  timestamp: '2024-09-22 03:34:27.510 PM'
}
{
  method: 'GET',
  url: '/api/v1/invoice/66f02d34697292a5d62e1ce3?time=0.11453265117669253',
  status: 200,
  response_time: 12.037,
  level: 'http',
  message: 'incom-request',
  timestamp: '2024-09-22 03:34:27.734 PM'
}
{
  method: 'GET',
  url: '/api/v1/invoice/66f02d34697292a5d62e1ce3?time=0.7287193545883558',
  status: 200,
  response_time: 3.117,
  level: 'http',
  message: 'incom-request',
  timestamp: '2024-09-22 03:34:27.870 PM'
}
{
  method: 'GET',
  url: '/api/v1/invoice/66f02d34697292a5d62e1ce3',
  status: 200,
  response_time: 6.886,
  level: 'http',
  message: 'incom-request',
  timestamp: '2024-09-22 03:34:29.128 PM'
}
{
  message: '\x1B[34m\x1B[1mMOngodb connected: mongodb\x1B[22m\x1B[39m',
  level: 'info',
  timestamp: '2024-09-22 03:58:26.617 PM'
}
{
  message: '\x1B[32m\x1B[1mcheck\x1B[22m\x1B[39m Server running in \x1B[33m\x1B[1mdevelopment\x1B[22m\x1B[39m mode on port \x1B[34m\x1B[1m1997\x1B[22m\x1B[39m',
  level: 'info',
  timestamp: '2024-09-22 03:58:26.621 PM'
}
{
  message: '\x1B[34m\x1B[1mMOngodb connected: mongodb\x1B[22m\x1B[39m',
  level: 'info',
  timestamp: '2024-09-22 03:58:42.214 PM'
}
{
  message: '\x1B[32m\x1B[1mcheck\x1B[22m\x1B[39m Server running in \x1B[33m\x1B[1mdevelopment\x1B[22m\x1B[39m mode on port \x1B[34m\x1B[1m1997\x1B[22m\x1B[39m',
  level: 'info',
  timestamp: '2024-09-22 03:58:42.219 PM'
}
{
  message: '\x1B[34m\x1B[1mMOngodb connected: mongodb\x1B[22m\x1B[39m',
  level: 'info',
  timestamp: '2024-09-22 03:59:00.517 PM'
}
{
  message: '\x1B[32m\x1B[1mcheck\x1B[22m\x1B[39m Server running in \x1B[33m\x1B[1mdevelopment\x1B[22m\x1B[39m mode on port \x1B[34m\x1B[1m1997\x1B[22m\x1B[39m',
  level: 'info',
  timestamp: '2024-09-22 03:59:00.523 PM'
}
{
  message: '\x1B[34m\x1B[1mMOngodb connected: mongodb\x1B[22m\x1B[39m',
  level: 'info',
  timestamp: '2024-09-22 03:59:12.089 PM'
}
{
  message: '\x1B[32m\x1B[1mcheck\x1B[22m\x1B[39m Server running in \x1B[33m\x1B[1mdevelopment\x1B[22m\x1B[39m mode on port \x1B[34m\x1B[1m1997\x1B[22m\x1B[39m',
  level: 'info',
  timestamp: '2024-09-22 03:59:12.093 PM'
}
{
  message: '\x1B[34m\x1B[1mMOngodb connected: mongodb\x1B[22m\x1B[39m',
  level: 'info',
  timestamp: '2024-09-22 03:59:28.935 PM'
}
{
  message: '\x1B[32m\x1B[1mcheck\x1B[22m\x1B[39m Server running in \x1B[33m\x1B[1mdevelopment\x1B[22m\x1B[39m mode on port \x1B[34m\x1B[1m1997\x1B[22m\x1B[39m',
  level: 'info',
  timestamp: '2024-09-22 03:59:28.939 PM'
}
{
  method: 'GET',
  url: '/api/v1/detail/66f02d34697292a5d62e1ce3',
  status: 304,
  response_time: 27.973,
  level: 'http',
  message: 'incom-request',
  timestamp: '2024-09-22 03:59:43.051 PM'
}
{
  method: 'GET',
  url: '/api/v1/invoice/66f02d34697292a5d62e1ce3?time=0.4467580046079881',
  status: 200,
  response_time: 5.568,
  level: 'http',
  message: 'incom-request',
  timestamp: '2024-09-22 03:59:43.235 PM'
}
{
  method: 'GET',
  url: '/api/v1/invoice/66f02d34697292a5d62e1ce3?time=0.1546469191979829',
  status: 200,
  response_time: 2.411,
  level: 'http',
  message: 'incom-request',
  timestamp: '2024-09-22 03:59:43.362 PM'
}
{
  method: 'GET',
  url: '/api/v1/invoice/66f02d34697292a5d62e1ce3',
  status: 200,
  response_time: 7.968,
  level: 'http',
  message: 'incom-request',
  timestamp: '2024-09-22 03:59:44.959 PM'
}
{
  message: '\x1B[34m\x1B[1mMOngodb connected: mongodb\x1B[22m\x1B[39m',
  level: 'info',
  timestamp: '2024-09-22 04:00:05.253 PM'
}
{
  message: '\x1B[32m\x1B[1mcheck\x1B[22m\x1B[39m Server running in \x1B[33m\x1B[1mdevelopment\x1B[22m\x1B[39m mode on port \x1B[34m\x1B[1m1997\x1B[22m\x1B[39m',
  level: 'info',
  timestamp: '2024-09-22 04:00:05.257 PM'
}
{
  message: '\x1B[34m\x1B[1mMOngodb connected: mongodb\x1B[22m\x1B[39m',
  level: 'info',
  timestamp: '2024-09-22 04:00:14.670 PM'
}
{
  message: '\x1B[32m\x1B[1mcheck\x1B[22m\x1B[39m Server running in \x1B[33m\x1B[1mdevelopment\x1B[22m\x1B[39m mode on port \x1B[34m\x1B[1m1997\x1B[22m\x1B[39m',
  level: 'info',
  timestamp: '2024-09-22 04:00:14.675 PM'
}
{
  message: '\x1B[34m\x1B[1mMOngodb connected: mongodb\x1B[22m\x1B[39m',
  level: 'info',
  timestamp: '2024-09-22 04:00:20.421 PM'
}
{
  message: '\x1B[32m\x1B[1mcheck\x1B[22m\x1B[39m Server running in \x1B[33m\x1B[1mdevelopment\x1B[22m\x1B[39m mode on port \x1B[34m\x1B[1m1997\x1B[22m\x1B[39m',
  level: 'info',
  timestamp: '2024-09-22 04:00:20.425 PM'
}
{
  method: 'GET',
  url: '/api/v1/detail/66f02d34697292a5d62e1ce3',
  status: 304,
  response_time: 25.247,
  level: 'http',
  message: 'incom-request',
  timestamp: '2024-09-22 04:00:26.013 PM'
}
{
  method: 'GET',
  url: '/api/v1/invoice/66f02d34697292a5d62e1ce3?time=0.14975136837310676',
  status: 200,
  response_time: 4.914,
  level: 'http',
  message: 'incom-request',
  timestamp: '2024-09-22 04:00:26.182 PM'
}
{
  method: 'GET',
  url: '/api/v1/invoice/66f02d34697292a5d62e1ce3?time=0.5813517639671868',
  status: 200,
  response_time: 5.091,
  level: 'http',
  message: 'incom-request',
  timestamp: '2024-09-22 04:00:26.310 PM'
}
{
  method: 'GET',
  url: '/api/v1/invoice/66f02d34697292a5d62e1ce3',
  status: 200,
  response_time: 6.837,
  level: 'http',
  message: 'incom-request',
  timestamp: '2024-09-22 04:00:27.615 PM'
}
{
  method: 'GET',
  url: '/api/v1/invoice/66f02d34697292a5d62e1ce3',
  status: 200,
  response_time: 18.214,
  level: 'http',
  message: 'incom-request',
  timestamp: '2024-09-22 04:00:48.234 PM'
}
{
  message: '\x1B[34m\x1B[1mMOngodb connected: mongodb\x1B[22m\x1B[39m',
  level: 'info',
  timestamp: '2024-09-22 04:01:17.313 PM'
}
{
  message: '\x1B[32m\x1B[1mcheck\x1B[22m\x1B[39m Server running in \x1B[33m\x1B[1mdevelopment\x1B[22m\x1B[39m mode on port \x1B[34m\x1B[1m1997\x1B[22m\x1B[39m',
  level: 'info',
  timestamp: '2024-09-22 04:01:17.317 PM'
}
{
  message: '\x1B[34m\x1B[1mMOngodb connected: mongodb\x1B[22m\x1B[39m',
  level: 'info',
  timestamp: '2024-09-22 04:02:06.020 PM'
}
{
  message: '\x1B[32m\x1B[1mcheck\x1B[22m\x1B[39m Server running in \x1B[33m\x1B[1mdevelopment\x1B[22m\x1B[39m mode on port \x1B[34m\x1B[1m1997\x1B[22m\x1B[39m',
  level: 'info',
  timestamp: '2024-09-22 04:02:06.025 PM'
}
{
  message: '\x1B[34m\x1B[1mMOngodb connected: mongodb\x1B[22m\x1B[39m',
  level: 'info',
  timestamp: '2024-09-22 04:02:09.555 PM'
}
{
  message: '\x1B[32m\x1B[1mcheck\x1B[22m\x1B[39m Server running in \x1B[33m\x1B[1mdevelopment\x1B[22m\x1B[39m mode on port \x1B[34m\x1B[1m1997\x1B[22m\x1B[39m',
  level: 'info',
  timestamp: '2024-09-22 04:02:09.559 PM'
}
{
  method: 'GET',
  url: '/api/v1/detail/66f02d34697292a5d62e1ce3',
  status: 304,
  response_time: 42.085,
  level: 'http',
  message: 'incom-request',
  timestamp: '2024-09-22 04:02:16.751 PM'
}
{
  method: 'GET',
  url: '/api/v1/invoice/66f02d34697292a5d62e1ce3?time=0.6088155333044872',
  status: 200,
  response_time: 4.334,
  level: 'http',
  message: 'incom-request',
  timestamp: '2024-09-22 04:02:16.899 PM'
}
{
  method: 'GET',
  url: '/api/v1/invoice/66f02d34697292a5d62e1ce3?time=0.2573568689066943',
  status: 200,
  response_time: 2.374,
  level: 'http',
  message: 'incom-request',
  timestamp: '2024-09-22 04:02:17.004 PM'
}
{
  method: 'GET',
  url: '/api/v1/invoice/66f02d34697292a5d62e1ce3',
  status: 200,
  response_time: 7.093,
  level: 'http',
  message: 'incom-request',
  timestamp: '2024-09-22 04:02:18.384 PM'
}
{
  message: '\x1B[34m\x1B[1mMOngodb connected: mongodb\x1B[22m\x1B[39m',
  level: 'info',
  timestamp: '2024-09-22 04:02:32.818 PM'
}
{
  message: '\x1B[32m\x1B[1mcheck\x1B[22m\x1B[39m Server running in \x1B[33m\x1B[1mdevelopment\x1B[22m\x1B[39m mode on port \x1B[34m\x1B[1m1997\x1B[22m\x1B[39m',
  level: 'info',
  timestamp: '2024-09-22 04:02:32.823 PM'
}
{
  method: 'GET',
  url: '/api/v1/detail/66f02d34697292a5d62e1ce3',
  status: 304,
  response_time: 28.174,
  level: 'http',
  message: 'incom-request',
  timestamp: '2024-09-22 04:02:36.365 PM'
}
{
  method: 'GET',
  url: '/api/v1/invoice/66f02d34697292a5d62e1ce3?time=0.5758034089847419',
  status: 200,
  response_time: 5.663,
  level: 'http',
  message: 'incom-request',
  timestamp: '2024-09-22 04:02:36.536 PM'
}
{
  method: 'GET',
  url: '/api/v1/invoice/66f02d34697292a5d62e1ce3?time=0.4147830680371154',
  status: 200,
  response_time: 2.721,
  level: 'http',
  message: 'incom-request',
  timestamp: '2024-09-22 04:02:36.776 PM'
}
{
  method: 'GET',
  url: '/api/v1/invoice/66f02d34697292a5d62e1ce3',
  status: 200,
  response_time: 6.404,
  level: 'http',
  message: 'incom-request',
  timestamp: '2024-09-22 04:02:37.881 PM'
}
{
  message: '\x1B[34m\x1B[1mMOngodb connected: mongodb\x1B[22m\x1B[39m',
  level: 'info',
  timestamp: '2024-09-22 04:02:53.441 PM'
}
{
  message: '\x1B[32m\x1B[1mcheck\x1B[22m\x1B[39m Server running in \x1B[33m\x1B[1mdevelopment\x1B[22m\x1B[39m mode on port \x1B[34m\x1B[1m1997\x1B[22m\x1B[39m',
  level: 'info',
  timestamp: '2024-09-22 04:02:53.445 PM'
}
{
  method: 'GET',
  url: '/api/v1/detail/66f02d34697292a5d62e1ce3',
  status: 304,
  response_time: 20.422,
  level: 'http',
  message: 'incom-request',
  timestamp: '2024-09-22 04:02:55.538 PM'
}
{
  method: 'GET',
  url: '/api/v1/invoice/66f02d34697292a5d62e1ce3?time=0.5294556205072952',
  status: 200,
  response_time: 4.812,
  level: 'http',
  message: 'incom-request',
  timestamp: '2024-09-22 04:02:55.667 PM'
}
{
  method: 'GET',
  url: '/api/v1/invoice/66f02d34697292a5d62e1ce3?time=0.17057000637346453',
  status: 200,
  response_time: 2.144,
  level: 'http',
  message: 'incom-request',
  timestamp: '2024-09-22 04:02:55.768 PM'
}
{
  method: 'GET',
  url: '/api/v1/invoice/66f02d34697292a5d62e1ce3',
  status: 200,
  response_time: 18.68,
  level: 'http',
  message: 'incom-request',
  timestamp: '2024-09-22 04:02:59.667 PM'
}
{
  message: '\x1B[34m\x1B[1mMOngodb connected: mongodb\x1B[22m\x1B[39m',
  level: 'info',
  timestamp: '2024-09-22 04:03:37.379 PM'
}
{
  message: '\x1B[32m\x1B[1mcheck\x1B[22m\x1B[39m Server running in \x1B[33m\x1B[1mdevelopment\x1B[22m\x1B[39m mode on port \x1B[34m\x1B[1m1997\x1B[22m\x1B[39m',
  level: 'info',
  timestamp: '2024-09-22 04:03:37.383 PM'
}
{
  message: '\x1B[34m\x1B[1mMOngodb connected: mongodb\x1B[22m\x1B[39m',
  level: 'info',
  timestamp: '2024-09-22 04:03:47.387 PM'
}
{
  message: '\x1B[32m\x1B[1mcheck\x1B[22m\x1B[39m Server running in \x1B[33m\x1B[1mdevelopment\x1B[22m\x1B[39m mode on port \x1B[34m\x1B[1m1997\x1B[22m\x1B[39m',
  level: 'info',
  timestamp: '2024-09-22 04:03:47.392 PM'
}
{
  message: '\x1B[34m\x1B[1mMOngodb connected: mongodb\x1B[22m\x1B[39m',
  level: 'info',
  timestamp: '2024-09-22 04:03:52.867 PM'
}
{
  message: '\x1B[32m\x1B[1mcheck\x1B[22m\x1B[39m Server running in \x1B[33m\x1B[1mdevelopment\x1B[22m\x1B[39m mode on port \x1B[34m\x1B[1m1997\x1B[22m\x1B[39m',
  level: 'info',
  timestamp: '2024-09-22 04:03:52.872 PM'
}
{
  message: '\x1B[34m\x1B[1mMOngodb connected: mongodb\x1B[22m\x1B[39m',
  level: 'info',
  timestamp: '2024-09-22 04:04:39.746 PM'
}
{
  message: '\x1B[32m\x1B[1mcheck\x1B[22m\x1B[39m Server running in \x1B[33m\x1B[1mdevelopment\x1B[22m\x1B[39m mode on port \x1B[34m\x1B[1m1997\x1B[22m\x1B[39m',
  level: 'info',
  timestamp: '2024-09-22 04:04:39.750 PM'
}
{
  message: '\x1B[34m\x1B[1mMOngodb connected: mongodb\x1B[22m\x1B[39m',
  level: 'info',
  timestamp: '2024-09-22 04:05:02.440 PM'
}
{
  message: '\x1B[32m\x1B[1mcheck\x1B[22m\x1B[39m Server running in \x1B[33m\x1B[1mdevelopment\x1B[22m\x1B[39m mode on port \x1B[34m\x1B[1m1997\x1B[22m\x1B[39m',
  level: 'info',
  timestamp: '2024-09-22 04:05:02.445 PM'
}
{
  message: '\x1B[34m\x1B[1mMOngodb connected: mongodb\x1B[22m\x1B[39m',
  level: 'info',
  timestamp: '2024-09-22 04:05:18.640 PM'
}
{
  message: '\x1B[32m\x1B[1mcheck\x1B[22m\x1B[39m Server running in \x1B[33m\x1B[1mdevelopment\x1B[22m\x1B[39m mode on port \x1B[34m\x1B[1m1997\x1B[22m\x1B[39m',
  level: 'info',
  timestamp: '2024-09-22 04:05:18.644 PM'
}
{
  message: '\x1B[34m\x1B[1mMOngodb connected: mongodb\x1B[22m\x1B[39m',
  level: 'info',
  timestamp: '2024-09-22 04:05:29.565 PM'
}
{
  message: '\x1B[32m\x1B[1mcheck\x1B[22m\x1B[39m Server running in \x1B[33m\x1B[1mdevelopment\x1B[22m\x1B[39m mode on port \x1B[34m\x1B[1m1997\x1B[22m\x1B[39m',
  level: 'info',
  timestamp: '2024-09-22 04:05:29.568 PM'
}
{
  message: '\x1B[34m\x1B[1mMOngodb connected: mongodb\x1B[22m\x1B[39m',
  level: 'info',
  timestamp: '2024-09-22 04:05:34.167 PM'
}
{
  message: '\x1B[32m\x1B[1mcheck\x1B[22m\x1B[39m Server running in \x1B[33m\x1B[1mdevelopment\x1B[22m\x1B[39m mode on port \x1B[34m\x1B[1m1997\x1B[22m\x1B[39m',
  level: 'info',
  timestamp: '2024-09-22 04:05:34.171 PM'
}
{
  message: '\x1B[34m\x1B[1mMOngodb connected: mongodb\x1B[22m\x1B[39m',
  level: 'info',
  timestamp: '2024-09-22 04:05:47.873 PM'
}
{
  message: '\x1B[32m\x1B[1mcheck\x1B[22m\x1B[39m Server running in \x1B[33m\x1B[1mdevelopment\x1B[22m\x1B[39m mode on port \x1B[34m\x1B[1m1997\x1B[22m\x1B[39m',
  level: 'info',
  timestamp: '2024-09-22 04:05:47.878 PM'
}
{
  message: '\x1B[34m\x1B[1mMOngodb connected: mongodb\x1B[22m\x1B[39m',
  level: 'info',
  timestamp: '2024-09-22 06:02:04.414 PM'
}
{
  message: '\x1B[32m\x1B[1mcheck\x1B[22m\x1B[39m Server running in \x1B[33m\x1B[1mdevelopment\x1B[22m\x1B[39m mode on port \x1B[34m\x1B[1m1997\x1B[22m\x1B[39m',
  level: 'info',
  timestamp: '2024-09-22 06:02:04.422 PM'
}
{
  method: 'GET',
  url: '/api/v1/detail/66efb8e39b51b858d60a33c4',
  status: 200,
  response_time: 16.836,
  level: 'http',
  message: 'incom-request',
  timestamp: '2024-09-22 06:02:06.060 PM'
}
{
  method: 'GET',
  url: '/api/v1/invoice/66efb8e39b51b858d60a33c4?time=0.7670416586130895',
  status: 200,
  response_time: 2.745,
  level: 'http',
  message: 'incom-request',
  timestamp: '2024-09-22 06:02:06.155 PM'
}
{
  method: 'GET',
  url: '/api/v1/invoice/66efb8e39b51b858d60a33c4?time=0.7100508331524369',
  status: 200,
  response_time: 2.29,
  level: 'http',
  message: 'incom-request',
  timestamp: '2024-09-22 06:02:06.233 PM'
}
{
  message: '\x1B[34m\x1B[1mMOngodb connected: mongodb\x1B[22m\x1B[39m',
  level: 'info',
  timestamp: '2024-09-22 06:02:24.397 PM'
}
{
  message: '\x1B[32m\x1B[1mcheck\x1B[22m\x1B[39m Server running in \x1B[33m\x1B[1mdevelopment\x1B[22m\x1B[39m mode on port \x1B[34m\x1B[1m1997\x1B[22m\x1B[39m',
  level: 'info',
  timestamp: '2024-09-22 06:02:24.402 PM'
}
{
  method: 'GET',
  url: '/api/v1/detail/66efb8e39b51b858d60a33c4',
  status: 304,
  response_time: 30.145,
  level: 'http',
  message: 'incom-request',
  timestamp: '2024-09-22 06:02:27.654 PM'
}
{
  method: 'GET',
  url: '/api/v1/invoice/66efb8e39b51b858d60a33c4?time=0.9966666273914111',
  status: 200,
  response_time: 2.767,
  level: 'http',
  message: 'incom-request',
  timestamp: '2024-09-22 06:02:27.736 PM'
}
{
  method: 'GET',
  url: '/api/v1/invoice/66efb8e39b51b858d60a33c4?time=0.1915979533117096',
  status: 200,
  response_time: 3.506,
  level: 'http',
  message: 'incom-request',
  timestamp: '2024-09-22 06:02:27.806 PM'
}
{
  message: '\x1B[34m\x1B[1mMOngodb connected: mongodb\x1B[22m\x1B[39m',
  level: 'info',
  timestamp: '2024-09-22 06:02:42.881 PM'
}
{
  message: '\x1B[32m\x1B[1mcheck\x1B[22m\x1B[39m Server running in \x1B[33m\x1B[1mdevelopment\x1B[22m\x1B[39m mode on port \x1B[34m\x1B[1m1997\x1B[22m\x1B[39m',
  level: 'info',
  timestamp: '2024-09-22 06:02:42.890 PM'
}
{
  method: 'GET',
  url: '/api/v1/detail/66efb8e39b51b858d60a33c4',
  status: 304,
  response_time: 36.02,
  level: 'http',
  message: 'incom-request',
  timestamp: '2024-09-22 06:02:44.266 PM'
}
{
  method: 'GET',
  url: '/api/v1/invoice/66efb8e39b51b858d60a33c4?time=0.03547307214847861',
  status: null,
  response_time: null,
  level: 'http',
  message: 'incom-request',
  timestamp: '2024-09-22 06:02:44.285 PM'
}
{
  method: 'GET',
  url: '/api/v1/invoice/66efb8e39b51b858d60a33c4?time=0.025447525572631635',
  status: 200,
  response_time: 2.102,
  level: 'http',
  message: 'incom-request',
  timestamp: '2024-09-22 06:02:44.375 PM'
}
{
  method: 'GET',
  url: '/api/v1/invoice/66efb8e39b51b858d60a33c4?time=0.1904304322514636',
  status: 200,
  response_time: 2.145,
  level: 'http',
  message: 'incom-request',
  timestamp: '2024-09-22 06:02:44.462 PM'
}
{
  message: '\x1B[34m\x1B[1mMOngodb connected: mongodb\x1B[22m\x1B[39m',
  level: 'info',
  timestamp: '2024-09-22 06:03:16.127 PM'
}
{
  message: '\x1B[32m\x1B[1mcheck\x1B[22m\x1B[39m Server running in \x1B[33m\x1B[1mdevelopment\x1B[22m\x1B[39m mode on port \x1B[34m\x1B[1m1997\x1B[22m\x1B[39m',
  level: 'info',
  timestamp: '2024-09-22 06:03:16.132 PM'
}
{
  method: 'GET',
  url: '/api/v1/detail/66efb8e39b51b858d60a33c4',
  status: 304,
  response_time: 27.284,
  level: 'http',
  message: 'incom-request',
  timestamp: '2024-09-22 06:03:18.093 PM'
}
{
  method: 'GET',
  url: '/api/v1/invoice/66efb8e39b51b858d60a33c4?time=0.12845258124241954',
  status: null,
  response_time: null,
  level: 'http',
  message: 'incom-request',
  timestamp: '2024-09-22 06:03:18.103 PM'
}
{
  method: 'GET',
  url: '/api/v1/invoice/66efb8e39b51b858d60a33c4?time=0.4463293103133539',
  status: 200,
  response_time: 2.757,
  level: 'http',
  message: 'incom-request',
  timestamp: '2024-09-22 06:03:18.181 PM'
}
{
  method: 'GET',
  url: '/api/v1/invoice/66efb8e39b51b858d60a33c4?time=0.9894939288200788',
  status: 200,
  response_time: 4.077,
  level: 'http',
  message: 'incom-request',
  timestamp: '2024-09-22 06:03:18.237 PM'
}
{
  message: '\x1B[34m\x1B[1mMOngodb connected: mongodb\x1B[22m\x1B[39m',
  level: 'info',
  timestamp: '2024-09-22 06:03:27.784 PM'
}
{
  message: '\x1B[32m\x1B[1mcheck\x1B[22m\x1B[39m Server running in \x1B[33m\x1B[1mdevelopment\x1B[22m\x1B[39m mode on port \x1B[34m\x1B[1m1997\x1B[22m\x1B[39m',
  level: 'info',
  timestamp: '2024-09-22 06:03:27.788 PM'
}
{
  method: 'GET',
  url: '/api/v1/detail/66efb8e39b51b858d60a33c4',
  status: 304,
  response_time: 30.992,
  level: 'http',
  message: 'incom-request',
  timestamp: '2024-09-22 06:03:32.759 PM'
}
{
  method: 'GET',
  url: '/api/v1/invoice/66efb8e39b51b858d60a33c4?time=0.8147752867838771',
  status: null,
  response_time: null,
  level: 'http',
  message: 'incom-request',
  timestamp: '2024-09-22 06:03:32.773 PM'
}
{
  method: 'GET',
  url: '/api/v1/invoice/66efb8e39b51b858d60a33c4?time=0.11849276657043561',
  status: 200,
  response_time: 2.163,
  level: 'http',
  message: 'incom-request',
  timestamp: '2024-09-22 06:03:32.838 PM'
}
{
  method: 'GET',
  url: '/api/v1/invoice/66efb8e39b51b858d60a33c4?time=0.2226867637383434',
  status: 200,
  response_time: 2.7,
  level: 'http',
  message: 'incom-request',
  timestamp: '2024-09-22 06:03:32.903 PM'
}
{
  message: '\x1B[34m\x1B[1mMOngodb connected: mongodb\x1B[22m\x1B[39m',
  level: 'info',
  timestamp: '2024-09-22 06:04:09.692 PM'
}
{
  message: '\x1B[32m\x1B[1mcheck\x1B[22m\x1B[39m Server running in \x1B[33m\x1B[1mdevelopment\x1B[22m\x1B[39m mode on port \x1B[34m\x1B[1m1997\x1B[22m\x1B[39m',
  level: 'info',
  timestamp: '2024-09-22 06:04:09.697 PM'
}
{
  method: 'GET',
  url: '/api/v1/detail/66efb8e39b51b858d60a33c4',
  status: 304,
  response_time: 41.865,
  level: 'http',
  message: 'incom-request',
  timestamp: '2024-09-22 06:04:13.844 PM'
}
{
  method: 'GET',
  url: '/api/v1/invoice/66efb8e39b51b858d60a33c4?time=0.7058965148190783',
  status: 200,
  response_time: 2.935,
  level: 'http',
  message: 'incom-request',
  timestamp: '2024-09-22 06:04:13.904 PM'
}
{
  method: 'GET',
  url: '/api/v1/invoice/66efb8e39b51b858d60a33c4?time=0.9137287533828227',
  status: 200,
  response_time: 4.278,
  level: 'http',
  message: 'incom-request',
  timestamp: '2024-09-22 06:04:13.933 PM'
}
{
  method: 'GET',
  url: '/api/v1/invoice/66efb8e39b51b858d60a33c4?time=0.6565811584189276',
  status: 200,
  response_time: 3.546,
  level: 'http',
  message: 'incom-request',
  timestamp: '2024-09-22 06:04:14.024 PM'
}
{
  method: 'POST',
  url: '/api/v1/update/66efb8e39b51b858d60a33c4',
  status: 200,
  response_time: 58.922,
  level: 'http',
  message: 'incom-request',
  timestamp: '2024-09-22 06:05:49.551 PM'
}
{
  method: 'GET',
  url: '/api/v1/invoice/66efb8e39b51b858d60a33c4?time=0.030485662723287232',
  status: 200,
  response_time: 4.629,
  level: 'http',
  message: 'incom-request',
  timestamp: '2024-09-22 06:05:49.684 PM'
}
{
  method: 'GET',
  url: '/api/v1/detail/66efb8e39b51b858d60a33c4',
  status: 200,
  response_time: 27.111,
  level: 'http',
  message: 'incom-request',
  timestamp: '2024-09-22 06:06:01.549 PM'
}
{
  method: 'GET',
  url: '/api/v1/invoice/66efb8e39b51b858d60a33c4?time=0.522723176136018',
  status: 200,
  response_time: 2.383,
  level: 'http',
  message: 'incom-request',
  timestamp: '2024-09-22 06:06:01.672 PM'
}
{
  method: 'GET',
  url: '/api/v1/invoice/66efb8e39b51b858d60a33c4?time=0.7540392843922796',
  status: 200,
  response_time: 2.506,
  level: 'http',
  message: 'incom-request',
  timestamp: '2024-09-22 06:06:01.742 PM'
}
{
  message: '\x1B[34m\x1B[1mMOngodb connected: mongodb\x1B[22m\x1B[39m',
  level: 'info',
  timestamp: '2024-09-22 06:06:35.400 PM'
}
{
  message: '\x1B[32m\x1B[1mcheck\x1B[22m\x1B[39m Server running in \x1B[33m\x1B[1mdevelopment\x1B[22m\x1B[39m mode on port \x1B[34m\x1B[1m1997\x1B[22m\x1B[39m',
  level: 'info',
  timestamp: '2024-09-22 06:06:35.406 PM'
}
{
  method: 'GET',
  url: '/api/v1/detail/66efb8e39b51b858d60a33c4',
  status: 304,
  response_time: 33.509,
  level: 'http',
  message: 'incom-request',
  timestamp: '2024-09-22 06:06:37.388 PM'
}
{
  method: 'GET',
  url: '/api/v1/invoice/66efb8e39b51b858d60a33c4?time=0.4650058716936667',
  status: 200,
  response_time: 3.45,
  level: 'http',
  message: 'incom-request',
  timestamp: '2024-09-22 06:06:37.446 PM'
}
{
  method: 'GET',
  url: '/api/v1/invoice/66efb8e39b51b858d60a33c4?time=0.6118038447658265',
  status: 200,
  response_time: 2.936,
  level: 'http',
  message: 'incom-request',
  timestamp: '2024-09-22 06:06:37.471 PM'
}
{
  method: 'GET',
  url: '/api/v1/invoice/66efb8e39b51b858d60a33c4?time=0.6541228652374667',
  status: 200,
  response_time: 1.991,
  level: 'http',
  message: 'incom-request',
  timestamp: '2024-09-22 06:06:37.536 PM'
}
{
  message: '\x1B[34m\x1B[1mMOngodb connected: mongodb\x1B[22m\x1B[39m',
  level: 'info',
  timestamp: '2024-09-22 06:06:50.551 PM'
}
{
  message: '\x1B[32m\x1B[1mcheck\x1B[22m\x1B[39m Server running in \x1B[33m\x1B[1mdevelopment\x1B[22m\x1B[39m mode on port \x1B[34m\x1B[1m1997\x1B[22m\x1B[39m',
  level: 'info',
  timestamp: '2024-09-22 06:06:50.559 PM'
}
{
  method: 'POST',
  url: '/api/v1/update/66efb8e39b51b858d60a33c4',
  status: 200,
  response_time: 55.437,
  level: 'http',
  message: 'incom-request',
  timestamp: '2024-09-22 06:07:16.301 PM'
}
{
  method: 'GET',
  url: '/api/v1/invoice/66efb8e39b51b858d60a33c4?time=0.27175420451754184',
  status: 200,
  response_time: 3.5,
  level: 'http',
  message: 'incom-request',
  timestamp: '2024-09-22 06:07:16.457 PM'
}
{
  method: 'GET',
  url: '/api/v1/detail/66efb8e39b51b858d60a33c4',
  status: 200,
  response_time: 11.05,
  level: 'http',
  message: 'incom-request',
  timestamp: '2024-09-22 06:07:17.545 PM'
}
{
  method: 'GET',
  url: '/api/v1/invoice/66efb8e39b51b858d60a33c4?time=0.17891833974454485',
  status: 200,
  response_time: 2.319,
  level: 'http',
  message: 'incom-request',
  timestamp: '2024-09-22 06:07:17.615 PM'
}
{
  method: 'GET',
  url: '/api/v1/invoice/66efb8e39b51b858d60a33c4?time=0.1858116266212988',
  status: 200,
  response_time: 2.28,
  level: 'http',
  message: 'incom-request',
  timestamp: '2024-09-22 06:07:17.666 PM'
}
{
  message: '\x1B[34m\x1B[1mMOngodb connected: mongodb\x1B[22m\x1B[39m',
  level: 'info',
  timestamp: '2024-09-22 06:07:55.562 PM'
}
{
  message: '\x1B[32m\x1B[1mcheck\x1B[22m\x1B[39m Server running in \x1B[33m\x1B[1mdevelopment\x1B[22m\x1B[39m mode on port \x1B[34m\x1B[1m1997\x1B[22m\x1B[39m',
  level: 'info',
  timestamp: '2024-09-22 06:07:55.567 PM'
}
{
  method: 'GET',
  url: '/api/v1/detail/66efb8e39b51b858d60a33c4',
  status: 304,
  response_time: 32.258,
  level: 'http',
  message: 'incom-request',
  timestamp: '2024-09-22 06:07:57.170 PM'
}
{
  method: 'GET',
  url: '/api/v1/invoice/66efb8e39b51b858d60a33c4?time=0.9948765647707201',
  status: 200,
  response_time: 6.729,
  level: 'http',
  message: 'incom-request',
  timestamp: '2024-09-22 06:07:57.258 PM'
}
{
  method: 'GET',
  url: '/api/v1/invoice/66efb8e39b51b858d60a33c4?time=0.5285312437282572',
  status: 200,
  response_time: 3.632,
  level: 'http',
  message: 'incom-request',
  timestamp: '2024-09-22 06:07:57.287 PM'
}
{
  method: 'GET',
  url: '/api/v1/invoice/66efb8e39b51b858d60a33c4?time=0.9347898469781493',
  status: 200,
  response_time: 2.784,
  level: 'http',
  message: 'incom-request',
  timestamp: '2024-09-22 06:07:57.353 PM'
}
{
  message: '\x1B[34m\x1B[1mMOngodb connected: mongodb\x1B[22m\x1B[39m',
  level: 'info',
  timestamp: '2024-09-22 06:08:10.163 PM'
}
{
  message: '\x1B[32m\x1B[1mcheck\x1B[22m\x1B[39m Server running in \x1B[33m\x1B[1mdevelopment\x1B[22m\x1B[39m mode on port \x1B[34m\x1B[1m1997\x1B[22m\x1B[39m',
  level: 'info',
  timestamp: '2024-09-22 06:08:10.172 PM'
}
{
  method: 'GET',
  url: '/api/v1/detail/66efb8e39b51b858d60a33c4',
  status: 304,
  response_time: 40.26,
  level: 'http',
  message: 'incom-request',
  timestamp: '2024-09-22 06:08:12.685 PM'
}
{
  method: 'GET',
  url: '/api/v1/invoice/66efb8e39b51b858d60a33c4?time=0.12031836866815615',
  status: 200,
  response_time: 8.92,
  level: 'http',
  message: 'incom-request',
  timestamp: '2024-09-22 06:08:12.762 PM'
}
{
  method: 'GET',
  url: '/api/v1/invoice/66efb8e39b51b858d60a33c4?time=0.9671269544556078',
  status: 200,
  response_time: 2.621,
  level: 'http',
  message: 'incom-request',
  timestamp: '2024-09-22 06:08:12.872 PM'
}
{
  method: 'GET',
  url: '/api/v1/invoice/66efb8e39b51b858d60a33c4?time=0.22969601470255174',
  status: 200,
  response_time: 2.627,
  level: 'http',
  message: 'incom-request',
  timestamp: '2024-09-22 06:08:12.980 PM'
}
{
  message: '\x1B[34m\x1B[1mMOngodb connected: mongodb\x1B[22m\x1B[39m',
  level: 'info',
  timestamp: '2024-09-22 06:08:18.660 PM'
}
{
  message: '\x1B[32m\x1B[1mcheck\x1B[22m\x1B[39m Server running in \x1B[33m\x1B[1mdevelopment\x1B[22m\x1B[39m mode on port \x1B[34m\x1B[1m1997\x1B[22m\x1B[39m',
  level: 'info',
  timestamp: '2024-09-22 06:08:18.666 PM'
}
{
  method: 'GET',
  url: '/api/v1/detail/66efb8e39b51b858d60a33c4',
  status: 304,
  response_time: 26.832,
  level: 'http',
  message: 'incom-request',
  timestamp: '2024-09-22 06:08:20.127 PM'
}
{
  method: 'GET',
  url: '/api/v1/invoice/66efb8e39b51b858d60a33c4?time=0.1775908430837121',
  status: 200,
  response_time: 2.809,
  level: 'http',
  message: 'incom-request',
  timestamp: '2024-09-22 06:08:20.208 PM'
}
{
  method: 'GET',
  url: '/api/v1/invoice/66efb8e39b51b858d60a33c4?time=0.7572191616866115',
  status: 200,
  response_time: 2.389,
  level: 'http',
  message: 'incom-request',
  timestamp: '2024-09-22 06:08:20.267 PM'
}
{
  message: '\x1B[34m\x1B[1mMOngodb connected: mongodb\x1B[22m\x1B[39m',
  level: 'info',
  timestamp: '2024-09-22 06:08:34.205 PM'
}
{
  message: '\x1B[32m\x1B[1mcheck\x1B[22m\x1B[39m Server running in \x1B[33m\x1B[1mdevelopment\x1B[22m\x1B[39m mode on port \x1B[34m\x1B[1m1997\x1B[22m\x1B[39m',
  level: 'info',
  timestamp: '2024-09-22 06:08:34.216 PM'
}
{
  method: 'GET',
  url: '/api/v1/detail/66efb8e39b51b858d60a33c4',
  status: 304,
  response_time: 38.945,
  level: 'http',
  message: 'incom-request',
  timestamp: '2024-09-22 06:08:35.909 PM'
}
{
  method: 'GET',
  url: '/api/v1/invoice/66efb8e39b51b858d60a33c4?time=0.7691258259848539',
  status: 200,
  response_time: 2.676,
  level: 'http',
  message: 'incom-request',
  timestamp: '2024-09-22 06:08:36.005 PM'
}
{
  method: 'GET',
  url: '/api/v1/invoice/66efb8e39b51b858d60a33c4?time=0.7369986054482356',
  status: 200,
  response_time: 2.921,
  level: 'http',
  message: 'incom-request',
  timestamp: '2024-09-22 06:08:36.068 PM'
}
{
  method: 'GET',
  url: '/api/v1/detail/66efb8e39b51b858d60a33c4',
  status: 304,
  response_time: 5.317,
  level: 'http',
  message: 'incom-request',
  timestamp: '2024-09-22 06:08:39.461 PM'
}
{
  method: 'GET',
  url: '/api/v1/invoice/66efb8e39b51b858d60a33c4?time=0.820341687449718',
  status: 200,
  response_time: 2.197,
  level: 'http',
  message: 'incom-request',
  timestamp: '2024-09-22 06:08:39.525 PM'
}
{
  method: 'GET',
  url: '/api/v1/invoice/66efb8e39b51b858d60a33c4?time=0.15839097788091117',
  status: 200,
  response_time: 2.148,
  level: 'http',
  message: 'incom-request',
  timestamp: '2024-09-22 06:08:39.583 PM'
}
{
  message: '\x1B[34m\x1B[1mMOngodb connected: mongodb\x1B[22m\x1B[39m',
  level: 'info',
  timestamp: '2024-09-22 06:09:34.103 PM'
}
{
  message: '\x1B[32m\x1B[1mcheck\x1B[22m\x1B[39m Server running in \x1B[33m\x1B[1mdevelopment\x1B[22m\x1B[39m mode on port \x1B[34m\x1B[1m1997\x1B[22m\x1B[39m',
  level: 'info',
  timestamp: '2024-09-22 06:09:34.109 PM'
}
{
  method: 'GET',
  url: '/api/v1/detail/66efb8e39b51b858d60a33c4',
  status: 304,
  response_time: 32.265,
  level: 'http',
  message: 'incom-request',
  timestamp: '2024-09-22 06:09:37.540 PM'
}
{
  method: 'GET',
  url: '/api/v1/invoice/66efb8e39b51b858d60a33c4?time=0.27425153648456235',
  status: 200,
  response_time: 5.328,
  level: 'http',
  message: 'incom-request',
  timestamp: '2024-09-22 06:09:37.637 PM'
}
{
  method: 'GET',
  url: '/api/v1/invoice/66efb8e39b51b858d60a33c4?time=0.09106193740714219',
  status: 200,
  response_time: 2.841,
  level: 'http',
  message: 'incom-request',
  timestamp: '2024-09-22 06:09:37.707 PM'
}
{
  message: '\x1B[34m\x1B[1mMOngodb connected: mongodb\x1B[22m\x1B[39m',
  level: 'info',
  timestamp: '2024-09-22 06:10:08.093 PM'
}
{
  message: '\x1B[32m\x1B[1mcheck\x1B[22m\x1B[39m Server running in \x1B[33m\x1B[1mdevelopment\x1B[22m\x1B[39m mode on port \x1B[34m\x1B[1m1997\x1B[22m\x1B[39m',
  level: 'info',
  timestamp: '2024-09-22 06:10:08.100 PM'
}
{
  method: 'GET',
  url: '/api/v1/detail/66efb8e39b51b858d60a33c4',
  status: 304,
  response_time: 34.626,
  level: 'http',
  message: 'incom-request',
  timestamp: '2024-09-22 06:10:09.903 PM'
}
{
  method: 'GET',
  url: '/api/v1/invoice/66efb8e39b51b858d60a33c4?time=0.20151964938035127',
  status: null,
  response_time: null,
  level: 'http',
  message: 'incom-request',
  timestamp: '2024-09-22 06:10:09.924 PM'
}
{
  method: 'GET',
  url: '/api/v1/invoice/66efb8e39b51b858d60a33c4?time=0.8638148509713528',
  status: 200,
  response_time: 2.052,
  level: 'http',
  message: 'incom-request',
  timestamp: '2024-09-22 06:10:10.003 PM'
}
{
  method: 'GET',
  url: '/api/v1/invoice/66efb8e39b51b858d60a33c4?time=0.2636332129062764',
  status: 200,
  response_time: 3.608,
  level: 'http',
  message: 'incom-request',
  timestamp: '2024-09-22 06:10:10.078 PM'
}
{
  message: '\x1B[34m\x1B[1mMOngodb connected: mongodb\x1B[22m\x1B[39m',
  level: 'info',
  timestamp: '2024-09-22 06:10:27.162 PM'
}
{
  message: '\x1B[32m\x1B[1mcheck\x1B[22m\x1B[39m Server running in \x1B[33m\x1B[1mdevelopment\x1B[22m\x1B[39m mode on port \x1B[34m\x1B[1m1997\x1B[22m\x1B[39m',
  level: 'info',
  timestamp: '2024-09-22 06:10:27.167 PM'
}
{
  method: 'GET',
  url: '/api/v1/detail/66efb8e39b51b858d60a33c4',
  status: 304,
  response_time: 29.143,
  level: 'http',
  message: 'incom-request',
  timestamp: '2024-09-22 06:10:29.184 PM'
}
{
  method: 'GET',
  url: '/api/v1/invoice/66efb8e39b51b858d60a33c4?time=0.5323442661801203',
  status: 200,
  response_time: 9.815,
  level: 'http',
  message: 'incom-request',
  timestamp: '2024-09-22 06:10:29.261 PM'
}
{
  method: 'GET',
  url: '/api/v1/invoice/66efb8e39b51b858d60a33c4?time=0.6202850724450089',
  status: 200,
  response_time: 2.665,
  level: 'http',
  message: 'incom-request',
  timestamp: '2024-09-22 06:10:29.289 PM'
}
{
  method: 'GET',
  url: '/api/v1/invoice/66efb8e39b51b858d60a33c4?time=0.05849267191272589',
  status: 200,
  response_time: 2.153,
  level: 'http',
  message: 'incom-request',
  timestamp: '2024-09-22 06:10:29.359 PM'
}
{
  message: '\x1B[34m\x1B[1mMOngodb connected: mongodb\x1B[22m\x1B[39m',
  level: 'info',
  timestamp: '2024-09-22 06:10:42.234 PM'
}
{
  message: '\x1B[32m\x1B[1mcheck\x1B[22m\x1B[39m Server running in \x1B[33m\x1B[1mdevelopment\x1B[22m\x1B[39m mode on port \x1B[34m\x1B[1m1997\x1B[22m\x1B[39m',
  level: 'info',
  timestamp: '2024-09-22 06:10:42.242 PM'
}
{
  method: 'GET',
  url: '/api/v1/detail/66efb8e39b51b858d60a33c4',
  status: 304,
  response_time: 29.696,
  level: 'http',
  message: 'incom-request',
  timestamp: '2024-09-22 06:10:43.889 PM'
}
{
  method: 'GET',
  url: '/api/v1/invoice/66efb8e39b51b858d60a33c4?time=0.18277455832519163',
  status: null,
  response_time: null,
  level: 'http',
  message: 'incom-request',
  timestamp: '2024-09-22 06:10:43.900 PM'
}
{
  method: 'GET',
  url: '/api/v1/invoice/66efb8e39b51b858d60a33c4?time=0.9805436182613678',
  status: 200,
  response_time: 2.38,
  level: 'http',
  message: 'incom-request',
  timestamp: '2024-09-22 06:10:43.975 PM'
}
{
  method: 'GET',
  url: '/api/v1/invoice/66efb8e39b51b858d60a33c4?time=0.5881357506709892',
  status: 200,
  response_time: 2.364,
  level: 'http',
  message: 'incom-request',
  timestamp: '2024-09-22 06:10:44.036 PM'
}
{
  method: 'POST',
  url: '/api/v1/update/66efb8e39b51b858d60a33c4',
  status: 200,
  response_time: 45.074,
  level: 'http',
  message: 'incom-request',
  timestamp: '2024-09-22 06:27:17.129 PM'
}
{
  method: 'GET',
  url: '/api/v1/invoice/66efb8e39b51b858d60a33c4?time=0.3508787363607371',
  status: 200,
  response_time: 9.865,
  level: 'http',
  message: 'incom-request',
  timestamp: '2024-09-22 06:27:17.263 PM'
}
{
  message: '\x1B[34m\x1B[1mMOngodb connected: mongodb\x1B[22m\x1B[39m',
  level: 'info',
  timestamp: '2024-09-22 06:27:50.265 PM'
}
{
  message: '\x1B[32m\x1B[1mcheck\x1B[22m\x1B[39m Server running in \x1B[33m\x1B[1mdevelopment\x1B[22m\x1B[39m mode on port \x1B[34m\x1B[1m1997\x1B[22m\x1B[39m',
  level: 'info',
  timestamp: '2024-09-22 06:27:50.270 PM'
}
{
  method: 'POST',
  url: '/api/v1/update/66efb8e39b51b858d60a33c4',
  status: 200,
  response_time: 50.51,
  level: 'http',
  message: 'incom-request',
  timestamp: '2024-09-22 06:27:53.793 PM'
}
{
  method: 'GET',
  url: '/api/v1/invoice/66efb8e39b51b858d60a33c4?time=0.782030516479925',
  status: 200,
  response_time: 3.508,
  level: 'http',
  message: 'incom-request',
  timestamp: '2024-09-22 06:27:53.903 PM'
}
{
  message: '\x1B[34m\x1B[1mMOngodb connected: mongodb\x1B[22m\x1B[39m',
  level: 'info',
  timestamp: '2024-09-22 06:28:02.549 PM'
}
{
  message: '\x1B[32m\x1B[1mcheck\x1B[22m\x1B[39m Server running in \x1B[33m\x1B[1mdevelopment\x1B[22m\x1B[39m mode on port \x1B[34m\x1B[1m1997\x1B[22m\x1B[39m',
  level: 'info',
  timestamp: '2024-09-22 06:28:02.553 PM'
}
{
  message: '\x1B[34m\x1B[1mMOngodb connected: mongodb\x1B[22m\x1B[39m',
  level: 'info',
  timestamp: '2024-09-22 06:31:53.165 PM'
}
{
  message: '\x1B[32m\x1B[1mcheck\x1B[22m\x1B[39m Server running in \x1B[33m\x1B[1mdevelopment\x1B[22m\x1B[39m mode on port \x1B[34m\x1B[1m1997\x1B[22m\x1B[39m',
  level: 'info',
  timestamp: '2024-09-22 06:31:53.170 PM'
}
{
  message: '\x1B[34m\x1B[1mMOngodb connected: mongodb\x1B[22m\x1B[39m',
  level: 'info',
  timestamp: '2024-09-22 06:32:05.885 PM'
}
{
  message: '\x1B[32m\x1B[1mcheck\x1B[22m\x1B[39m Server running in \x1B[33m\x1B[1mdevelopment\x1B[22m\x1B[39m mode on port \x1B[34m\x1B[1m1997\x1B[22m\x1B[39m',
  level: 'info',
  timestamp: '2024-09-22 06:32:05.893 PM'
}
{
  message: '\x1B[34m\x1B[1mMOngodb connected: mongodb\x1B[22m\x1B[39m',
  level: 'info',
  timestamp: '2024-09-22 06:32:29.722 PM'
}
{
  message: '\x1B[32m\x1B[1mcheck\x1B[22m\x1B[39m Server running in \x1B[33m\x1B[1mdevelopment\x1B[22m\x1B[39m mode on port \x1B[34m\x1B[1m1997\x1B[22m\x1B[39m',
  level: 'info',
  timestamp: '2024-09-22 06:32:29.728 PM'
}
{
  message: '\x1B[34m\x1B[1mMOngodb connected: mongodb\x1B[22m\x1B[39m',
  level: 'info',
  timestamp: '2024-09-22 06:32:58.683 PM'
}
{
  message: '\x1B[32m\x1B[1mcheck\x1B[22m\x1B[39m Server running in \x1B[33m\x1B[1mdevelopment\x1B[22m\x1B[39m mode on port \x1B[34m\x1B[1m1997\x1B[22m\x1B[39m',
  level: 'info',
  timestamp: '2024-09-22 06:32:58.688 PM'
}
{
  message: '\x1B[34m\x1B[1mMOngodb connected: mongodb\x1B[22m\x1B[39m',
  level: 'info',
  timestamp: '2024-09-22 06:33:52.641 PM'
}
{
  message: '\x1B[32m\x1B[1mcheck\x1B[22m\x1B[39m Server running in \x1B[33m\x1B[1mdevelopment\x1B[22m\x1B[39m mode on port \x1B[34m\x1B[1m1997\x1B[22m\x1B[39m',
  level: 'info',
  timestamp: '2024-09-22 06:33:52.646 PM'
}
{
  message: '\x1B[34m\x1B[1mMOngodb connected: mongodb\x1B[22m\x1B[39m',
  level: 'info',
  timestamp: '2024-09-22 06:34:03.794 PM'
}
{
  message: '\x1B[32m\x1B[1mcheck\x1B[22m\x1B[39m Server running in \x1B[33m\x1B[1mdevelopment\x1B[22m\x1B[39m mode on port \x1B[34m\x1B[1m1997\x1B[22m\x1B[39m',
  level: 'info',
  timestamp: '2024-09-22 06:34:03.798 PM'
}
{
  message: '\x1B[34m\x1B[1mMOngodb connected: mongodb\x1B[22m\x1B[39m',
  level: 'info',
  timestamp: '2024-09-22 06:34:54.307 PM'
}
{
  message: '\x1B[32m\x1B[1mcheck\x1B[22m\x1B[39m Server running in \x1B[33m\x1B[1mdevelopment\x1B[22m\x1B[39m mode on port \x1B[34m\x1B[1m1997\x1B[22m\x1B[39m',
  level: 'info',
  timestamp: '2024-09-22 06:34:54.311 PM'
}
{
  message: '\x1B[34m\x1B[1mMOngodb connected: mongodb\x1B[22m\x1B[39m',
  level: 'info',
  timestamp: '2024-09-22 06:35:31.281 PM'
}
{
  message: '\x1B[32m\x1B[1mcheck\x1B[22m\x1B[39m Server running in \x1B[33m\x1B[1mdevelopment\x1B[22m\x1B[39m mode on port \x1B[34m\x1B[1m1997\x1B[22m\x1B[39m',
  level: 'info',
  timestamp: '2024-09-22 06:35:31.285 PM'
}
{
  message: '\x1B[34m\x1B[1mMOngodb connected: mongodb\x1B[22m\x1B[39m',
  level: 'info',
  timestamp: '2024-09-22 06:35:41.119 PM'
}
{
  message: '\x1B[32m\x1B[1mcheck\x1B[22m\x1B[39m Server running in \x1B[33m\x1B[1mdevelopment\x1B[22m\x1B[39m mode on port \x1B[34m\x1B[1m1997\x1B[22m\x1B[39m',
  level: 'info',
  timestamp: '2024-09-22 06:35:41.123 PM'
}
{
  message: '\x1B[34m\x1B[1mMOngodb connected: mongodb\x1B[22m\x1B[39m',
  level: 'info',
  timestamp: '2024-09-22 06:36:08.881 PM'
}
{
  message: '\x1B[32m\x1B[1mcheck\x1B[22m\x1B[39m Server running in \x1B[33m\x1B[1mdevelopment\x1B[22m\x1B[39m mode on port \x1B[34m\x1B[1m1997\x1B[22m\x1B[39m',
  level: 'info',
  timestamp: '2024-09-22 06:36:08.885 PM'
}
{
  message: '\x1B[34m\x1B[1mMOngodb connected: mongodb\x1B[22m\x1B[39m',
  level: 'info',
  timestamp: '2024-09-22 06:36:10.626 PM'
}
{
  message: '\x1B[32m\x1B[1mcheck\x1B[22m\x1B[39m Server running in \x1B[33m\x1B[1mdevelopment\x1B[22m\x1B[39m mode on port \x1B[34m\x1B[1m1997\x1B[22m\x1B[39m',
  level: 'info',
  timestamp: '2024-09-22 06:36:10.629 PM'
}
{
  message: '\x1B[34m\x1B[1mMOngodb connected: mongodb\x1B[22m\x1B[39m',
  level: 'info',
  timestamp: '2024-09-22 06:36:14.917 PM'
}
{
  message: '\x1B[32m\x1B[1mcheck\x1B[22m\x1B[39m Server running in \x1B[33m\x1B[1mdevelopment\x1B[22m\x1B[39m mode on port \x1B[34m\x1B[1m1997\x1B[22m\x1B[39m',
  level: 'info',
  timestamp: '2024-09-22 06:36:14.921 PM'
}
{
  message: '\x1B[34m\x1B[1mMOngodb connected: mongodb\x1B[22m\x1B[39m',
  level: 'info',
  timestamp: '2024-09-22 06:36:44.180 PM'
}
{
  message: '\x1B[32m\x1B[1mcheck\x1B[22m\x1B[39m Server running in \x1B[33m\x1B[1mdevelopment\x1B[22m\x1B[39m mode on port \x1B[34m\x1B[1m1997\x1B[22m\x1B[39m',
  level: 'info',
  timestamp: '2024-09-22 06:36:44.185 PM'
}
{
  method: 'GET',
  url: '/api/v1/detail/66f02d34697292a5d62e1ce3',
  status: 304,
  response_time: 43.332,
  level: 'http',
  message: 'incom-request',
  timestamp: '2024-09-22 06:37:01.164 PM'
}
{
  method: 'GET',
  url: '/api/v1/invoice/66f02d34697292a5d62e1ce3?time=0.9828672251149442',
  status: 200,
  response_time: 10.754,
  level: 'http',
  message: 'incom-request',
  timestamp: '2024-09-22 06:37:01.360 PM'
}
{
  method: 'GET',
  url: '/api/v1/invoice/66f02d34697292a5d62e1ce3?time=0.2418123413643427',
  status: 200,
  response_time: 2.038,
  level: 'http',
  message: 'incom-request',
  timestamp: '2024-09-22 06:37:01.460 PM'
}
{
  method: 'POST',
  url: '/api/v1/update/66f02d34697292a5d62e1ce3',
  status: 200,
  response_time: 79.236,
  level: 'http',
  message: 'incom-request',
  timestamp: '2024-09-22 06:37:55.044 PM'
}
{
  method: 'GET',
  url: '/api/v1/invoice/66f02d34697292a5d62e1ce3?time=0.3831824249082201',
  status: 200,
  response_time: 5.129,
  level: 'http',
  message: 'incom-request',
  timestamp: '2024-09-22 06:37:55.216 PM'
}
{
  method: 'POST',
  url: '/api/v1/update/66f02d34697292a5d62e1ce3',
  status: 200,
  response_time: 54.387,
  level: 'http',
  message: 'incom-request',
  timestamp: '2024-09-22 06:38:49.934 PM'
}
{
  method: 'GET',
  url: '/api/v1/invoice/66f02d34697292a5d62e1ce3?time=0.2023383632987974',
  status: 200,
  response_time: 3.727,
  level: 'http',
  message: 'incom-request',
  timestamp: '2024-09-22 06:38:50.093 PM'
}
{
  message: '\x1B[34m\x1B[1mMOngodb connected: mongodb\x1B[22m\x1B[39m',
  level: 'info',
  timestamp: '2024-09-22 06:39:21.170 PM'
}
{
  message: '\x1B[32m\x1B[1mcheck\x1B[22m\x1B[39m Server running in \x1B[33m\x1B[1mdevelopment\x1B[22m\x1B[39m mode on port \x1B[34m\x1B[1m1997\x1B[22m\x1B[39m',
  level: 'info',
  timestamp: '2024-09-22 06:39:21.176 PM'
}
{
  message: '\x1B[34m\x1B[1mMOngodb connected: mongodb\x1B[22m\x1B[39m',
  level: 'info',
  timestamp: '2024-09-22 06:39:42.029 PM'
}
{
  message: '\x1B[32m\x1B[1mcheck\x1B[22m\x1B[39m Server running in \x1B[33m\x1B[1mdevelopment\x1B[22m\x1B[39m mode on port \x1B[34m\x1B[1m1997\x1B[22m\x1B[39m',
  level: 'info',
  timestamp: '2024-09-22 06:39:42.035 PM'
}
{
  method: 'POST',
  url: '/api/v1/update/66f02d34697292a5d62e1ce3',
  status: 200,
  response_time: 58.27,
  level: 'http',
  message: 'incom-request',
  timestamp: '2024-09-22 06:40:00.975 PM'
}
{
  method: 'GET',
  url: '/api/v1/invoice/66f02d34697292a5d62e1ce3?time=0.486878588769581',
  status: 200,
  response_time: 4.974,
  level: 'http',
  message: 'incom-request',
  timestamp: '2024-09-22 06:40:01.143 PM'
}
{
  method: 'GET',
  url: '/api/v1/invoice/66f02d34697292a5d62e1ce3?time=0.064520072491415',
  status: 200,
  response_time: 2.952,
  level: 'http',
  message: 'incom-request',
  timestamp: '2024-09-22 06:40:01.244 PM'
}
{
  message: '\x1B[34m\x1B[1mMOngodb connected: mongodb\x1B[22m\x1B[39m',
  level: 'info',
  timestamp: '2024-09-22 06:40:38.073 PM'
}
{
  message: '\x1B[32m\x1B[1mcheck\x1B[22m\x1B[39m Server running in \x1B[33m\x1B[1mdevelopment\x1B[22m\x1B[39m mode on port \x1B[34m\x1B[1m1997\x1B[22m\x1B[39m',
  level: 'info',
  timestamp: '2024-09-22 06:40:38.079 PM'
}
{
  message: '\x1B[34m\x1B[1mMOngodb connected: mongodb\x1B[22m\x1B[39m',
  level: 'info',
  timestamp: '2024-09-22 06:40:57.158 PM'
}
{
  message: '\x1B[32m\x1B[1mcheck\x1B[22m\x1B[39m Server running in \x1B[33m\x1B[1mdevelopment\x1B[22m\x1B[39m mode on port \x1B[34m\x1B[1m1997\x1B[22m\x1B[39m',
  level: 'info',
  timestamp: '2024-09-22 06:40:57.163 PM'
}
{
  method: 'POST',
  url: '/api/v1/update/66f02d34697292a5d62e1ce3',
  status: 200,
  response_time: 57.997,
  level: 'http',
  message: 'incom-request',
  timestamp: '2024-09-22 06:41:09.271 PM'
}
{
  method: 'GET',
  url: '/api/v1/invoice/66f02d34697292a5d62e1ce3?time=0.20185628637431852',
  status: 200,
  response_time: 3.663,
  level: 'http',
  message: 'incom-request',
  timestamp: '2024-09-22 06:41:09.440 PM'
}
{
  method: 'GET',
  url: '/api/v1/invoice/66f02d34697292a5d62e1ce3',
  status: 200,
  response_time: 7.145,
  level: 'http',
  message: 'incom-request',
  timestamp: '2024-09-22 06:41:18.393 PM'
}
