{
  method: 'GET',
  url: '/api/v1/detail/66f1b83644bdd8150a333d60',
  status: 304,
  response_time: 67.502,
  level: 'http',
  message: 'incom-request',
  timestamp: '2024-09-24 11:14:22.815 AM'
}
{
  method: 'GET',
  url: '/api/v1/invoice/66f1b83644bdd8150a333d60?time=0.30452203995369975',
  status: 200,
  response_time: 2.381,
  level: 'http',
  message: 'incom-request',
  timestamp: '2024-09-24 11:14:22.952 AM'
}
{
  method: 'GET',
  url: '/api/v1/detail/66f1b83644bdd8150a333d60',
  status: 304,
  response_time: 23.739,
  level: 'http',
  message: 'incom-request',
  timestamp: '2024-09-24 11:14:32.320 AM'
}
{
  method: 'GET',
  url: '/api/v1/invoice/66f1b83644bdd8150a333d60?time=0.9820230751859046',
  status: 200,
  response_time: 22.35,
  level: 'http',
  message: 'incom-request',
  timestamp: '2024-09-24 11:14:33.852 AM'
}
{
  method: 'GET',
  url: '/api/v1/detail/66f1b83644bdd8150a333d60',
  status: 304,
  response_time: 10.034,
  level: 'http',
  message: 'incom-request',
  timestamp: '2024-09-24 11:14:34.782 AM'
}
{
  method: 'GET',
  url: '/api/v1/invoice/66f1b83644bdd8150a333d60?time=0.8781690102780619',
  status: 200,
  response_time: 6.773,
  level: 'http',
  message: 'incom-request',
  timestamp: '2024-09-24 11:14:34.953 AM'
}
{
  method: 'GET',
  url: '/api/v1/detail/66f1b83644bdd8150a333d60',
  status: 304,
  response_time: 15.109,
  level: 'http',
  message: 'incom-request',
  timestamp: '2024-09-24 11:14:37.511 AM'
}
{
  method: 'GET',
  url: '/api/v1/invoice/66f1b83644bdd8150a333d60?time=0.5715311390874157',
  status: 200,
  response_time: 23.941,
  level: 'http',
  message: 'incom-request',
  timestamp: '2024-09-24 11:14:39.072 AM'
}
{
  method: 'GET',
  url: '/api/v1/detail/66f1b83644bdd8150a333d60',
  status: 304,
  response_time: 8.337,
  level: 'http',
  message: 'incom-request',
  timestamp: '2024-09-24 11:14:39.921 AM'
}
{
  method: 'GET',
  url: '/api/v1/invoice/66f1b83644bdd8150a333d60?time=0.28442062399665',
  status: 200,
  response_time: 3.082,
  level: 'http',
  message: 'incom-request',
  timestamp: '2024-09-24 11:14:40.046 AM'
}
{
  method: 'GET',
  url: '/api/v1/detail/66f1b83644bdd8150a333d60',
  status: 304,
  response_time: 41.907,
  level: 'http',
  message: 'incom-request',
  timestamp: '2024-09-24 11:14:50.682 AM'
}
{
  method: 'GET',
  url: '/api/v1/invoice/66f1b83644bdd8150a333d60?time=0.32508274274528537',
  status: 200,
  response_time: 3.284,
  level: 'http',
  message: 'incom-request',
  timestamp: '2024-09-24 11:14:50.820 AM'
}
{
  method: 'GET',
  url: '/api/v1/detail/66f1b83644bdd8150a333d60',
  status: 304,
  response_time: 87.531,
  level: 'http',
  message: 'incom-request',
  timestamp: '2024-09-24 11:15:06.138 AM'
}
{
  method: 'GET',
  url: '/api/v1/invoice/66f1b83644bdd8150a333d60?time=0.3181325051928957',
  status: 200,
  response_time: 56.445,
  level: 'http',
  message: 'incom-request',
  timestamp: '2024-09-24 11:15:19.495 AM'
}
{
  method: 'GET',
  url: '/api/v1/detail/66f1b83644bdd8150a333d60',
  status: 200,
  response_time: 9,
  level: 'http',
  message: 'incom-request',
  timestamp: '2024-09-24 11:15:20.083 AM'
}
{
  method: 'GET',
  url: '/api/v1/invoice/66f1b83644bdd8150a333d60?time=0.4621416912640798',
  status: 200,
  response_time: 70.406,
  level: 'http',
  message: 'incom-request',
  timestamp: '2024-09-24 11:15:22.880 AM'
}
