{
  method: 'GET',
  url: '/api/v1/detail/66f02d34697292a5d62e1ce3',
  status: 200,
  response_time: 259.733,
  level: 'http',
  message: 'incom-request',
  timestamp: '2024-09-23 11:02:52.476 AM'
}
{
  method: 'GET',
  url: '/api/v1/invoice/66f02d34697292a5d62e1ce3?time=0.44435745878427735',
  status: 200,
  response_time: 3.251,
  level: 'http',
  message: 'incom-request',
  timestamp: '2024-09-23 11:02:52.947 AM'
}
{
  method: 'GET',
  url: '/api/v1/invoice/66f02d34697292a5d62e1ce3?time=0.33711251715949386',
  status: 200,
  response_time: 2.734,
  level: 'http',
  message: 'incom-request',
  timestamp: '2024-09-23 11:02:53.070 AM'
}
{
  method: 'GET',
  url: '/api/v1/invoice/66f02d34697292a5d62e1ce3',
  status: 200,
  response_time: 15.1,
  level: 'http',
  message: 'incom-request',
  timestamp: '2024-09-23 11:02:55.064 AM'
}
{
  message: '\x1B[34m\x1B[1mMOngodb connected: mongodb\x1B[22m\x1B[39m',
  level: 'info',
  timestamp: '2024-09-23 11:03:50.998 AM'
}
{
  message: '\x1B[32m\x1B[1mcheck\x1B[22m\x1B[39m Server running in \x1B[33m\x1B[1mdevelopment\x1B[22m\x1B[39m mode on port \x1B[34m\x1B[1m1997\x1B[22m\x1B[39m',
  level: 'info',
  timestamp: '2024-09-23 11:03:51.006 AM'
}
{
  method: 'GET',
  url: '/api/v1/detail/66f02d34697292a5d62e1ce3',
  status: 304,
  response_time: 43.374,
  level: 'http',
  message: 'incom-request',
  timestamp: '2024-09-23 11:04:11.613 AM'
}
{
  method: 'GET',
  url: '/api/v1/invoice/66f02d34697292a5d62e1ce3?time=0.80899657541523',
  status: 200,
  response_time: 6.422,
  level: 'http',
  message: 'incom-request',
  timestamp: '2024-09-23 11:04:11.784 AM'
}
{
  method: 'GET',
  url: '/api/v1/invoice/66f02d34697292a5d62e1ce3?time=0.9685605694330309',
  status: 200,
  response_time: 2.864,
  level: 'http',
  message: 'incom-request',
  timestamp: '2024-09-23 11:04:11.881 AM'
}
{
  method: 'GET',
  url: '/api/v1/invoice/66f02d34697292a5d62e1ce3',
  status: 200,
  response_time: 10.716,
  level: 'http',
  message: 'incom-request',
  timestamp: '2024-09-23 11:04:22.202 AM'
}
{
  message: '\x1B[34m\x1B[1mMOngodb connected: mongodb\x1B[22m\x1B[39m',
  level: 'info',
  timestamp: '2024-09-23 11:04:45.553 AM'
}
{
  message: '\x1B[32m\x1B[1mcheck\x1B[22m\x1B[39m Server running in \x1B[33m\x1B[1mdevelopment\x1B[22m\x1B[39m mode on port \x1B[34m\x1B[1m1997\x1B[22m\x1B[39m',
  level: 'info',
  timestamp: '2024-09-23 11:04:45.558 AM'
}
{
  message: '\x1B[34m\x1B[1mMOngodb connected: mongodb\x1B[22m\x1B[39m',
  level: 'info',
  timestamp: '2024-09-23 11:04:49.580 AM'
}
{
  message: '\x1B[32m\x1B[1mcheck\x1B[22m\x1B[39m Server running in \x1B[33m\x1B[1mdevelopment\x1B[22m\x1B[39m mode on port \x1B[34m\x1B[1m1997\x1B[22m\x1B[39m',
  level: 'info',
  timestamp: '2024-09-23 11:04:49.583 AM'
}
{
  message: '\x1B[34m\x1B[1mMOngodb connected: mongodb\x1B[22m\x1B[39m',
  level: 'info',
  timestamp: '2024-09-23 11:04:52.591 AM'
}
{
  message: '\x1B[32m\x1B[1mcheck\x1B[22m\x1B[39m Server running in \x1B[33m\x1B[1mdevelopment\x1B[22m\x1B[39m mode on port \x1B[34m\x1B[1m1997\x1B[22m\x1B[39m',
  level: 'info',
  timestamp: '2024-09-23 11:04:52.597 AM'
}
{
  message: '\x1B[34m\x1B[1mMOngodb connected: mongodb\x1B[22m\x1B[39m',
  level: 'info',
  timestamp: '2024-09-23 11:07:52.980 AM'
}
{
  message: '\x1B[32m\x1B[1mcheck\x1B[22m\x1B[39m Server running in \x1B[33m\x1B[1mdevelopment\x1B[22m\x1B[39m mode on port \x1B[34m\x1B[1m1997\x1B[22m\x1B[39m',
  level: 'info',
  timestamp: '2024-09-23 11:07:52.986 AM'
}
{
  method: 'GET',
  url: '/api/v1/detail/66f02d34697292a5d62e1ce3',
  status: 304,
  response_time: 52.025,
  level: 'http',
  message: 'incom-request',
  timestamp: '2024-09-23 11:08:00.690 AM'
}
{
  method: 'GET',
  url: '/api/v1/invoice/66f02d34697292a5d62e1ce3?time=0.8811237138019435',
  status: 200,
  response_time: 5.226,
  level: 'http',
  message: 'incom-request',
  timestamp: '2024-09-23 11:08:00.857 AM'
}
{
  method: 'GET',
  url: '/api/v1/invoice/66f02d34697292a5d62e1ce3?time=0.15960458235792052',
  status: 200,
  response_time: 2.794,
  level: 'http',
  message: 'incom-request',
  timestamp: '2024-09-23 11:08:01.028 AM'
}
{
  method: 'GET',
  url: '/api/v1/invoice/66f02d34697292a5d62e1ce3',
  status: 200,
  response_time: 16.014,
  level: 'http',
  message: 'incom-request',
  timestamp: '2024-09-23 11:08:05.670 AM'
}
{
  message: '\x1B[34m\x1B[1mMOngodb connected: mongodb\x1B[22m\x1B[39m',
  level: 'info',
  timestamp: '2024-09-23 11:09:30.953 AM'
}
{
  message: '\x1B[32m\x1B[1mcheck\x1B[22m\x1B[39m Server running in \x1B[33m\x1B[1mdevelopment\x1B[22m\x1B[39m mode on port \x1B[34m\x1B[1m1997\x1B[22m\x1B[39m',
  level: 'info',
  timestamp: '2024-09-23 11:09:30.963 AM'
}
{
  message: '\x1B[34m\x1B[1mMOngodb connected: mongodb\x1B[22m\x1B[39m',
  level: 'info',
  timestamp: '2024-09-23 11:09:35.513 AM'
}
{
  message: '\x1B[32m\x1B[1mcheck\x1B[22m\x1B[39m Server running in \x1B[33m\x1B[1mdevelopment\x1B[22m\x1B[39m mode on port \x1B[34m\x1B[1m1997\x1B[22m\x1B[39m',
  level: 'info',
  timestamp: '2024-09-23 11:09:35.517 AM'
}
{
  message: '\x1B[34m\x1B[1mMOngodb connected: mongodb\x1B[22m\x1B[39m',
  level: 'info',
  timestamp: '2024-09-23 11:09:41.109 AM'
}
{
  message: '\x1B[32m\x1B[1mcheck\x1B[22m\x1B[39m Server running in \x1B[33m\x1B[1mdevelopment\x1B[22m\x1B[39m mode on port \x1B[34m\x1B[1m1997\x1B[22m\x1B[39m',
  level: 'info',
  timestamp: '2024-09-23 11:09:41.113 AM'
}
{
  message: '\x1B[34m\x1B[1mMOngodb connected: mongodb\x1B[22m\x1B[39m',
  level: 'info',
  timestamp: '2024-09-23 11:09:50.811 AM'
}
{
  message: '\x1B[32m\x1B[1mcheck\x1B[22m\x1B[39m Server running in \x1B[33m\x1B[1mdevelopment\x1B[22m\x1B[39m mode on port \x1B[34m\x1B[1m1997\x1B[22m\x1B[39m',
  level: 'info',
  timestamp: '2024-09-23 11:09:50.827 AM'
}
{
  method: 'GET',
  url: '/api/v1/detail/66f02d34697292a5d62e1ce3',
  status: 304,
  response_time: 61.074,
  level: 'http',
  message: 'incom-request',
  timestamp: '2024-09-23 11:09:58.677 AM'
}
{
  method: 'GET',
  url: '/api/v1/invoice/66f02d34697292a5d62e1ce3?time=0.8614797405233936',
  status: 200,
  response_time: 8.449,
  level: 'http',
  message: 'incom-request',
  timestamp: '2024-09-23 11:09:58.910 AM'
}
{
  method: 'GET',
  url: '/api/v1/invoice/66f02d34697292a5d62e1ce3?time=0.4476301956522054',
  status: 200,
  response_time: 2.434,
  level: 'http',
  message: 'incom-request',
  timestamp: '2024-09-23 11:09:59.034 AM'
}
{
  message: '\x1B[34m\x1B[1mMOngodb connected: mongodb\x1B[22m\x1B[39m',
  level: 'info',
  timestamp: '2024-09-23 11:10:27.666 AM'
}
{
  message: '\x1B[32m\x1B[1mcheck\x1B[22m\x1B[39m Server running in \x1B[33m\x1B[1mdevelopment\x1B[22m\x1B[39m mode on port \x1B[34m\x1B[1m1997\x1B[22m\x1B[39m',
  level: 'info',
  timestamp: '2024-09-23 11:10:27.670 AM'
}
{
  message: '\x1B[34m\x1B[1mMOngodb connected: mongodb\x1B[22m\x1B[39m',
  level: 'info',
  timestamp: '2024-09-23 11:10:32.218 AM'
}
{
  message: '\x1B[32m\x1B[1mcheck\x1B[22m\x1B[39m Server running in \x1B[33m\x1B[1mdevelopment\x1B[22m\x1B[39m mode on port \x1B[34m\x1B[1m1997\x1B[22m\x1B[39m',
  level: 'info',
  timestamp: '2024-09-23 11:10:32.231 AM'
}
{
  message: '\x1B[34m\x1B[1mMOngodb connected: mongodb\x1B[22m\x1B[39m',
  level: 'info',
  timestamp: '2024-09-23 11:10:35.442 AM'
}
{
  message: '\x1B[32m\x1B[1mcheck\x1B[22m\x1B[39m Server running in \x1B[33m\x1B[1mdevelopment\x1B[22m\x1B[39m mode on port \x1B[34m\x1B[1m1997\x1B[22m\x1B[39m',
  level: 'info',
  timestamp: '2024-09-23 11:10:35.450 AM'
}
{
  method: 'GET',
  url: '/api/v1/detail/66f02d34697292a5d62e1ce3',
  status: 304,
  response_time: 41.72,
  level: 'http',
  message: 'incom-request',
  timestamp: '2024-09-23 11:10:41.232 AM'
}
{
  method: 'GET',
  url: '/api/v1/invoice/66f02d34697292a5d62e1ce3?time=0.8190307076104456',
  status: 200,
  response_time: 5.73,
  level: 'http',
  message: 'incom-request',
  timestamp: '2024-09-23 11:10:41.368 AM'
}
{
  method: 'GET',
  url: '/api/v1/invoice/66f02d34697292a5d62e1ce3?time=0.9784915589244526',
  status: 200,
  response_time: 2.291,
  level: 'http',
  message: 'incom-request',
  timestamp: '2024-09-23 11:10:41.496 AM'
}
{
  method: 'GET',
  url: '/api/v1/detail/66f02d34697292a5d62e1ce3',
  status: 304,
  response_time: 18.382,
  level: 'http',
  message: 'incom-request',
  timestamp: '2024-09-23 11:11:37.438 AM'
}
{
  method: 'GET',
  url: '/api/v1/invoice/66f02d34697292a5d62e1ce3?time=0.7604847265389448',
  status: 200,
  response_time: 2.577,
  level: 'http',
  message: 'incom-request',
  timestamp: '2024-09-23 11:11:37.559 AM'
}
{
  method: 'GET',
  url: '/api/v1/invoice/66f02d34697292a5d62e1ce3?time=0.9115741786345729',
  status: 200,
  response_time: 2.602,
  level: 'http',
  message: 'incom-request',
  timestamp: '2024-09-23 11:11:37.643 AM'
}
{
  message: '\x1B[34m\x1B[1mMOngodb connected: mongodb\x1B[22m\x1B[39m',
  level: 'info',
  timestamp: '2024-09-23 11:11:55.134 AM'
}
{
  message: '\x1B[32m\x1B[1mcheck\x1B[22m\x1B[39m Server running in \x1B[33m\x1B[1mdevelopment\x1B[22m\x1B[39m mode on port \x1B[34m\x1B[1m1997\x1B[22m\x1B[39m',
  level: 'info',
  timestamp: '2024-09-23 11:11:55.145 AM'
}
{
  message: '\x1B[34m\x1B[1mMOngodb connected: mongodb\x1B[22m\x1B[39m',
  level: 'info',
  timestamp: '2024-09-23 11:11:55.931 AM'
}
{
  message: '\x1B[32m\x1B[1mcheck\x1B[22m\x1B[39m Server running in \x1B[33m\x1B[1mdevelopment\x1B[22m\x1B[39m mode on port \x1B[34m\x1B[1m1997\x1B[22m\x1B[39m',
  level: 'info',
  timestamp: '2024-09-23 11:11:55.935 AM'
}
{
  method: 'GET',
  url: '/api/v1/detail/66f02d34697292a5d62e1ce3',
  status: 304,
  response_time: 30.758,
  level: 'http',
  message: 'incom-request',
  timestamp: '2024-09-23 11:12:02.789 AM'
}
{
  method: 'GET',
  url: '/api/v1/invoice/66f02d34697292a5d62e1ce3?time=0.2778780969104171',
  status: 200,
  response_time: 10.202,
  level: 'http',
  message: 'incom-request',
  timestamp: '2024-09-23 11:12:03.453 AM'
}
{
  method: 'GET',
  url: '/api/v1/invoice/66f02d34697292a5d62e1ce3?time=0.1017497629937808',
  status: 200,
  response_time: 3.608,
  level: 'http',
  message: 'incom-request',
  timestamp: '2024-09-23 11:12:03.554 AM'
}
{
  method: 'GET',
  url: '/api/v1/invoice/66f02d34697292a5d62e1ce3',
  status: 200,
  response_time: 16.438,
  level: 'http',
  message: 'incom-request',
  timestamp: '2024-09-23 11:12:07.783 AM'
}
{
  method: 'POST',
  url: '/api/v1/update/66f02d34697292a5d62e1ce3',
  status: 200,
  response_time: 66.825,
  level: 'http',
  message: 'incom-request',
  timestamp: '2024-09-23 11:14:33.741 AM'
}
{
  method: 'GET',
  url: '/api/v1/invoice/66f02d34697292a5d62e1ce3?time=0.2566549213552406',
  status: 200,
  response_time: 5.738,
  level: 'http',
  message: 'incom-request',
  timestamp: '2024-09-23 11:14:33.953 AM'
}
{
  method: 'POST',
  url: '/api/v1/update/66f02d34697292a5d62e1ce3',
  status: 200,
  response_time: 49.097,
  level: 'http',
  message: 'incom-request',
  timestamp: '2024-09-23 11:14:49.658 AM'
}
{
  method: 'GET',
  url: '/api/v1/invoice/66f02d34697292a5d62e1ce3?time=0.7753744338370528',
  status: 200,
  response_time: 2.928,
  level: 'http',
  message: 'incom-request',
  timestamp: '2024-09-23 11:14:49.810 AM'
}
{
  message: '\x1B[34m\x1B[1mMOngodb connected: mongodb\x1B[22m\x1B[39m',
  level: 'info',
  timestamp: '2024-09-23 11:16:31.167 AM'
}
{
  message: '\x1B[32m\x1B[1mcheck\x1B[22m\x1B[39m Server running in \x1B[33m\x1B[1mdevelopment\x1B[22m\x1B[39m mode on port \x1B[34m\x1B[1m1997\x1B[22m\x1B[39m',
  level: 'info',
  timestamp: '2024-09-23 11:16:31.173 AM'
}
{
  message: '\x1B[34m\x1B[1mMOngodb connected: mongodb\x1B[22m\x1B[39m',
  level: 'info',
  timestamp: '2024-09-23 11:16:48.322 AM'
}
{
  message: '\x1B[32m\x1B[1mcheck\x1B[22m\x1B[39m Server running in \x1B[33m\x1B[1mdevelopment\x1B[22m\x1B[39m mode on port \x1B[34m\x1B[1m1997\x1B[22m\x1B[39m',
  level: 'info',
  timestamp: '2024-09-23 11:16:48.326 AM'
}
{
  method: 'GET',
  url: '/api/v1/detail/66f02d34697292a5d62e1ce3',
  status: 200,
  response_time: 41.9,
  level: 'http',
  message: 'incom-request',
  timestamp: '2024-09-23 11:17:15.791 AM'
}
{
  method: 'GET',
  url: '/api/v1/invoice/66f02d34697292a5d62e1ce3?time=0.8114540587504532',
  status: 200,
  response_time: 10.775,
  level: 'http',
  message: 'incom-request',
  timestamp: '2024-09-23 11:17:15.893 AM'
}
{
  method: 'GET',
  url: '/api/v1/invoice/66f02d34697292a5d62e1ce3?time=0.3002435091753006',
  status: 200,
  response_time: 4.231,
  level: 'http',
  message: 'incom-request',
  timestamp: '2024-09-23 11:17:15.921 AM'
}
{
  method: 'GET',
  url: '/api/v1/invoice/66f02d34697292a5d62e1ce3?time=0.500361173809123',
  status: 200,
  response_time: 2.401,
  level: 'http',
  message: 'incom-request',
  timestamp: '2024-09-23 11:17:16.020 AM'
}
{
  message: '\x1B[34m\x1B[1mMOngodb connected: mongodb\x1B[22m\x1B[39m',
  level: 'info',
  timestamp: '2024-09-23 11:17:48.250 AM'
}
{
  message: '\x1B[32m\x1B[1mcheck\x1B[22m\x1B[39m Server running in \x1B[33m\x1B[1mdevelopment\x1B[22m\x1B[39m mode on port \x1B[34m\x1B[1m1997\x1B[22m\x1B[39m',
  level: 'info',
  timestamp: '2024-09-23 11:17:48.255 AM'
}
{
  message: '\x1B[34m\x1B[1mMOngodb connected: mongodb\x1B[22m\x1B[39m',
  level: 'info',
  timestamp: '2024-09-23 11:17:52.044 AM'
}
{
  message: '\x1B[32m\x1B[1mcheck\x1B[22m\x1B[39m Server running in \x1B[33m\x1B[1mdevelopment\x1B[22m\x1B[39m mode on port \x1B[34m\x1B[1m1997\x1B[22m\x1B[39m',
  level: 'info',
  timestamp: '2024-09-23 11:17:52.048 AM'
}
{
  method: 'GET',
  url: '/api/v1/detail/66f02d34697292a5d62e1ce3',
  status: 304,
  response_time: 27.592,
  level: 'http',
  message: 'incom-request',
  timestamp: '2024-09-23 11:18:00.424 AM'
}
{
  method: 'GET',
  url: '/api/v1/invoice/66f02d34697292a5d62e1ce3?time=0.021691119639668854',
  status: 200,
  response_time: 2.63,
  level: 'http',
  message: 'incom-request',
  timestamp: '2024-09-23 11:18:00.550 AM'
}
{
  method: 'GET',
  url: '/api/v1/invoice/66f02d34697292a5d62e1ce3?time=0.7552968595410374',
  status: 200,
  response_time: 2.56,
  level: 'http',
  message: 'incom-request',
  timestamp: '2024-09-23 11:18:00.660 AM'
}
{
  message: '\x1B[34m\x1B[1mMOngodb connected: mongodb\x1B[22m\x1B[39m',
  level: 'info',
  timestamp: '2024-09-23 11:18:23.556 AM'
}
{
  message: '\x1B[32m\x1B[1mcheck\x1B[22m\x1B[39m Server running in \x1B[33m\x1B[1mdevelopment\x1B[22m\x1B[39m mode on port \x1B[34m\x1B[1m1997\x1B[22m\x1B[39m',
  level: 'info',
  timestamp: '2024-09-23 11:18:23.568 AM'
}
{
  method: 'GET',
  url: '/api/v1/detail/66f02d34697292a5d62e1ce3',
  status: 304,
  response_time: 16.547,
  level: 'http',
  message: 'incom-request',
  timestamp: '2024-09-23 11:18:24.606 AM'
}
{
  method: 'GET',
  url: '/api/v1/invoice/66f02d34697292a5d62e1ce3?time=0.7879321125517555',
  status: 200,
  response_time: 3.291,
  level: 'http',
  message: 'incom-request',
  timestamp: '2024-09-23 11:18:24.738 AM'
}
{
  method: 'GET',
  url: '/api/v1/invoice/66f02d34697292a5d62e1ce3?time=0.7519332941089254',
  status: 200,
  response_time: 4.938,
  level: 'http',
  message: 'incom-request',
  timestamp: '2024-09-23 11:18:24.849 AM'
}
{
  message: '\x1B[34m\x1B[1mMOngodb connected: mongodb\x1B[22m\x1B[39m',
  level: 'info',
  timestamp: '2024-09-23 11:21:27.139 AM'
}
{
  message: '\x1B[32m\x1B[1mcheck\x1B[22m\x1B[39m Server running in \x1B[33m\x1B[1mdevelopment\x1B[22m\x1B[39m mode on port \x1B[34m\x1B[1m1997\x1B[22m\x1B[39m',
  level: 'info',
  timestamp: '2024-09-23 11:21:27.150 AM'
}
{
  method: 'GET',
  url: '/api/v1/detail/66f02d34697292a5d62e1ce3',
  status: 304,
  response_time: 40.47,
  level: 'http',
  message: 'incom-request',
  timestamp: '2024-09-23 11:21:59.833 AM'
}
{
  method: 'GET',
  url: '/api/v1/invoice/66f02d34697292a5d62e1ce3?time=0.9054049036461073',
  status: 200,
  response_time: 3.015,
  level: 'http',
  message: 'incom-request',
  timestamp: '2024-09-23 11:21:59.987 AM'
}
{
  method: 'GET',
  url: '/api/v1/invoice/66f02d34697292a5d62e1ce3?time=0.30379697979613585',
  status: 200,
  response_time: 3.251,
  level: 'http',
  message: 'incom-request',
  timestamp: '2024-09-23 11:22:00.083 AM'
}
{
  message: '\x1B[34m\x1B[1mMOngodb connected: mongodb\x1B[22m\x1B[39m',
  level: 'info',
  timestamp: '2024-09-23 11:22:16.080 AM'
}
{
  message: '\x1B[32m\x1B[1mcheck\x1B[22m\x1B[39m Server running in \x1B[33m\x1B[1mdevelopment\x1B[22m\x1B[39m mode on port \x1B[34m\x1B[1m1997\x1B[22m\x1B[39m',
  level: 'info',
  timestamp: '2024-09-23 11:22:16.087 AM'
}
{
  message: '\x1B[34m\x1B[1mMOngodb connected: mongodb\x1B[22m\x1B[39m',
  level: 'info',
  timestamp: '2024-09-23 11:22:19.963 AM'
}
{
  message: '\x1B[32m\x1B[1mcheck\x1B[22m\x1B[39m Server running in \x1B[33m\x1B[1mdevelopment\x1B[22m\x1B[39m mode on port \x1B[34m\x1B[1m1997\x1B[22m\x1B[39m',
  level: 'info',
  timestamp: '2024-09-23 11:22:19.969 AM'
}
{
  message: '\x1B[34m\x1B[1mMOngodb connected: mongodb\x1B[22m\x1B[39m',
  level: 'info',
  timestamp: '2024-09-23 11:22:20.358 AM'
}
{
  message: '\x1B[32m\x1B[1mcheck\x1B[22m\x1B[39m Server running in \x1B[33m\x1B[1mdevelopment\x1B[22m\x1B[39m mode on port \x1B[34m\x1B[1m1997\x1B[22m\x1B[39m',
  level: 'info',
  timestamp: '2024-09-23 11:22:20.363 AM'
}
{
  message: '\x1B[34m\x1B[1mMOngodb connected: mongodb\x1B[22m\x1B[39m',
  level: 'info',
  timestamp: '2024-09-23 11:37:37.525 AM'
}
{
  message: '\x1B[32m\x1B[1mcheck\x1B[22m\x1B[39m Server running in \x1B[33m\x1B[1mdevelopment\x1B[22m\x1B[39m mode on port \x1B[34m\x1B[1m1997\x1B[22m\x1B[39m',
  level: 'info',
  timestamp: '2024-09-23 11:37:37.533 AM'
}
{
  message: '\x1B[34m\x1B[1mMOngodb connected: mongodb\x1B[22m\x1B[39m',
  level: 'info',
  timestamp: '2024-09-23 11:37:54.548 AM'
}
{
  message: '\x1B[32m\x1B[1mcheck\x1B[22m\x1B[39m Server running in \x1B[33m\x1B[1mdevelopment\x1B[22m\x1B[39m mode on port \x1B[34m\x1B[1m1997\x1B[22m\x1B[39m',
  level: 'info',
  timestamp: '2024-09-23 11:37:54.553 AM'
}
{
  message: '\x1B[34m\x1B[1mMOngodb connected: mongodb\x1B[22m\x1B[39m',
  level: 'info',
  timestamp: '2024-09-23 11:37:55.190 AM'
}
{
  message: '\x1B[32m\x1B[1mcheck\x1B[22m\x1B[39m Server running in \x1B[33m\x1B[1mdevelopment\x1B[22m\x1B[39m mode on port \x1B[34m\x1B[1m1997\x1B[22m\x1B[39m',
  level: 'info',
  timestamp: '2024-09-23 11:37:55.194 AM'
}
{
  message: '\x1B[34m\x1B[1mMOngodb connected: mongodb\x1B[22m\x1B[39m',
  level: 'info',
  timestamp: '2024-09-23 11:38:02.111 AM'
}
{
  message: '\x1B[32m\x1B[1mcheck\x1B[22m\x1B[39m Server running in \x1B[33m\x1B[1mdevelopment\x1B[22m\x1B[39m mode on port \x1B[34m\x1B[1m1997\x1B[22m\x1B[39m',
  level: 'info',
  timestamp: '2024-09-23 11:38:02.116 AM'
}
{
  message: '\x1B[34m\x1B[1mMOngodb connected: mongodb\x1B[22m\x1B[39m',
  level: 'info',
  timestamp: '2024-09-23 11:38:14.250 AM'
}
{
  message: '\x1B[32m\x1B[1mcheck\x1B[22m\x1B[39m Server running in \x1B[33m\x1B[1mdevelopment\x1B[22m\x1B[39m mode on port \x1B[34m\x1B[1m1997\x1B[22m\x1B[39m',
  level: 'info',
  timestamp: '2024-09-23 11:38:14.253 AM'
}
{
  message: '\x1B[34m\x1B[1mMOngodb connected: mongodb\x1B[22m\x1B[39m',
  level: 'info',
  timestamp: '2024-09-23 11:38:21.993 AM'
}
{
  message: '\x1B[32m\x1B[1mcheck\x1B[22m\x1B[39m Server running in \x1B[33m\x1B[1mdevelopment\x1B[22m\x1B[39m mode on port \x1B[34m\x1B[1m1997\x1B[22m\x1B[39m',
  level: 'info',
  timestamp: '2024-09-23 11:38:21.998 AM'
}
{
  message: '\x1B[34m\x1B[1mMOngodb connected: mongodb\x1B[22m\x1B[39m',
  level: 'info',
  timestamp: '2024-09-23 11:38:31.152 AM'
}
{
  message: '\x1B[32m\x1B[1mcheck\x1B[22m\x1B[39m Server running in \x1B[33m\x1B[1mdevelopment\x1B[22m\x1B[39m mode on port \x1B[34m\x1B[1m1997\x1B[22m\x1B[39m',
  level: 'info',
  timestamp: '2024-09-23 11:38:31.156 AM'
}
{
  message: '\x1B[34m\x1B[1mMOngodb connected: mongodb\x1B[22m\x1B[39m',
  level: 'info',
  timestamp: '2024-09-23 11:38:42.889 AM'
}
{
  message: '\x1B[32m\x1B[1mcheck\x1B[22m\x1B[39m Server running in \x1B[33m\x1B[1mdevelopment\x1B[22m\x1B[39m mode on port \x1B[34m\x1B[1m1997\x1B[22m\x1B[39m',
  level: 'info',
  timestamp: '2024-09-23 11:38:42.893 AM'
}
{
  method: 'GET',
  url: '/api/v1/detail/66efb8e39b51b858d60a33c4',
  status: 200,
  response_time: 23.447,
  level: 'http',
  message: 'incom-request',
  timestamp: '2024-09-23 11:38:57.809 AM'
}
{
  method: 'GET',
  url: '/api/v1/invoice/66efb8e39b51b858d60a33c4?time=0.5740913291567846',
  status: 200,
  response_time: 2.68,
  level: 'http',
  message: 'incom-request',
  timestamp: '2024-09-23 11:38:57.914 AM'
}
{
  method: 'GET',
  url: '/api/v1/invoice/66efb8e39b51b858d60a33c4?time=0.4482637140203307',
  status: 200,
  response_time: 2.463,
  level: 'http',
  message: 'incom-request',
  timestamp: '2024-09-23 11:38:57.980 AM'
}
{
  message: '\x1B[34m\x1B[1mMOngodb connected: mongodb\x1B[22m\x1B[39m',
  level: 'info',
  timestamp: '2024-09-23 11:39:20.625 AM'
}
{
  message: '\x1B[32m\x1B[1mcheck\x1B[22m\x1B[39m Server running in \x1B[33m\x1B[1mdevelopment\x1B[22m\x1B[39m mode on port \x1B[34m\x1B[1m1997\x1B[22m\x1B[39m',
  level: 'info',
  timestamp: '2024-09-23 11:39:20.636 AM'
}
{
  method: 'GET',
  url: '/api/v1/detail/66efb8e39b51b858d60a33c4',
  status: 304,
  response_time: 33.298,
  level: 'http',
  message: 'incom-request',
  timestamp: '2024-09-23 11:39:24.080 AM'
}
{
  method: 'GET',
  url: '/api/v1/invoice/66efb8e39b51b858d60a33c4?time=0.28154932006799593',
  status: 200,
  response_time: 26.893,
  level: 'http',
  message: 'incom-request',
  timestamp: '2024-09-23 11:39:24.147 AM'
}
{
  method: 'GET',
  url: '/api/v1/invoice/66efb8e39b51b858d60a33c4?time=0.8076171289663532',
  status: 200,
  response_time: 2.317,
  level: 'http',
  message: 'incom-request',
  timestamp: '2024-09-23 11:39:24.168 AM'
}
{
  method: 'GET',
  url: '/api/v1/invoice/66efb8e39b51b858d60a33c4?time=0.47368097302210077',
  status: 200,
  response_time: 2.384,
  level: 'http',
  message: 'incom-request',
  timestamp: '2024-09-23 11:39:24.241 AM'
}
{
  message: '\x1B[34m\x1B[1mMOngodb connected: mongodb\x1B[22m\x1B[39m',
  level: 'info',
  timestamp: '2024-09-23 11:39:48.065 AM'
}
{
  message: '\x1B[32m\x1B[1mcheck\x1B[22m\x1B[39m Server running in \x1B[33m\x1B[1mdevelopment\x1B[22m\x1B[39m mode on port \x1B[34m\x1B[1m1997\x1B[22m\x1B[39m',
  level: 'info',
  timestamp: '2024-09-23 11:39:48.074 AM'
}
{
  method: 'GET',
  url: '/api/v1/detail/66efb8e39b51b858d60a33c4',
  status: 304,
  response_time: 33.678,
  level: 'http',
  message: 'incom-request',
  timestamp: '2024-09-23 11:39:50.894 AM'
}
{
  method: 'GET',
  url: '/api/v1/invoice/66efb8e39b51b858d60a33c4?time=0.9999871314281987',
  status: null,
  response_time: null,
  level: 'http',
  message: 'incom-request',
  timestamp: '2024-09-23 11:39:50.915 AM'
}
{
  method: 'GET',
  url: '/api/v1/invoice/66efb8e39b51b858d60a33c4?time=0.28976934429682033',
  status: 200,
  response_time: 2.625,
  level: 'http',
  message: 'incom-request',
  timestamp: '2024-09-23 11:39:51.087 AM'
}
{
  method: 'GET',
  url: '/api/v1/invoice/66efb8e39b51b858d60a33c4?time=0.344170561894656',
  status: 200,
  response_time: 2.35,
  level: 'http',
  message: 'incom-request',
  timestamp: '2024-09-23 11:39:51.183 AM'
}
{
  message: '\x1B[34m\x1B[1mMOngodb connected: mongodb\x1B[22m\x1B[39m',
  level: 'info',
  timestamp: '2024-09-23 11:39:59.821 AM'
}
{
  message: '\x1B[32m\x1B[1mcheck\x1B[22m\x1B[39m Server running in \x1B[33m\x1B[1mdevelopment\x1B[22m\x1B[39m mode on port \x1B[34m\x1B[1m1997\x1B[22m\x1B[39m',
  level: 'info',
  timestamp: '2024-09-23 11:39:59.828 AM'
}
{
  method: 'GET',
  url: '/api/v1/detail/66efb8e39b51b858d60a33c4',
  status: 304,
  response_time: 32.446,
  level: 'http',
  message: 'incom-request',
  timestamp: '2024-09-23 11:40:02.262 AM'
}
{
  method: 'GET',
  url: '/api/v1/invoice/66efb8e39b51b858d60a33c4?time=0.06746713886634503',
  status: null,
  response_time: null,
  level: 'http',
  message: 'incom-request',
  timestamp: '2024-09-23 11:40:02.282 AM'
}
{
  method: 'GET',
  url: '/api/v1/invoice/66efb8e39b51b858d60a33c4?time=0.7662117734258806',
  status: 200,
  response_time: 2.578,
  level: 'http',
  message: 'incom-request',
  timestamp: '2024-09-23 11:40:02.358 AM'
}
{
  method: 'GET',
  url: '/api/v1/invoice/66efb8e39b51b858d60a33c4?time=0.6218893874169902',
  status: 200,
  response_time: 2.188,
  level: 'http',
  message: 'incom-request',
  timestamp: '2024-09-23 11:40:02.429 AM'
}
{
  method: 'POST',
  url: '/api/v1/update/66efb8e39b51b858d60a33c4',
  status: 200,
  response_time: 58.535,
  level: 'http',
  message: 'incom-request',
  timestamp: '2024-09-23 11:40:41.073 AM'
}
{
  method: 'GET',
  url: '/api/v1/invoice/66efb8e39b51b858d60a33c4?time=0.2038841765092736',
  status: 200,
  response_time: 4.219,
  level: 'http',
  message: 'incom-request',
  timestamp: '2024-09-23 11:40:41.199 AM'
}
{
  message: '\x1B[34m\x1B[1mMOngodb connected: mongodb\x1B[22m\x1B[39m',
  level: 'info',
  timestamp: '2024-09-23 11:41:02.322 AM'
}
{
  message: '\x1B[32m\x1B[1mcheck\x1B[22m\x1B[39m Server running in \x1B[33m\x1B[1mdevelopment\x1B[22m\x1B[39m mode on port \x1B[34m\x1B[1m1997\x1B[22m\x1B[39m',
  level: 'info',
  timestamp: '2024-09-23 11:41:02.328 AM'
}
{
  method: 'GET',
  url: '/api/v1/detail/66efb8e39b51b858d60a33c4',
  status: 200,
  response_time: 30.585,
  level: 'http',
  message: 'incom-request',
  timestamp: '2024-09-23 11:41:05.064 AM'
}
{
  method: 'GET',
  url: '/api/v1/invoice/66efb8e39b51b858d60a33c4?time=0.7657622947499672',
  status: null,
  response_time: null,
  level: 'http',
  message: 'incom-request',
  timestamp: '2024-09-23 11:41:05.077 AM'
}
{
  method: 'GET',
  url: '/api/v1/invoice/66efb8e39b51b858d60a33c4?time=0.7688480195371699',
  status: 200,
  response_time: 2.627,
  level: 'http',
  message: 'incom-request',
  timestamp: '2024-09-23 11:41:05.157 AM'
}
{
  method: 'GET',
  url: '/api/v1/invoice/66efb8e39b51b858d60a33c4?time=0.08576441797673562',
  status: 200,
  response_time: 2.604,
  level: 'http',
  message: 'incom-request',
  timestamp: '2024-09-23 11:41:05.224 AM'
}
{
  message: '\x1B[34m\x1B[1mMOngodb connected: mongodb\x1B[22m\x1B[39m',
  level: 'info',
  timestamp: '2024-09-23 11:41:12.802 AM'
}
{
  message: '\x1B[32m\x1B[1mcheck\x1B[22m\x1B[39m Server running in \x1B[33m\x1B[1mdevelopment\x1B[22m\x1B[39m mode on port \x1B[34m\x1B[1m1997\x1B[22m\x1B[39m',
  level: 'info',
  timestamp: '2024-09-23 11:41:12.811 AM'
}
{
  method: 'GET',
  url: '/api/v1/detail/66efb8e39b51b858d60a33c4',
  status: 304,
  response_time: 29.287,
  level: 'http',
  message: 'incom-request',
  timestamp: '2024-09-23 11:41:14.616 AM'
}
{
  method: 'GET',
  url: '/api/v1/invoice/66efb8e39b51b858d60a33c4?time=0.8386228687589592',
  status: null,
  response_time: null,
  level: 'http',
  message: 'incom-request',
  timestamp: '2024-09-23 11:41:14.630 AM'
}
{
  method: 'GET',
  url: '/api/v1/invoice/66efb8e39b51b858d60a33c4?time=0.4365470056675811',
  status: 200,
  response_time: 2.279,
  level: 'http',
  message: 'incom-request',
  timestamp: '2024-09-23 11:41:14.730 AM'
}
{
  method: 'GET',
  url: '/api/v1/invoice/66efb8e39b51b858d60a33c4?time=0.09678502458119098',
  status: 200,
  response_time: 2.392,
  level: 'http',
  message: 'incom-request',
  timestamp: '2024-09-23 11:41:14.797 AM'
}
{
  message: '\x1B[34m\x1B[1mMOngodb connected: mongodb\x1B[22m\x1B[39m',
  level: 'info',
  timestamp: '2024-09-23 11:41:22.161 AM'
}
{
  message: '\x1B[32m\x1B[1mcheck\x1B[22m\x1B[39m Server running in \x1B[33m\x1B[1mdevelopment\x1B[22m\x1B[39m mode on port \x1B[34m\x1B[1m1997\x1B[22m\x1B[39m',
  level: 'info',
  timestamp: '2024-09-23 11:41:22.166 AM'
}
{
  message: '\x1B[34m\x1B[1mMOngodb connected: mongodb\x1B[22m\x1B[39m',
  level: 'info',
  timestamp: '2024-09-23 11:41:24.988 AM'
}
{
  message: '\x1B[32m\x1B[1mcheck\x1B[22m\x1B[39m Server running in \x1B[33m\x1B[1mdevelopment\x1B[22m\x1B[39m mode on port \x1B[34m\x1B[1m1997\x1B[22m\x1B[39m',
  level: 'info',
  timestamp: '2024-09-23 11:41:24.993 AM'
}
{
  method: 'GET',
  url: '/api/v1/detail/66efb8e39b51b858d60a33c4',
  status: 304,
  response_time: 33.481,
  level: 'http',
  message: 'incom-request',
  timestamp: '2024-09-23 11:41:26.395 AM'
}
{
  method: 'GET',
  url: '/api/v1/invoice/66efb8e39b51b858d60a33c4?time=0.5420221938172398',
  status: null,
  response_time: null,
  level: 'http',
  message: 'incom-request',
  timestamp: '2024-09-23 11:41:26.414 AM'
}
{
  method: 'GET',
  url: '/api/v1/invoice/66efb8e39b51b858d60a33c4?time=0.39073934010771416',
  status: 200,
  response_time: 2.406,
  level: 'http',
  message: 'incom-request',
  timestamp: '2024-09-23 11:41:26.493 AM'
}
{
  method: 'GET',
  url: '/api/v1/invoice/66efb8e39b51b858d60a33c4?time=0.3794501497856917',
  status: 200,
  response_time: 2.242,
  level: 'http',
  message: 'incom-request',
  timestamp: '2024-09-23 11:41:26.554 AM'
}
{
  message: '\x1B[34m\x1B[1mMOngodb connected: mongodb\x1B[22m\x1B[39m',
  level: 'info',
  timestamp: '2024-09-23 11:41:33.529 AM'
}
{
  message: '\x1B[32m\x1B[1mcheck\x1B[22m\x1B[39m Server running in \x1B[33m\x1B[1mdevelopment\x1B[22m\x1B[39m mode on port \x1B[34m\x1B[1m1997\x1B[22m\x1B[39m',
  level: 'info',
  timestamp: '2024-09-23 11:41:33.533 AM'
}
{
  message: '\x1B[34m\x1B[1mMOngodb connected: mongodb\x1B[22m\x1B[39m',
  level: 'info',
  timestamp: '2024-09-23 11:41:34.314 AM'
}
{
  message: '\x1B[32m\x1B[1mcheck\x1B[22m\x1B[39m Server running in \x1B[33m\x1B[1mdevelopment\x1B[22m\x1B[39m mode on port \x1B[34m\x1B[1m1997\x1B[22m\x1B[39m',
  level: 'info',
  timestamp: '2024-09-23 11:41:34.320 AM'
}
{
  method: 'GET',
  url: '/api/v1/detail/66efb8e39b51b858d60a33c4',
  status: 304,
  response_time: 34.513,
  level: 'http',
  message: 'incom-request',
  timestamp: '2024-09-23 11:41:36.153 AM'
}
{
  method: 'GET',
  url: '/api/v1/invoice/66efb8e39b51b858d60a33c4?time=0.6734961035660976',
  status: null,
  response_time: null,
  level: 'http',
  message: 'incom-request',
  timestamp: '2024-09-23 11:41:36.172 AM'
}
{
  method: 'GET',
  url: '/api/v1/invoice/66efb8e39b51b858d60a33c4?time=0.10008507797660449',
  status: 200,
  response_time: 3.063,
  level: 'http',
  message: 'incom-request',
  timestamp: '2024-09-23 11:41:36.263 AM'
}
{
  method: 'GET',
  url: '/api/v1/invoice/66efb8e39b51b858d60a33c4?time=0.3971135394466516',
  status: 200,
  response_time: 4.605,
  level: 'http',
  message: 'incom-request',
  timestamp: '2024-09-23 11:41:36.341 AM'
}
{
  message: '\x1B[34m\x1B[1mMOngodb connected: mongodb\x1B[22m\x1B[39m',
  level: 'info',
  timestamp: '2024-09-23 11:44:35.996 AM'
}
{
  message: '\x1B[32m\x1B[1mcheck\x1B[22m\x1B[39m Server running in \x1B[33m\x1B[1mdevelopment\x1B[22m\x1B[39m mode on port \x1B[34m\x1B[1m1997\x1B[22m\x1B[39m',
  level: 'info',
  timestamp: '2024-09-23 11:44:36.005 AM'
}
{
  message: '\x1B[34m\x1B[1mMOngodb connected: mongodb\x1B[22m\x1B[39m',
  level: 'info',
  timestamp: '2024-09-23 11:45:16.450 AM'
}
{
  message: '\x1B[32m\x1B[1mcheck\x1B[22m\x1B[39m Server running in \x1B[33m\x1B[1mdevelopment\x1B[22m\x1B[39m mode on port \x1B[34m\x1B[1m1997\x1B[22m\x1B[39m',
  level: 'info',
  timestamp: '2024-09-23 11:45:16.459 AM'
}
{
  method: 'GET',
  url: '/api/v1/detail/66efb8e39b51b858d60a33c4',
  status: 200,
  response_time: 33.689,
  level: 'http',
  message: 'incom-request',
  timestamp: '2024-09-23 11:45:18.192 AM'
}
{
  method: 'GET',
  url: '/api/v1/invoice/66efb8e39b51b858d60a33c4?time=0.18860875959903822',
  status: null,
  response_time: null,
  level: 'http',
  message: 'incom-request',
  timestamp: '2024-09-23 11:45:18.221 AM'
}
{
  method: 'GET',
  url: '/api/v1/invoice/66efb8e39b51b858d60a33c4?time=0.8249789759559716',
  status: 200,
  response_time: 2.721,
  level: 'http',
  message: 'incom-request',
  timestamp: '2024-09-23 11:45:18.299 AM'
}
{
  method: 'GET',
  url: '/api/v1/invoice/66efb8e39b51b858d60a33c4?time=0.5491921230838044',
  status: 200,
  response_time: 2.557,
  level: 'http',
  message: 'incom-request',
  timestamp: '2024-09-23 11:45:18.362 AM'
}
{
  message: '\x1B[34m\x1B[1mMOngodb connected: mongodb\x1B[22m\x1B[39m',
  level: 'info',
  timestamp: '2024-09-23 11:45:31.331 AM'
}
{
  message: '\x1B[32m\x1B[1mcheck\x1B[22m\x1B[39m Server running in \x1B[33m\x1B[1mdevelopment\x1B[22m\x1B[39m mode on port \x1B[34m\x1B[1m1997\x1B[22m\x1B[39m',
  level: 'info',
  timestamp: '2024-09-23 11:45:31.341 AM'
}
{
  method: 'GET',
  url: '/api/v1/detail/66efb8e39b51b858d60a33c4',
  status: 304,
  response_time: 29.891,
  level: 'http',
  message: 'incom-request',
  timestamp: '2024-09-23 11:45:34.579 AM'
}
{
  method: 'GET',
  url: '/api/v1/invoice/66efb8e39b51b858d60a33c4?time=0.649990162402782',
  status: null,
  response_time: null,
  level: 'http',
  message: 'incom-request',
  timestamp: '2024-09-23 11:45:34.601 AM'
}
{
  method: 'GET',
  url: '/api/v1/invoice/66efb8e39b51b858d60a33c4?time=0.07931732950492498',
  status: 200,
  response_time: 2.353,
  level: 'http',
  message: 'incom-request',
  timestamp: '2024-09-23 11:45:34.677 AM'
}
{
  method: 'GET',
  url: '/api/v1/invoice/66efb8e39b51b858d60a33c4?time=0.1490570996013545',
  status: 200,
  response_time: 2.526,
  level: 'http',
  message: 'incom-request',
  timestamp: '2024-09-23 11:45:34.739 AM'
}
{
  message: '\x1B[34m\x1B[1mMOngodb connected: mongodb\x1B[22m\x1B[39m',
  level: 'info',
  timestamp: '2024-09-23 11:46:15.188 AM'
}
{
  message: '\x1B[32m\x1B[1mcheck\x1B[22m\x1B[39m Server running in \x1B[33m\x1B[1mdevelopment\x1B[22m\x1B[39m mode on port \x1B[34m\x1B[1m1997\x1B[22m\x1B[39m',
  level: 'info',
  timestamp: '2024-09-23 11:46:15.192 AM'
}
{
  method: 'GET',
  url: '/api/v1/detail/66f02d34697292a5d62e1ce3',
  status: 304,
  response_time: 52.884,
  level: 'http',
  message: 'incom-request',
  timestamp: '2024-09-23 11:48:54.430 AM'
}
{
  method: 'GET',
  url: '/api/v1/invoice/66f02d34697292a5d62e1ce3?time=0.15973058807570795',
  status: 200,
  response_time: 5.268,
  level: 'http',
  message: 'incom-request',
  timestamp: '2024-09-23 11:48:54.526 AM'
}
{
  method: 'GET',
  url: '/api/v1/invoice/66f02d34697292a5d62e1ce3?time=0.9614884162180393',
  status: 200,
  response_time: 2.438,
  level: 'http',
  message: 'incom-request',
  timestamp: '2024-09-23 11:48:54.550 AM'
}
{
  method: 'GET',
  url: '/api/v1/invoice/66f02d34697292a5d62e1ce3?time=0.6503271343606175',
  status: 200,
  response_time: 1.841,
  level: 'http',
  message: 'incom-request',
  timestamp: '2024-09-23 11:48:54.632 AM'
}
{
  method: 'POST',
  url: '/api/v1/update/66f02d34697292a5d62e1ce3',
  status: 200,
  response_time: 43.981,
  level: 'http',
  message: 'incom-request',
  timestamp: '2024-09-23 11:49:54.788 AM'
}
{
  method: 'GET',
  url: '/api/v1/invoice/66f02d34697292a5d62e1ce3?time=0.0601644181276737',
  status: 200,
  response_time: 2.7,
  level: 'http',
  message: 'incom-request',
  timestamp: '2024-09-23 11:49:54.927 AM'
}
{
  method: 'POST',
  url: '/api/v1/update/66efb8e39b51b858d60a33c4',
  status: 200,
  response_time: 42.47,
  level: 'http',
  message: 'incom-request',
  timestamp: '2024-09-23 12:02:11.185 PM'
}
{
  method: 'GET',
  url: '/api/v1/invoice/66efb8e39b51b858d60a33c4?time=0.23820661883957217',
  status: 200,
  response_time: 2.91,
  level: 'http',
  message: 'incom-request',
  timestamp: '2024-09-23 12:02:11.317 PM'
}
{
  method: 'POST',
  url: '/api/v1/update/66efb8e39b51b858d60a33c4',
  status: 200,
  response_time: 38.747,
  level: 'http',
  message: 'incom-request',
  timestamp: '2024-09-23 12:02:48.248 PM'
}
{
  method: 'GET',
  url: '/api/v1/invoice/66efb8e39b51b858d60a33c4?time=0.9008798833332199',
  status: 200,
  response_time: 2.774,
  level: 'http',
  message: 'incom-request',
  timestamp: '2024-09-23 12:02:48.355 PM'
}
{
  method: 'POST',
  url: '/api/v1/update/66efb8e39b51b858d60a33c4',
  status: 200,
  response_time: 60.142,
  level: 'http',
  message: 'incom-request',
  timestamp: '2024-09-23 12:03:36.534 PM'
}
{
  method: 'GET',
  url: '/api/v1/invoice/66efb8e39b51b858d60a33c4?time=0.2496228095772135',
  status: 200,
  response_time: 2.446,
  level: 'http',
  message: 'incom-request',
  timestamp: '2024-09-23 12:03:36.648 PM'
}
{
  method: 'POST',
  url: '/api/v1/update/66efb8e39b51b858d60a33c4',
  status: 200,
  response_time: 53.046,
  level: 'http',
  message: 'incom-request',
  timestamp: '2024-09-23 12:04:29.899 PM'
}
{
  method: 'GET',
  url: '/api/v1/invoice/66efb8e39b51b858d60a33c4?time=0.866880180628691',
  status: 200,
  response_time: 3.456,
  level: 'http',
  message: 'incom-request',
  timestamp: '2024-09-23 12:04:30.011 PM'
}
{
  method: 'GET',
  url: '/api/v1/invoice/66efb8e39b51b858d60a33c4?time=0.08033632794832424',
  status: 200,
  response_time: 2.521,
  level: 'http',
  message: 'incom-request',
  timestamp: '2024-09-23 12:04:30.074 PM'
}
{
  method: 'POST',
  url: '/api/v1/update/66efb8e39b51b858d60a33c4',
  status: 200,
  response_time: 55.355,
  level: 'http',
  message: 'incom-request',
  timestamp: '2024-09-23 12:05:19.650 PM'
}
{
  method: 'GET',
  url: '/api/v1/invoice/66efb8e39b51b858d60a33c4?time=0.30556100944963527',
  status: 200,
  response_time: 6.612,
  level: 'http',
  message: 'incom-request',
  timestamp: '2024-09-23 12:05:19.776 PM'
}
{
  method: 'POST',
  url: '/api/v1/update/66efb8e39b51b858d60a33c4',
  status: 200,
  response_time: 56.404,
  level: 'http',
  message: 'incom-request',
  timestamp: '2024-09-23 12:08:27.487 PM'
}
{
  method: 'GET',
  url: '/api/v1/invoice/66efb8e39b51b858d60a33c4?time=0.28053440035889987',
  status: 200,
  response_time: 2.506,
  level: 'http',
  message: 'incom-request',
  timestamp: '2024-09-23 12:08:27.586 PM'
}
{
  method: 'POST',
  url: '/api/v1/update/66efb8e39b51b858d60a33c4',
  status: 200,
  response_time: 46.023,
  level: 'http',
  message: 'incom-request',
  timestamp: '2024-09-23 12:10:02.651 PM'
}
{
  method: 'GET',
  url: '/api/v1/invoice/66efb8e39b51b858d60a33c4?time=0.5881725100231912',
  status: 200,
  response_time: 6.621,
  level: 'http',
  message: 'incom-request',
  timestamp: '2024-09-23 12:10:02.761 PM'
}
{
  method: 'GET',
  url: '/api/v1/invoice/66efb8e39b51b858d60a33c4',
  status: 200,
  response_time: 10.316,
  level: 'http',
  message: 'incom-request',
  timestamp: '2024-09-23 12:10:05.291 PM'
}
{
  message: '\x1B[34m\x1B[1mMOngodb connected: mongodb\x1B[22m\x1B[39m',
  level: 'info',
  timestamp: '2024-09-23 12:10:47.935 PM'
}
{
  message: '\x1B[32m\x1B[1mcheck\x1B[22m\x1B[39m Server running in \x1B[33m\x1B[1mdevelopment\x1B[22m\x1B[39m mode on port \x1B[34m\x1B[1m1997\x1B[22m\x1B[39m',
  level: 'info',
  timestamp: '2024-09-23 12:10:47.944 PM'
}
{
  method: 'GET',
  url: '/api/v1/detail/66f02d34697292a5d62e1ce3',
  status: 200,
  response_time: 34.966,
  level: 'http',
  message: 'incom-request',
  timestamp: '2024-09-23 12:10:54.401 PM'
}
{
  method: 'GET',
  url: '/api/v1/invoice/66f02d34697292a5d62e1ce3?time=0.03902115333731759',
  status: 200,
  response_time: 2.968,
  level: 'http',
  message: 'incom-request',
  timestamp: '2024-09-23 12:10:54.531 PM'
}
{
  method: 'GET',
  url: '/api/v1/invoice/66f02d34697292a5d62e1ce3?time=0.6847756661312746',
  status: 200,
  response_time: 2.313,
  level: 'http',
  message: 'incom-request',
  timestamp: '2024-09-23 12:10:54.622 PM'
}
{
  method: 'GET',
  url: '/api/v1/detail/66efb8e39b51b858d60a33c4',
  status: 200,
  response_time: 21.423,
  level: 'http',
  message: 'incom-request',
  timestamp: '2024-09-23 12:11:16.235 PM'
}
{
  method: 'GET',
  url: '/api/v1/invoice/66efb8e39b51b858d60a33c4?time=0.22622529633970778',
  status: 200,
  response_time: 5.609,
  level: 'http',
  message: 'incom-request',
  timestamp: '2024-09-23 12:11:16.340 PM'
}
{
  method: 'GET',
  url: '/api/v1/invoice/66efb8e39b51b858d60a33c4?time=0.21746225609641812',
  status: 200,
  response_time: 2.323,
  level: 'http',
  message: 'incom-request',
  timestamp: '2024-09-23 12:11:16.411 PM'
}
{
  method: 'GET',
  url: '/api/v1/invoice/66efb8e39b51b858d60a33c4',
  status: 200,
  response_time: 6.1,
  level: 'http',
  message: 'incom-request',
  timestamp: '2024-09-23 12:11:18.787 PM'
}
{
  message: '\x1B[34m\x1B[1mMOngodb connected: mongodb\x1B[22m\x1B[39m',
  level: 'info',
  timestamp: '2024-09-23 12:12:08.654 PM'
}
{
  message: '\x1B[32m\x1B[1mcheck\x1B[22m\x1B[39m Server running in \x1B[33m\x1B[1mdevelopment\x1B[22m\x1B[39m mode on port \x1B[34m\x1B[1m1997\x1B[22m\x1B[39m',
  level: 'info',
  timestamp: '2024-09-23 12:12:08.659 PM'
}
{
  message: '\x1B[34m\x1B[1mMOngodb connected: mongodb\x1B[22m\x1B[39m',
  level: 'info',
  timestamp: '2024-09-23 12:12:14.709 PM'
}
{
  message: '\x1B[32m\x1B[1mcheck\x1B[22m\x1B[39m Server running in \x1B[33m\x1B[1mdevelopment\x1B[22m\x1B[39m mode on port \x1B[34m\x1B[1m1997\x1B[22m\x1B[39m',
  level: 'info',
  timestamp: '2024-09-23 12:12:14.713 PM'
}
{
  message: '\x1B[34m\x1B[1mMOngodb connected: mongodb\x1B[22m\x1B[39m',
  level: 'info',
  timestamp: '2024-09-23 12:12:18.950 PM'
}
{
  message: '\x1B[32m\x1B[1mcheck\x1B[22m\x1B[39m Server running in \x1B[33m\x1B[1mdevelopment\x1B[22m\x1B[39m mode on port \x1B[34m\x1B[1m1997\x1B[22m\x1B[39m',
  level: 'info',
  timestamp: '2024-09-23 12:12:18.956 PM'
}
{
  message: '\x1B[34m\x1B[1mMOngodb connected: mongodb\x1B[22m\x1B[39m',
  level: 'info',
  timestamp: '2024-09-23 12:12:23.262 PM'
}
{
  message: '\x1B[32m\x1B[1mcheck\x1B[22m\x1B[39m Server running in \x1B[33m\x1B[1mdevelopment\x1B[22m\x1B[39m mode on port \x1B[34m\x1B[1m1997\x1B[22m\x1B[39m',
  level: 'info',
  timestamp: '2024-09-23 12:12:23.267 PM'
}
{
  message: '\x1B[34m\x1B[1mMOngodb connected: mongodb\x1B[22m\x1B[39m',
  level: 'info',
  timestamp: '2024-09-23 12:12:25.532 PM'
}
{
  message: '\x1B[32m\x1B[1mcheck\x1B[22m\x1B[39m Server running in \x1B[33m\x1B[1mdevelopment\x1B[22m\x1B[39m mode on port \x1B[34m\x1B[1m1997\x1B[22m\x1B[39m',
  level: 'info',
  timestamp: '2024-09-23 12:12:25.536 PM'
}
{
  message: '\x1B[34m\x1B[1mMOngodb connected: mongodb\x1B[22m\x1B[39m',
  level: 'info',
  timestamp: '2024-09-23 12:12:27.285 PM'
}
{
  message: '\x1B[32m\x1B[1mcheck\x1B[22m\x1B[39m Server running in \x1B[33m\x1B[1mdevelopment\x1B[22m\x1B[39m mode on port \x1B[34m\x1B[1m1997\x1B[22m\x1B[39m',
  level: 'info',
  timestamp: '2024-09-23 12:12:27.288 PM'
}
{
  method: 'GET',
  url: '/api/v1/detail/66efb8e39b51b858d60a33c4',
  status: 304,
  response_time: 29.912,
  level: 'http',
  message: 'incom-request',
  timestamp: '2024-09-23 12:12:33.326 PM'
}
{
  method: 'GET',
  url: '/api/v1/invoice/66efb8e39b51b858d60a33c4?time=0.31992011603066706',
  status: 200,
  response_time: 4.453,
  level: 'http',
  message: 'incom-request',
  timestamp: '2024-09-23 12:12:33.637 PM'
}
{
  method: 'GET',
  url: '/api/v1/invoice/66efb8e39b51b858d60a33c4?time=0.9063069591894439',
  status: 200,
  response_time: 4.365,
  level: 'http',
  message: 'incom-request',
  timestamp: '2024-09-23 12:12:33.733 PM'
}
{
  method: 'GET',
  url: '/api/v1/invoice/66efb8e39b51b858d60a33c4',
  status: 200,
  response_time: 6.898,
  level: 'http',
  message: 'incom-request',
  timestamp: '2024-09-23 12:12:35.545 PM'
}
{
  message: '\x1B[34m\x1B[1mMOngodb connected: mongodb\x1B[22m\x1B[39m',
  level: 'info',
  timestamp: '2024-09-23 12:13:35.102 PM'
}
{
  message: '\x1B[32m\x1B[1mcheck\x1B[22m\x1B[39m Server running in \x1B[33m\x1B[1mdevelopment\x1B[22m\x1B[39m mode on port \x1B[34m\x1B[1m1997\x1B[22m\x1B[39m',
  level: 'info',
  timestamp: '2024-09-23 12:13:35.106 PM'
}
{
  message: '\x1B[34m\x1B[1mMOngodb connected: mongodb\x1B[22m\x1B[39m',
  level: 'info',
  timestamp: '2024-09-23 12:14:10.412 PM'
}
{
  message: '\x1B[32m\x1B[1mcheck\x1B[22m\x1B[39m Server running in \x1B[33m\x1B[1mdevelopment\x1B[22m\x1B[39m mode on port \x1B[34m\x1B[1m1997\x1B[22m\x1B[39m',
  level: 'info',
  timestamp: '2024-09-23 12:14:10.416 PM'
}
{
  method: 'GET',
  url: '/api/v1/detail/66efb8e39b51b858d60a33c4',
  status: 304,
  response_time: 32.289,
  level: 'http',
  message: 'incom-request',
  timestamp: '2024-09-23 12:14:16.531 PM'
}
{
  method: 'GET',
  url: '/api/v1/invoice/66efb8e39b51b858d60a33c4?time=0.04113253282813534',
  status: 200,
  response_time: 34.576,
  level: 'http',
  message: 'incom-request',
  timestamp: '2024-09-23 12:14:16.619 PM'
}
{
  method: 'GET',
  url: '/api/v1/invoice/66efb8e39b51b858d60a33c4?time=0.9908708837933742',
  status: 200,
  response_time: 3.917,
  level: 'http',
  message: 'incom-request',
  timestamp: '2024-09-23 12:14:16.656 PM'
}
{
  method: 'GET',
  url: '/api/v1/invoice/66efb8e39b51b858d60a33c4?time=0.35068687000780074',
  status: 200,
  response_time: 2.87,
  level: 'http',
  message: 'incom-request',
  timestamp: '2024-09-23 12:14:16.727 PM'
}
{
  method: 'GET',
  url: '/api/v1/invoice/66efb8e39b51b858d60a33c4',
  status: 200,
  response_time: 6.477,
  level: 'http',
  message: 'incom-request',
  timestamp: '2024-09-23 12:14:22.435 PM'
}
{
  message: '\x1B[34m\x1B[1mMOngodb connected: mongodb\x1B[22m\x1B[39m',
  level: 'info',
  timestamp: '2024-09-23 12:14:38.950 PM'
}
{
  message: '\x1B[32m\x1B[1mcheck\x1B[22m\x1B[39m Server running in \x1B[33m\x1B[1mdevelopment\x1B[22m\x1B[39m mode on port \x1B[34m\x1B[1m1997\x1B[22m\x1B[39m',
  level: 'info',
  timestamp: '2024-09-23 12:14:38.954 PM'
}
{
  message: '\x1B[34m\x1B[1mMOngodb connected: mongodb\x1B[22m\x1B[39m',
  level: 'info',
  timestamp: '2024-09-23 12:14:40.246 PM'
}
{
  message: '\x1B[32m\x1B[1mcheck\x1B[22m\x1B[39m Server running in \x1B[33m\x1B[1mdevelopment\x1B[22m\x1B[39m mode on port \x1B[34m\x1B[1m1997\x1B[22m\x1B[39m',
  level: 'info',
  timestamp: '2024-09-23 12:14:40.251 PM'
}
{
  method: 'POST',
  url: '/api/v1/update/66efb8e39b51b858d60a33c4',
  status: 200,
  response_time: 68.841,
  level: 'http',
  message: 'incom-request',
  timestamp: '2024-09-23 12:26:44.476 PM'
}
{
  method: 'GET',
  url: '/api/v1/invoice/66efb8e39b51b858d60a33c4?time=0.25576435266472974',
  status: 200,
  response_time: 3.401,
  level: 'http',
  message: 'incom-request',
  timestamp: '2024-09-23 12:26:44.606 PM'
}
{
  method: 'POST',
  url: '/api/v1/add',
  status: 200,
  response_time: 65.734,
  level: 'http',
  message: 'incom-request',
  timestamp: '2024-09-23 01:32:03.246 PM'
}
{
  method: 'GET',
  url: '/api/v1/detail/66f16dd344bdd8150a333d19',
  status: 200,
  response_time: 16.223,
  level: 'http',
  message: 'incom-request',
  timestamp: '2024-09-23 01:32:03.284 PM'
}
{
  method: 'GET',
  url: '/api/v1/invoice/66f16dd344bdd8150a333d19?time=0.6272712419151671',
  status: 200,
  response_time: 2.016,
  level: 'http',
  message: 'incom-request',
  timestamp: '2024-09-23 01:32:03.392 PM'
}
{
  method: 'GET',
  url: '/api/v1/invoice/66f16dd344bdd8150a333d19?time=0.8975851911636228',
  status: 200,
  response_time: 1.681,
  level: 'http',
  message: 'incom-request',
  timestamp: '2024-09-23 01:32:03.443 PM'
}
{
  method: 'GET',
  url: '/api/v1/invoice/66f02d34697292a5d62e1ce3?time=0.48935225780170255',
  status: 200,
  response_time: 67.646,
  level: 'http',
  message: 'incom-request',
  timestamp: '2024-09-23 06:46:48.901 PM'
}
{
  method: 'GET',
  url: '/api/v1/invoice/66f16dd344bdd8150a333d19?time=0.42480401948064883',
  status: 200,
  response_time: 2.657,
  level: 'http',
  message: 'incom-request',
  timestamp: '2024-09-23 06:46:49.535 PM'
}
{
  method: 'GET',
  url: '/api/v1/invoice/66f02d34697292a5d62e1ce3?time=0.9373676997609285',
  status: 200,
  response_time: 68.724,
  level: 'http',
  message: 'incom-request',
  timestamp: '2024-09-23 06:46:51.158 PM'
}
{
  method: 'GET',
  url: '/api/v1/invoice/66f16dd344bdd8150a333d19?time=0.7324485367273803',
  status: 200,
  response_time: 9.08,
  level: 'http',
  message: 'incom-request',
  timestamp: '2024-09-23 06:46:51.501 PM'
}
{
  method: 'GET',
  url: '/api/v1/detail/66f02d34697292a5d62e1ce3',
  status: 304,
  response_time: 179.79,
  level: 'http',
  message: 'incom-request',
  timestamp: '2024-09-23 06:48:01.532 PM'
}
{
  method: 'GET',
  url: '/api/v1/detail/66f16dd344bdd8150a333d19',
  status: 304,
  response_time: 208.615,
  level: 'http',
  message: 'incom-request',
  timestamp: '2024-09-23 06:48:01.655 PM'
}
{
  method: 'GET',
  url: '/api/v1/invoice/66f02d34697292a5d62e1ce3?time=0.28970763804319244',
  status: 200,
  response_time: 11.216,
  level: 'http',
  message: 'incom-request',
  timestamp: '2024-09-23 06:48:02.054 PM'
}
{
  method: 'GET',
  url: '/api/v1/invoice/66f16dd344bdd8150a333d19?time=0.019579905690110255',
  status: 200,
  response_time: 30.757,
  level: 'http',
  message: 'incom-request',
  timestamp: '2024-09-23 06:48:02.497 PM'
}
{
  method: 'GET',
  url: '/api/v1/detail/66f16dd344bdd8150a333d19',
  status: 304,
  response_time: 36.299,
  level: 'http',
  message: 'incom-request',
  timestamp: '2024-09-23 06:48:08.430 PM'
}
{
  method: 'GET',
  url: '/api/v1/detail/66f02d34697292a5d62e1ce3',
  status: 304,
  response_time: 121.828,
  level: 'http',
  message: 'incom-request',
  timestamp: '2024-09-23 06:48:08.457 PM'
}
{
  method: 'GET',
  url: '/api/v1/invoice/66f16dd344bdd8150a333d19?time=0.41115951123160843',
  status: 200,
  response_time: 13.494,
  level: 'http',
  message: 'incom-request',
  timestamp: '2024-09-23 06:48:08.681 PM'
}
{
  method: 'GET',
  url: '/api/v1/invoice/66f02d34697292a5d62e1ce3?time=0.08305054777949517',
  status: 200,
  response_time: 9.83,
  level: 'http',
  message: 'incom-request',
  timestamp: '2024-09-23 06:48:08.724 PM'
}
{
  method: 'GET',
  url: '/api/v1/detail/66f02d34697292a5d62e1ce3',
  status: 304,
  response_time: 66.371,
  level: 'http',
  message: 'incom-request',
  timestamp: '2024-09-23 06:48:17.770 PM'
}
{
  method: 'GET',
  url: '/api/v1/invoice/66f02d34697292a5d62e1ce3?time=0.1403479873605279',
  status: 200,
  response_time: 7.248,
  level: 'http',
  message: 'incom-request',
  timestamp: '2024-09-23 06:48:17.971 PM'
}
{
  method: 'GET',
  url: '/api/v1/detail/66f16dd344bdd8150a333d19',
  status: 304,
  response_time: 11.428,
  level: 'http',
  message: 'incom-request',
  timestamp: '2024-09-23 06:48:18.402 PM'
}
{
  method: 'GET',
  url: '/api/v1/invoice/66f16dd344bdd8150a333d19?time=0.8139021505932524',
  status: 200,
  response_time: 1.618,
  level: 'http',
  message: 'incom-request',
  timestamp: '2024-09-23 06:48:18.482 PM'
}
{
  method: 'GET',
  url: '/api/v1/invoice/66f02d34697292a5d62e1ce3?time=0.9723107975043715',
  status: 200,
  response_time: 13.916,
  level: 'http',
  message: 'incom-request',
  timestamp: '2024-09-23 06:48:21.752 PM'
}
{
  method: 'GET',
  url: '/api/v1/invoice/66f02d34697292a5d62e1ce3?time=0.40672234973652943',
  status: 200,
  response_time: 3.458,
  level: 'http',
  message: 'incom-request',
  timestamp: '2024-09-23 06:48:21.885 PM'
}
{
  method: 'GET',
  url: '/api/v1/detail/66f16dd344bdd8150a333d19',
  status: 304,
  response_time: 24.108,
  level: 'http',
  message: 'incom-request',
  timestamp: '2024-09-23 06:48:44.433 PM'
}
{
  method: 'GET',
  url: '/api/v1/invoice/66f16dd344bdd8150a333d19?time=0.586166726932895',
  status: 200,
  response_time: 8.793,
  level: 'http',
  message: 'incom-request',
  timestamp: '2024-09-23 06:48:44.541 PM'
}
{
  method: 'GET',
  url: '/api/v1/detail/66f16dd344bdd8150a333d19',
  status: 304,
  response_time: 33.07,
  level: 'http',
  message: 'incom-request',
  timestamp: '2024-09-23 06:48:58.483 PM'
}
{
  method: 'GET',
  url: '/api/v1/invoice/66f16dd344bdd8150a333d19?time=0.9394958142790262',
  status: 200,
  response_time: 3.707,
  level: 'http',
  message: 'incom-request',
  timestamp: '2024-09-23 06:48:58.657 PM'
}
{
  method: 'GET',
  url: '/api/v1/detail/66f16dd344bdd8150a333d19',
  status: 304,
  response_time: 24.499,
  level: 'http',
  message: 'incom-request',
  timestamp: '2024-09-23 06:49:16.435 PM'
}
{
  method: 'GET',
  url: '/api/v1/invoice/66f16dd344bdd8150a333d19?time=0.6277874468743778',
  status: 200,
  response_time: 2.42,
  level: 'http',
  message: 'incom-request',
  timestamp: '2024-09-23 06:49:16.508 PM'
}
{
  method: 'GET',
  url: '/api/v1/detail/66f16dd344bdd8150a333d19',
  status: 304,
  response_time: 29.826,
  level: 'http',
  message: 'incom-request',
  timestamp: '2024-09-23 06:49:21.449 PM'
}
{
  method: 'GET',
  url: '/api/v1/invoice/66f16dd344bdd8150a333d19?time=0.6920055629414437',
  status: 200,
  response_time: 2.456,
  level: 'http',
  message: 'incom-request',
  timestamp: '2024-09-23 06:49:21.531 PM'
}
{
  method: 'POST',
  url: '/api/v1/add',
  status: 200,
  response_time: 23.473,
  level: 'http',
  message: 'incom-request',
  timestamp: '2024-09-23 06:49:26.751 PM'
}
{
  method: 'GET',
  url: '/api/v1/detail/66f1b83644bdd8150a333d60',
  status: 200,
  response_time: 9.711,
  level: 'http',
  message: 'incom-request',
  timestamp: '2024-09-23 06:49:26.816 PM'
}
{
  method: 'GET',
  url: '/api/v1/invoice/66f1b83644bdd8150a333d60?time=0.6947877258616757',
  status: 200,
  response_time: 3.142,
  level: 'http',
  message: 'incom-request',
  timestamp: '2024-09-23 06:49:26.924 PM'
}
{
  method: 'GET',
  url: '/api/v1/invoice/66f1b83644bdd8150a333d60?time=0.8751476754119617',
  status: 200,
  response_time: 1.282,
  level: 'http',
  message: 'incom-request',
  timestamp: '2024-09-23 06:49:27.001 PM'
}
{
  method: 'GET',
  url: '/api/v1/detail/66f16dd344bdd8150a333d19',
  status: 304,
  response_time: 14.598,
  level: 'http',
  message: 'incom-request',
  timestamp: '2024-09-23 06:51:32.777 PM'
}
{
  method: 'GET',
  url: '/api/v1/invoice/66f16dd344bdd8150a333d19?time=0.33922079341481415',
  status: 200,
  response_time: 1.471,
  level: 'http',
  message: 'incom-request',
  timestamp: '2024-09-23 06:51:32.880 PM'
}
{
  method: 'GET',
  url: '/api/v1/invoice/66f16dd344bdd8150a333d19?time=0.1306437721979612',
  status: 200,
  response_time: 1.266,
  level: 'http',
  message: 'incom-request',
  timestamp: '2024-09-23 06:51:32.945 PM'
}
{
  method: 'GET',
  url: '/api/v1/detail/66f1b83644bdd8150a333d60',
  status: 304,
  response_time: 47.202,
  level: 'http',
  message: 'incom-request',
  timestamp: '2024-09-23 06:51:40.149 PM'
}
{
  method: 'GET',
  url: '/api/v1/invoice/66f1b83644bdd8150a333d60?time=0.04257294831229541',
  status: 200,
  response_time: 10.58,
  level: 'http',
  message: 'incom-request',
  timestamp: '2024-09-23 06:51:40.428 PM'
}
{
  method: 'GET',
  url: '/api/v1/detail/66f16dd344bdd8150a333d19',
  status: 304,
  response_time: 2.98,
  level: 'http',
  message: 'incom-request',
  timestamp: '2024-09-23 06:51:40.434 PM'
}
{
  method: 'GET',
  url: '/api/v1/invoice/66f16dd344bdd8150a333d19?time=0.6449301364578239',
  status: 200,
  response_time: 5.73,
  level: 'http',
  message: 'incom-request',
  timestamp: '2024-09-23 06:51:40.528 PM'
}
{
  method: 'GET',
  url: '/api/v1/detail/66f16dd344bdd8150a333d19',
  status: 304,
  response_time: 46.532,
  level: 'http',
  message: 'incom-request',
  timestamp: '2024-09-23 06:55:53.708 PM'
}
{
  method: 'GET',
  url: '/api/v1/invoice/66f16dd344bdd8150a333d19?time=0.7864714389625147',
  status: 200,
  response_time: 18.551,
  level: 'http',
  message: 'incom-request',
  timestamp: '2024-09-23 06:55:53.786 PM'
}
{
  method: 'GET',
  url: '/api/v1/invoice/66f16dd344bdd8150a333d19?time=0.2244043885569582',
  status: 200,
  response_time: 1.465,
  level: 'http',
  message: 'incom-request',
  timestamp: '2024-09-23 06:55:53.806 PM'
}
{
  method: 'GET',
  url: '/api/v1/invoice/66f16dd344bdd8150a333d19?time=0.3499805525580839',
  status: 200,
  response_time: 1.461,
  level: 'http',
  message: 'incom-request',
  timestamp: '2024-09-23 06:55:53.861 PM'
}
{
  method: 'GET',
  url: '/api/v1/detail/66f1b83644bdd8150a333d60',
  status: 304,
  response_time: 73.387,
  level: 'http',
  message: 'incom-request',
  timestamp: '2024-09-23 06:56:19.447 PM'
}
{
  method: 'GET',
  url: '/api/v1/invoice/66f1b83644bdd8150a333d60?time=0.9263130517487256',
  status: 200,
  response_time: 9.749,
  level: 'http',
  message: 'incom-request',
  timestamp: '2024-09-23 06:56:19.718 PM'
}
{
  method: 'GET',
  url: '/api/v1/detail/66f16dd344bdd8150a333d19',
  status: 304,
  response_time: 6.312,
  level: 'http',
  message: 'incom-request',
  timestamp: '2024-09-23 06:56:19.758 PM'
}
{
  method: 'GET',
  url: '/api/v1/invoice/66f16dd344bdd8150a333d19?time=0.6565861827595942',
  status: 200,
  response_time: 1.183,
  level: 'http',
  message: 'incom-request',
  timestamp: '2024-09-23 06:56:19.850 PM'
}
{
  method: 'GET',
  url: '/api/v1/detail/66f1b83644bdd8150a333d60',
  status: 304,
  response_time: 66.225,
  level: 'http',
  message: 'incom-request',
  timestamp: '2024-09-23 06:56:38.414 PM'
}
{
  method: 'GET',
  url: '/api/v1/invoice/66f1b83644bdd8150a333d60?time=0.2691397983046242',
  status: 200,
  response_time: 15.525,
  level: 'http',
  message: 'incom-request',
  timestamp: '2024-09-23 06:56:38.679 PM'
}
{
  method: 'GET',
  url: '/api/v1/detail/66f16dd344bdd8150a333d19',
  status: 304,
  response_time: 4.902,
  level: 'http',
  message: 'incom-request',
  timestamp: '2024-09-23 06:56:38.775 PM'
}
{
  method: 'GET',
  url: '/api/v1/invoice/66f16dd344bdd8150a333d19?time=0.5275649691814515',
  status: 200,
  response_time: 5.253,
  level: 'http',
  message: 'incom-request',
  timestamp: '2024-09-23 06:56:38.911 PM'
}
{
  method: 'GET',
  url: '/api/v1/detail/66f1b83644bdd8150a333d60',
  status: 304,
  response_time: 41.149,
  level: 'http',
  message: 'incom-request',
  timestamp: '2024-09-23 06:56:42.129 PM'
}
{
  method: 'GET',
  url: '/api/v1/invoice/66f1b83644bdd8150a333d60?time=0.929968199908306',
  status: 200,
  response_time: 2.806,
  level: 'http',
  message: 'incom-request',
  timestamp: '2024-09-23 06:56:42.284 PM'
}
{
  method: 'GET',
  url: '/api/v1/detail/66f16dd344bdd8150a333d19',
  status: 304,
  response_time: 13.997,
  level: 'http',
  message: 'incom-request',
  timestamp: '2024-09-23 06:56:42.784 PM'
}
{
  method: 'GET',
  url: '/api/v1/invoice/66f16dd344bdd8150a333d19?time=0.10164846708991737',
  status: 200,
  response_time: 2.85,
  level: 'http',
  message: 'incom-request',
  timestamp: '2024-09-23 06:56:42.883 PM'
}
{
  method: 'GET',
  url: '/api/v1/detail/66f1b83644bdd8150a333d60',
  status: 304,
  response_time: 70.065,
  level: 'http',
  message: 'incom-request',
  timestamp: '2024-09-23 06:59:31.061 PM'
}
{
  method: 'GET',
  url: '/api/v1/invoice/66f1b83644bdd8150a333d60?time=0.2948339319762737',
  status: 200,
  response_time: 2.071,
  level: 'http',
  message: 'incom-request',
  timestamp: '2024-09-23 06:59:31.199 PM'
}
{
  method: 'GET',
  url: '/api/v1/detail/66f16dd344bdd8150a333d19',
  status: 304,
  response_time: 5.705,
  level: 'http',
  message: 'incom-request',
  timestamp: '2024-09-23 06:59:31.760 PM'
}
{
  method: 'GET',
  url: '/api/v1/invoice/66f16dd344bdd8150a333d19?time=0.47211235617119884',
  status: 200,
  response_time: 2.486,
  level: 'http',
  message: 'incom-request',
  timestamp: '2024-09-23 06:59:31.871 PM'
}
{
  method: 'GET',
  url: '/api/v1/detail/66f1b83644bdd8150a333d60',
  status: 304,
  response_time: 46.606,
  level: 'http',
  message: 'incom-request',
  timestamp: '2024-09-23 06:59:56.050 PM'
}
{
  method: 'GET',
  url: '/api/v1/invoice/66f1b83644bdd8150a333d60?time=0.3598908450080266',
  status: 200,
  response_time: 9.626,
  level: 'http',
  message: 'incom-request',
  timestamp: '2024-09-23 06:59:56.222 PM'
}
{
  method: 'GET',
  url: '/api/v1/detail/66f16dd344bdd8150a333d19',
  status: 304,
  response_time: 4.33,
  level: 'http',
  message: 'incom-request',
  timestamp: '2024-09-23 06:59:56.769 PM'
}
{
  method: 'GET',
  url: '/api/v1/invoice/66f16dd344bdd8150a333d19?time=0.14784761864774154',
  status: 200,
  response_time: 3.478,
  level: 'http',
  message: 'incom-request',
  timestamp: '2024-09-23 06:59:56.853 PM'
}
{
  method: 'GET',
  url: '/api/v1/detail/66f1b83644bdd8150a333d60',
  status: 304,
  response_time: 11.189,
  level: 'http',
  message: 'incom-request',
  timestamp: '2024-09-23 07:00:07.900 PM'
}
{
  method: 'GET',
  url: '/api/v1/invoice/66f1b83644bdd8150a333d60?time=0.675540147892252',
  status: 200,
  response_time: 5.535,
  level: 'http',
  message: 'incom-request',
  timestamp: '2024-09-23 07:00:08.086 PM'
}
{
  method: 'GET',
  url: '/api/v1/detail/66f16dd344bdd8150a333d19',
  status: 304,
  response_time: 8.821,
  level: 'http',
  message: 'incom-request',
  timestamp: '2024-09-23 07:00:08.766 PM'
}
{
  method: 'GET',
  url: '/api/v1/invoice/66f16dd344bdd8150a333d19?time=0.38664287895278804',
  status: 200,
  response_time: 1.834,
  level: 'http',
  message: 'incom-request',
  timestamp: '2024-09-23 07:00:08.857 PM'
}
{
  method: 'GET',
  url: '/api/v1/detail/66f1b83644bdd8150a333d60',
  status: 200,
  response_time: 14.623,
  level: 'http',
  message: 'incom-request',
  timestamp: '2024-09-23 07:00:34.539 PM'
}
{
  method: 'GET',
  url: '/api/v1/invoice/66f1b83644bdd8150a333d60?time=0.43141221999696067',
  status: 200,
  response_time: 2.022,
  level: 'http',
  message: 'incom-request',
  timestamp: '2024-09-23 07:00:34.691 PM'
}
{
  method: 'GET',
  url: '/api/v1/detail/66f16dd344bdd8150a333d19',
  status: 304,
  response_time: 8.59,
  level: 'http',
  message: 'incom-request',
  timestamp: '2024-09-23 07:00:34.770 PM'
}
{
  method: 'GET',
  url: '/api/v1/invoice/66f16dd344bdd8150a333d19?time=0.2997116563904223',
  status: 200,
  response_time: 1.789,
  level: 'http',
  message: 'incom-request',
  timestamp: '2024-09-23 07:00:34.850 PM'
}
{
  method: 'GET',
  url: '/api/v1/detail/66f1b83644bdd8150a333d60',
  status: 304,
  response_time: 33.147,
  level: 'http',
  message: 'incom-request',
  timestamp: '2024-09-23 07:01:14.581 PM'
}
{
  method: 'GET',
  url: '/api/v1/detail/66f16dd344bdd8150a333d19',
  status: 304,
  response_time: 4.457,
  level: 'http',
  message: 'incom-request',
  timestamp: '2024-09-23 07:01:14.759 PM'
}
{
  method: 'GET',
  url: '/api/v1/invoice/66f1b83644bdd8150a333d60?time=0.9377127144053103',
  status: 200,
  response_time: 1.837,
  level: 'http',
  message: 'incom-request',
  timestamp: '2024-09-23 07:01:14.851 PM'
}
{
  method: 'GET',
  url: '/api/v1/invoice/66f16dd344bdd8150a333d19?time=0.14681461967240494',
  status: 200,
  response_time: 4.033,
  level: 'http',
  message: 'incom-request',
  timestamp: '2024-09-23 07:01:14.955 PM'
}
{
  method: 'GET',
  url: '/api/v1/detail/66f16dd344bdd8150a333d19',
  status: 304,
  response_time: 12.252,
  level: 'http',
  message: 'incom-request',
  timestamp: '2024-09-23 07:01:18.379 PM'
}
{
  method: 'GET',
  url: '/api/v1/invoice/66f16dd344bdd8150a333d19?time=0.4558543180324326',
  status: 200,
  response_time: 1.673,
  level: 'http',
  message: 'incom-request',
  timestamp: '2024-09-23 07:01:18.457 PM'
}
{
  method: 'GET',
  url: '/api/v1/invoice/66f16dd344bdd8150a333d19?time=0.06434435289038776',
  status: 200,
  response_time: 1.168,
  level: 'http',
  message: 'incom-request',
  timestamp: '2024-09-23 07:01:18.512 PM'
}
{
  method: 'POST',
  url: '/api/v1/update/66f16dd344bdd8150a333d19',
  status: 200,
  response_time: 51.699,
  level: 'http',
  message: 'incom-request',
  timestamp: '2024-09-23 07:03:03.261 PM'
}
{
  method: 'GET',
  url: '/api/v1/invoice/66f16dd344bdd8150a333d19?time=0.5477141034731328',
  status: 200,
  response_time: 2.298,
  level: 'http',
  message: 'incom-request',
  timestamp: '2024-09-23 07:03:03.393 PM'
}
{
  method: 'POST',
  url: '/api/v1/update/66f16dd344bdd8150a333d19',
  status: 200,
  response_time: 27.677,
  level: 'http',
  message: 'incom-request',
  timestamp: '2024-09-23 07:05:34.975 PM'
}
{
  method: 'GET',
  url: '/api/v1/invoice/66f16dd344bdd8150a333d19?time=0.5234081864773044',
  status: 200,
  response_time: 2.026,
  level: 'http',
  message: 'incom-request',
  timestamp: '2024-09-23 07:05:35.089 PM'
}
{
  method: 'POST',
  url: '/api/v1/update/66f16dd344bdd8150a333d19',
  status: 200,
  response_time: 56.518,
  level: 'http',
  message: 'incom-request',
  timestamp: '2024-09-23 07:09:42.843 PM'
}
{
  method: 'GET',
  url: '/api/v1/invoice/66f16dd344bdd8150a333d19?time=0.1789484191822155',
  status: 200,
  response_time: 2.059,
  level: 'http',
  message: 'incom-request',
  timestamp: '2024-09-23 07:09:42.963 PM'
}
{
  method: 'GET',
  url: '/api/v1/invoice/66f16dd344bdd8150a333d19?time=0.30961595822587373',
  status: 200,
  response_time: 1.638,
  level: 'http',
  message: 'incom-request',
  timestamp: '2024-09-23 07:09:43.022 PM'
}
{
  method: 'GET',
  url: '/api/v1/invoice/66f16dd344bdd8150a333d19?time=0.7563538119088347',
  status: 200,
  response_time: 3.232,
  level: 'http',
  message: 'incom-request',
  timestamp: '2024-09-23 07:09:45.819 PM'
}
{
  method: 'GET',
  url: '/api/v1/invoice/66f16dd344bdd8150a333d19?time=0.3112356359539057',
  status: 200,
  response_time: 41.242,
  level: 'http',
  message: 'incom-request',
  timestamp: '2024-09-23 07:18:24.062 PM'
}
{
  message: '\x1B[34m\x1B[1mMOngodb connected: mongodb\x1B[22m\x1B[39m',
  level: 'info',
  timestamp: '2024-09-23 07:20:34.179 PM'
}
{
  message: '\x1B[32m\x1B[1mcheck\x1B[22m\x1B[39m Server running in \x1B[33m\x1B[1mdevelopment\x1B[22m\x1B[39m mode on port \x1B[34m\x1B[1m1997\x1B[22m\x1B[39m',
  level: 'info',
  timestamp: '2024-09-23 07:20:34.187 PM'
}
{
  method: 'GET',
  url: '/api/v1/detail/66f16dd344bdd8150a333d19',
  status: 200,
  response_time: 31.716,
  level: 'http',
  message: 'incom-request',
  timestamp: '2024-09-23 07:20:37.182 PM'
}
{
  method: 'GET',
  url: '/api/v1/invoice/66f16dd344bdd8150a333d19?time=0.5014831943284233',
  status: 200,
  response_time: 5.088,
  level: 'http',
  message: 'incom-request',
  timestamp: '2024-09-23 07:20:37.309 PM'
}
{
  method: 'GET',
  url: '/api/v1/invoice/66f16dd344bdd8150a333d19?time=0.9293145196644867',
  status: 200,
  response_time: 2.412,
  level: 'http',
  message: 'incom-request',
  timestamp: '2024-09-23 07:20:37.393 PM'
}
{
  message: '\x1B[34m\x1B[1mMOngodb connected: mongodb\x1B[22m\x1B[39m',
  level: 'info',
  timestamp: '2024-09-23 07:20:42.056 PM'
}
{
  message: '\x1B[32m\x1B[1mcheck\x1B[22m\x1B[39m Server running in \x1B[33m\x1B[1mdevelopment\x1B[22m\x1B[39m mode on port \x1B[34m\x1B[1m1997\x1B[22m\x1B[39m',
  level: 'info',
  timestamp: '2024-09-23 07:20:42.062 PM'
}
{
  method: 'GET',
  url: '/api/v1/detail/66f16dd344bdd8150a333d19',
  status: 304,
  response_time: 38.773,
  level: 'http',
  message: 'incom-request',
  timestamp: '2024-09-23 07:20:43.680 PM'
}
{
  method: 'GET',
  url: '/api/v1/invoice/66f16dd344bdd8150a333d19?time=0.8974731116337376',
  status: 200,
  response_time: 76.913,
  level: 'http',
  message: 'incom-request',
  timestamp: '2024-09-23 07:20:43.810 PM'
}
{
  method: 'GET',
  url: '/api/v1/invoice/66f16dd344bdd8150a333d19?time=0.2653531556850046',
  status: 200,
  response_time: 2.195,
  level: 'http',
  message: 'incom-request',
  timestamp: '2024-09-23 07:20:43.850 PM'
}
{
  method: 'GET',
  url: '/api/v1/invoice/66f16dd344bdd8150a333d19?time=0.5285968936451602',
  status: 200,
  response_time: 2.99,
  level: 'http',
  message: 'incom-request',
  timestamp: '2024-09-23 07:20:43.939 PM'
}
{
  message: '\x1B[34m\x1B[1mMOngodb connected: mongodb\x1B[22m\x1B[39m',
  level: 'info',
  timestamp: '2024-09-23 07:21:35.893 PM'
}
{
  message: '\x1B[32m\x1B[1mcheck\x1B[22m\x1B[39m Server running in \x1B[33m\x1B[1mdevelopment\x1B[22m\x1B[39m mode on port \x1B[34m\x1B[1m1997\x1B[22m\x1B[39m',
  level: 'info',
  timestamp: '2024-09-23 07:21:35.897 PM'
}
{
  method: 'GET',
  url: '/api/v1/detail/66f16dd344bdd8150a333d19',
  status: 304,
  response_time: 27.575,
  level: 'http',
  message: 'incom-request',
  timestamp: '2024-09-23 07:21:38.279 PM'
}
{
  method: 'GET',
  url: '/api/v1/invoice/66f16dd344bdd8150a333d19?time=0.5510745994552091',
  status: 200,
  response_time: 6.313,
  level: 'http',
  message: 'incom-request',
  timestamp: '2024-09-23 07:21:38.638 PM'
}
{
  method: 'GET',
  url: '/api/v1/invoice/66f16dd344bdd8150a333d19?time=0.7879977185981304',
  status: 200,
  response_time: 3.007,
  level: 'http',
  message: 'incom-request',
  timestamp: '2024-09-23 07:21:38.732 PM'
}
{
  message: '\x1B[34m\x1B[1mMOngodb connected: mongodb\x1B[22m\x1B[39m',
  level: 'info',
  timestamp: '2024-09-23 07:21:47.640 PM'
}
{
  message: '\x1B[32m\x1B[1mcheck\x1B[22m\x1B[39m Server running in \x1B[33m\x1B[1mdevelopment\x1B[22m\x1B[39m mode on port \x1B[34m\x1B[1m1997\x1B[22m\x1B[39m',
  level: 'info',
  timestamp: '2024-09-23 07:21:47.649 PM'
}
{
  method: 'GET',
  url: '/api/v1/detail/66f16dd344bdd8150a333d19',
  status: 304,
  response_time: 29.313,
  level: 'http',
  message: 'incom-request',
  timestamp: '2024-09-23 07:21:49.261 PM'
}
{
  method: 'GET',
  url: '/api/v1/invoice/66f16dd344bdd8150a333d19?time=0.38526443595979964',
  status: 200,
  response_time: 11.995,
  level: 'http',
  message: 'incom-request',
  timestamp: '2024-09-23 07:21:49.344 PM'
}
{
  method: 'GET',
  url: '/api/v1/invoice/66f16dd344bdd8150a333d19?time=0.9611696901869573',
  status: 200,
  response_time: 2.263,
  level: 'http',
  message: 'incom-request',
  timestamp: '2024-09-23 07:21:49.382 PM'
}
{
  method: 'GET',
  url: '/api/v1/invoice/66f16dd344bdd8150a333d19?time=0.5351886887473076',
  status: 200,
  response_time: 3.162,
  level: 'http',
  message: 'incom-request',
  timestamp: '2024-09-23 07:21:49.464 PM'
}
{
  message: '\x1B[34m\x1B[1mMOngodb connected: mongodb\x1B[22m\x1B[39m',
  level: 'info',
  timestamp: '2024-09-23 07:21:56.075 PM'
}
{
  message: '\x1B[32m\x1B[1mcheck\x1B[22m\x1B[39m Server running in \x1B[33m\x1B[1mdevelopment\x1B[22m\x1B[39m mode on port \x1B[34m\x1B[1m1997\x1B[22m\x1B[39m',
  level: 'info',
  timestamp: '2024-09-23 07:21:56.080 PM'
}
{
  method: 'GET',
  url: '/api/v1/detail/66f16dd344bdd8150a333d19',
  status: 304,
  response_time: 28.824,
  level: 'http',
  message: 'incom-request',
  timestamp: '2024-09-23 07:21:57.544 PM'
}
{
  method: 'GET',
  url: '/api/v1/invoice/66f16dd344bdd8150a333d19?time=0.19445120384981607',
  status: null,
  response_time: null,
  level: 'http',
  message: 'incom-request',
  timestamp: '2024-09-23 07:21:57.556 PM'
}
{
  method: 'GET',
  url: '/api/v1/invoice/66f16dd344bdd8150a333d19?time=0.18283999032516363',
  status: 200,
  response_time: 2.046,
  level: 'http',
  message: 'incom-request',
  timestamp: '2024-09-23 07:21:57.652 PM'
}
{
  method: 'GET',
  url: '/api/v1/invoice/66f16dd344bdd8150a333d19?time=0.5613378960312008',
  status: 200,
  response_time: 2.6,
  level: 'http',
  message: 'incom-request',
  timestamp: '2024-09-23 07:21:57.722 PM'
}
{
  message: '\x1B[34m\x1B[1mMOngodb connected: mongodb\x1B[22m\x1B[39m',
  level: 'info',
  timestamp: '2024-09-23 07:22:04.747 PM'
}
{
  message: '\x1B[32m\x1B[1mcheck\x1B[22m\x1B[39m Server running in \x1B[33m\x1B[1mdevelopment\x1B[22m\x1B[39m mode on port \x1B[34m\x1B[1m1997\x1B[22m\x1B[39m',
  level: 'info',
  timestamp: '2024-09-23 07:22:04.755 PM'
}
{
  method: 'GET',
  url: '/api/v1/detail/66f16dd344bdd8150a333d19',
  status: 304,
  response_time: 30.892,
  level: 'http',
  message: 'incom-request',
  timestamp: '2024-09-23 07:22:09.472 PM'
}
{
  method: 'GET',
  url: '/api/v1/invoice/66f16dd344bdd8150a333d19?time=0.08952190250356318',
  status: 200,
  response_time: 4.705,
  level: 'http',
  message: 'incom-request',
  timestamp: '2024-09-23 07:22:09.576 PM'
}
{
  method: 'GET',
  url: '/api/v1/invoice/66f16dd344bdd8150a333d19?time=0.3358301004356776',
  status: 200,
  response_time: 2.408,
  level: 'http',
  message: 'incom-request',
  timestamp: '2024-09-23 07:22:09.642 PM'
}
{
  message: '\x1B[34m\x1B[1mMOngodb connected: mongodb\x1B[22m\x1B[39m',
  level: 'info',
  timestamp: '2024-09-23 07:22:14.093 PM'
}
{
  message: '\x1B[32m\x1B[1mcheck\x1B[22m\x1B[39m Server running in \x1B[33m\x1B[1mdevelopment\x1B[22m\x1B[39m mode on port \x1B[34m\x1B[1m1997\x1B[22m\x1B[39m',
  level: 'info',
  timestamp: '2024-09-23 07:22:14.097 PM'
}
{
  method: 'GET',
  url: '/api/v1/detail/66f16dd344bdd8150a333d19',
  status: 304,
  response_time: 46.876,
  level: 'http',
  message: 'incom-request',
  timestamp: '2024-09-23 07:22:16.055 PM'
}
{
  method: 'GET',
  url: '/api/v1/invoice/66f16dd344bdd8150a333d19?time=0.8424234622235869',
  status: null,
  response_time: null,
  level: 'http',
  message: 'incom-request',
  timestamp: '2024-09-23 07:22:16.075 PM'
}
{
  method: 'GET',
  url: '/api/v1/invoice/66f16dd344bdd8150a333d19?time=0.9935232992851066',
  status: 200,
  response_time: 2.081,
  level: 'http',
  message: 'incom-request',
  timestamp: '2024-09-23 07:22:16.177 PM'
}
{
  method: 'GET',
  url: '/api/v1/invoice/66f16dd344bdd8150a333d19?time=0.960164530297063',
  status: 200,
  response_time: 3.028,
  level: 'http',
  message: 'incom-request',
  timestamp: '2024-09-23 07:22:16.244 PM'
}
{
  message: '\x1B[34m\x1B[1mMOngodb connected: mongodb\x1B[22m\x1B[39m',
  level: 'info',
  timestamp: '2024-09-23 07:22:20.601 PM'
}
{
  message: '\x1B[32m\x1B[1mcheck\x1B[22m\x1B[39m Server running in \x1B[33m\x1B[1mdevelopment\x1B[22m\x1B[39m mode on port \x1B[34m\x1B[1m1997\x1B[22m\x1B[39m',
  level: 'info',
  timestamp: '2024-09-23 07:22:20.605 PM'
}
{
  method: 'GET',
  url: '/api/v1/detail/66f16dd344bdd8150a333d19',
  status: 304,
  response_time: 33.38,
  level: 'http',
  message: 'incom-request',
  timestamp: '2024-09-23 07:22:22.404 PM'
}
{
  method: 'GET',
  url: '/api/v1/invoice/66f16dd344bdd8150a333d19?time=0.31758771571836864',
  status: 200,
  response_time: 11.249,
  level: 'http',
  message: 'incom-request',
  timestamp: '2024-09-23 07:22:22.490 PM'
}
{
  method: 'GET',
  url: '/api/v1/invoice/66f16dd344bdd8150a333d19?time=0.06202238389603565',
  status: 200,
  response_time: 2.383,
  level: 'http',
  message: 'incom-request',
  timestamp: '2024-09-23 07:22:22.525 PM'
}
{
  method: 'GET',
  url: '/api/v1/invoice/66f16dd344bdd8150a333d19?time=0.10924878965723295',
  status: 200,
  response_time: 2.791,
  level: 'http',
  message: 'incom-request',
  timestamp: '2024-09-23 07:22:22.599 PM'
}
{
  message: '\x1B[34m\x1B[1mMOngodb connected: mongodb\x1B[22m\x1B[39m',
  level: 'info',
  timestamp: '2024-09-23 07:23:10.318 PM'
}
{
  message: '\x1B[32m\x1B[1mcheck\x1B[22m\x1B[39m Server running in \x1B[33m\x1B[1mdevelopment\x1B[22m\x1B[39m mode on port \x1B[34m\x1B[1m1997\x1B[22m\x1B[39m',
  level: 'info',
  timestamp: '2024-09-23 07:23:10.323 PM'
}
{
  message: '\x1B[34m\x1B[1mMOngodb connected: mongodb\x1B[22m\x1B[39m',
  level: 'info',
  timestamp: '2024-09-23 07:23:26.532 PM'
}
{
  message: '\x1B[32m\x1B[1mcheck\x1B[22m\x1B[39m Server running in \x1B[33m\x1B[1mdevelopment\x1B[22m\x1B[39m mode on port \x1B[34m\x1B[1m1997\x1B[22m\x1B[39m',
  level: 'info',
  timestamp: '2024-09-23 07:23:26.537 PM'
}
{
  method: 'GET',
  url: '/api/v1/detail/66f16dd344bdd8150a333d19',
  status: 304,
  response_time: 38.724,
  level: 'http',
  message: 'incom-request',
  timestamp: '2024-09-23 07:23:29.882 PM'
}
{
  method: 'GET',
  url: '/api/v1/invoice/66f16dd344bdd8150a333d19?time=0.9248934192483076',
  status: 200,
  response_time: 38.152,
  level: 'http',
  message: 'incom-request',
  timestamp: '2024-09-23 07:23:29.969 PM'
}
{
  method: 'GET',
  url: '/api/v1/invoice/66f16dd344bdd8150a333d19?time=0.38528216661229187',
  status: 200,
  response_time: 2.477,
  level: 'http',
  message: 'incom-request',
  timestamp: '2024-09-23 07:23:30.007 PM'
}
{
  method: 'GET',
  url: '/api/v1/invoice/66f16dd344bdd8150a333d19?time=0.6120398132096163',
  status: 200,
  response_time: 2.634,
  level: 'http',
  message: 'incom-request',
  timestamp: '2024-09-23 07:23:30.070 PM'
}
{
  message: '\x1B[34m\x1B[1mMOngodb connected: mongodb\x1B[22m\x1B[39m',
  level: 'info',
  timestamp: '2024-09-23 07:23:48.547 PM'
}
{
  message: '\x1B[32m\x1B[1mcheck\x1B[22m\x1B[39m Server running in \x1B[33m\x1B[1mdevelopment\x1B[22m\x1B[39m mode on port \x1B[34m\x1B[1m1997\x1B[22m\x1B[39m',
  level: 'info',
  timestamp: '2024-09-23 07:23:48.552 PM'
}
{
  method: 'GET',
  url: '/api/v1/detail/66f16dd344bdd8150a333d19',
  status: 304,
  response_time: 35.948,
  level: 'http',
  message: 'incom-request',
  timestamp: '2024-09-23 07:23:50.098 PM'
}
{
  method: 'GET',
  url: '/api/v1/invoice/66f16dd344bdd8150a333d19?time=0.5420591051089518',
  status: 200,
  response_time: 7.094,
  level: 'http',
  message: 'incom-request',
  timestamp: '2024-09-23 07:23:50.183 PM'
}
{
  method: 'GET',
  url: '/api/v1/invoice/66f16dd344bdd8150a333d19?time=0.9463394820567625',
  status: 200,
  response_time: 4.38,
  level: 'http',
  message: 'incom-request',
  timestamp: '2024-09-23 07:23:50.219 PM'
}
{
  method: 'GET',
  url: '/api/v1/invoice/66f16dd344bdd8150a333d19?time=0.21669129281877764',
  status: 200,
  response_time: 2.406,
  level: 'http',
  message: 'incom-request',
  timestamp: '2024-09-23 07:23:50.281 PM'
}
{
  message: '\x1B[34m\x1B[1mMOngodb connected: mongodb\x1B[22m\x1B[39m',
  level: 'info',
  timestamp: '2024-09-23 07:23:56.115 PM'
}
{
  message: '\x1B[32m\x1B[1mcheck\x1B[22m\x1B[39m Server running in \x1B[33m\x1B[1mdevelopment\x1B[22m\x1B[39m mode on port \x1B[34m\x1B[1m1997\x1B[22m\x1B[39m',
  level: 'info',
  timestamp: '2024-09-23 07:23:56.123 PM'
}
{
  method: 'GET',
  url: '/api/v1/detail/66f16dd344bdd8150a333d19',
  status: 304,
  response_time: 35.576,
  level: 'http',
  message: 'incom-request',
  timestamp: '2024-09-23 07:23:57.692 PM'
}
{
  method: 'GET',
  url: '/api/v1/invoice/66f16dd344bdd8150a333d19?time=0.053461074669512554',
  status: 200,
  response_time: 11.754,
  level: 'http',
  message: 'incom-request',
  timestamp: '2024-09-23 07:23:57.796 PM'
}
{
  method: 'GET',
  url: '/api/v1/invoice/66f16dd344bdd8150a333d19?time=0.10096889798157416',
  status: 200,
  response_time: 3.167,
  level: 'http',
  message: 'incom-request',
  timestamp: '2024-09-23 07:23:57.843 PM'
}
{
  method: 'GET',
  url: '/api/v1/invoice/66f16dd344bdd8150a333d19?time=0.11353874644269135',
  status: 200,
  response_time: 3.17,
  level: 'http',
  message: 'incom-request',
  timestamp: '2024-09-23 07:23:57.912 PM'
}
{
  message: '\x1B[34m\x1B[1mMOngodb connected: mongodb\x1B[22m\x1B[39m',
  level: 'info',
  timestamp: '2024-09-23 07:24:03.001 PM'
}
{
  message: '\x1B[32m\x1B[1mcheck\x1B[22m\x1B[39m Server running in \x1B[33m\x1B[1mdevelopment\x1B[22m\x1B[39m mode on port \x1B[34m\x1B[1m1997\x1B[22m\x1B[39m',
  level: 'info',
  timestamp: '2024-09-23 07:24:03.010 PM'
}
{
  method: 'GET',
  url: '/api/v1/detail/66f16dd344bdd8150a333d19',
  status: 304,
  response_time: 40.664,
  level: 'http',
  message: 'incom-request',
  timestamp: '2024-09-23 07:24:04.329 PM'
}
{
  method: 'GET',
  url: '/api/v1/invoice/66f16dd344bdd8150a333d19?time=0.8493378577196413',
  status: 200,
  response_time: 5.645,
  level: 'http',
  message: 'incom-request',
  timestamp: '2024-09-23 07:24:04.415 PM'
}
{
  method: 'GET',
  url: '/api/v1/invoice/66f16dd344bdd8150a333d19?time=0.4865374333341548',
  status: 200,
  response_time: 3.522,
  level: 'http',
  message: 'incom-request',
  timestamp: '2024-09-23 07:24:04.449 PM'
}
{
  method: 'GET',
  url: '/api/v1/invoice/66f16dd344bdd8150a333d19?time=0.9216195708369479',
  status: 200,
  response_time: 2.796,
  level: 'http',
  message: 'incom-request',
  timestamp: '2024-09-23 07:24:04.512 PM'
}
{
  message: '\x1B[34m\x1B[1mMOngodb connected: mongodb\x1B[22m\x1B[39m',
  level: 'info',
  timestamp: '2024-09-23 07:24:15.091 PM'
}
{
  message: '\x1B[32m\x1B[1mcheck\x1B[22m\x1B[39m Server running in \x1B[33m\x1B[1mdevelopment\x1B[22m\x1B[39m mode on port \x1B[34m\x1B[1m1997\x1B[22m\x1B[39m',
  level: 'info',
  timestamp: '2024-09-23 07:24:15.095 PM'
}
{
  method: 'GET',
  url: '/api/v1/detail/66f16dd344bdd8150a333d19',
  status: 304,
  response_time: 36.183,
  level: 'http',
  message: 'incom-request',
  timestamp: '2024-09-23 07:24:16.856 PM'
}
{
  method: 'GET',
  url: '/api/v1/invoice/66f16dd344bdd8150a333d19?time=0.21941804577408597',
  status: 200,
  response_time: 5.201,
  level: 'http',
  message: 'incom-request',
  timestamp: '2024-09-23 07:24:16.979 PM'
}
{
  method: 'GET',
  url: '/api/v1/invoice/66f16dd344bdd8150a333d19?time=0.18923183400963062',
  status: 200,
  response_time: 3.289,
  level: 'http',
  message: 'incom-request',
  timestamp: '2024-09-23 07:24:17.051 PM'
}
{
  message: '\x1B[34m\x1B[1mMOngodb connected: mongodb\x1B[22m\x1B[39m',
  level: 'info',
  timestamp: '2024-09-23 07:24:52.525 PM'
}
{
  message: '\x1B[32m\x1B[1mcheck\x1B[22m\x1B[39m Server running in \x1B[33m\x1B[1mdevelopment\x1B[22m\x1B[39m mode on port \x1B[34m\x1B[1m1997\x1B[22m\x1B[39m',
  level: 'info',
  timestamp: '2024-09-23 07:24:52.532 PM'
}
{
  method: 'GET',
  url: '/api/v1/detail/66f16dd344bdd8150a333d19',
  status: 304,
  response_time: 28.846,
  level: 'http',
  message: 'incom-request',
  timestamp: '2024-09-23 07:24:54.019 PM'
}
{
  method: 'GET',
  url: '/api/v1/invoice/66f16dd344bdd8150a333d19?time=0.374028427360813',
  status: null,
  response_time: null,
  level: 'http',
  message: 'incom-request',
  timestamp: '2024-09-23 07:24:54.033 PM'
}
{
  method: 'GET',
  url: '/api/v1/invoice/66f16dd344bdd8150a333d19?time=0.6204228067343247',
  status: 200,
  response_time: 2.383,
  level: 'http',
  message: 'incom-request',
  timestamp: '2024-09-23 07:24:54.143 PM'
}
{
  method: 'GET',
  url: '/api/v1/invoice/66f16dd344bdd8150a333d19?time=0.24219846682629198',
  status: 200,
  response_time: 2.453,
  level: 'http',
  message: 'incom-request',
  timestamp: '2024-09-23 07:24:54.204 PM'
}
{
  message: '\x1B[34m\x1B[1mMOngodb connected: mongodb\x1B[22m\x1B[39m',
  level: 'info',
  timestamp: '2024-09-23 07:25:16.269 PM'
}
{
  message: '\x1B[32m\x1B[1mcheck\x1B[22m\x1B[39m Server running in \x1B[33m\x1B[1mdevelopment\x1B[22m\x1B[39m mode on port \x1B[34m\x1B[1m1997\x1B[22m\x1B[39m',
  level: 'info',
  timestamp: '2024-09-23 07:25:16.273 PM'
}
{
  message: '\x1B[34m\x1B[1mMOngodb connected: mongodb\x1B[22m\x1B[39m',
  level: 'info',
  timestamp: '2024-09-23 07:25:37.988 PM'
}
{
  message: '\x1B[32m\x1B[1mcheck\x1B[22m\x1B[39m Server running in \x1B[33m\x1B[1mdevelopment\x1B[22m\x1B[39m mode on port \x1B[34m\x1B[1m1997\x1B[22m\x1B[39m',
  level: 'info',
  timestamp: '2024-09-23 07:25:37.996 PM'
}
{
  method: 'GET',
  url: '/api/v1/detail/66f16dd344bdd8150a333d19',
  status: 304,
  response_time: 35.989,
  level: 'http',
  message: 'incom-request',
  timestamp: '2024-09-23 07:25:39.791 PM'
}
{
  method: 'GET',
  url: '/api/v1/invoice/66f16dd344bdd8150a333d19?time=0.3261216647192158',
  status: 200,
  response_time: 10.134,
  level: 'http',
  message: 'incom-request',
  timestamp: '2024-09-23 07:25:39.892 PM'
}
{
  method: 'GET',
  url: '/api/v1/invoice/66f16dd344bdd8150a333d19?time=0.2687861497974051',
  status: 200,
  response_time: 3.131,
  level: 'http',
  message: 'incom-request',
  timestamp: '2024-09-23 07:25:39.931 PM'
}
{
  method: 'GET',
  url: '/api/v1/invoice/66f16dd344bdd8150a333d19?time=0.42070382647338445',
  status: 200,
  response_time: 2.295,
  level: 'http',
  message: 'incom-request',
  timestamp: '2024-09-23 07:25:39.998 PM'
}
{
  method: 'GET',
  url: '/api/v1/invoice/66f16dd344bdd8150a333d19?time=0.0971676370317629',
  status: 200,
  response_time: 5.564,
  level: 'http',
  message: 'incom-request',
  timestamp: '2024-09-23 07:25:46.506 PM'
}
{
  method: 'GET',
  url: '/api/v1/invoice/66f16dd344bdd8150a333d19?time=0.7668715366160901',
  status: 200,
  response_time: 5.47,
  level: 'http',
  message: 'incom-request',
  timestamp: '2024-09-23 07:25:48.144 PM'
}
{
  method: 'POST',
  url: '/api/v1/update/66f16dd344bdd8150a333d19',
  status: 200,
  response_time: 56.671,
  level: 'http',
  message: 'incom-request',
  timestamp: '2024-09-23 07:26:38.608 PM'
}
{
  method: 'GET',
  url: '/api/v1/invoice/66f16dd344bdd8150a333d19?time=0.3907021647445552',
  status: 200,
  response_time: 4.737,
  level: 'http',
  message: 'incom-request',
  timestamp: '2024-09-23 07:26:38.745 PM'
}
{
  message: '\x1B[34m\x1B[1mMOngodb connected: mongodb\x1B[22m\x1B[39m',
  level: 'info',
  timestamp: '2024-09-23 07:27:10.854 PM'
}
{
  message: '\x1B[32m\x1B[1mcheck\x1B[22m\x1B[39m Server running in \x1B[33m\x1B[1mdevelopment\x1B[22m\x1B[39m mode on port \x1B[34m\x1B[1m1997\x1B[22m\x1B[39m',
  level: 'info',
  timestamp: '2024-09-23 07:27:10.858 PM'
}
{
  message: '\x1B[34m\x1B[1mMOngodb connected: mongodb\x1B[22m\x1B[39m',
  level: 'info',
  timestamp: '2024-09-23 07:28:21.133 PM'
}
{
  message: '\x1B[32m\x1B[1mcheck\x1B[22m\x1B[39m Server running in \x1B[33m\x1B[1mdevelopment\x1B[22m\x1B[39m mode on port \x1B[34m\x1B[1m1997\x1B[22m\x1B[39m',
  level: 'info',
  timestamp: '2024-09-23 07:28:21.137 PM'
}
{
  message: '\x1B[34m\x1B[1mMOngodb connected: mongodb\x1B[22m\x1B[39m',
  level: 'info',
  timestamp: '2024-09-23 07:28:37.036 PM'
}
{
  message: '\x1B[32m\x1B[1mcheck\x1B[22m\x1B[39m Server running in \x1B[33m\x1B[1mdevelopment\x1B[22m\x1B[39m mode on port \x1B[34m\x1B[1m1997\x1B[22m\x1B[39m',
  level: 'info',
  timestamp: '2024-09-23 07:28:37.039 PM'
}
{
  message: '\x1B[34m\x1B[1mMOngodb connected: mongodb\x1B[22m\x1B[39m',
  level: 'info',
  timestamp: '2024-09-23 07:28:49.942 PM'
}
{
  message: '\x1B[32m\x1B[1mcheck\x1B[22m\x1B[39m Server running in \x1B[33m\x1B[1mdevelopment\x1B[22m\x1B[39m mode on port \x1B[34m\x1B[1m1997\x1B[22m\x1B[39m',
  level: 'info',
  timestamp: '2024-09-23 07:28:49.948 PM'
}
{
  message: '\x1B[34m\x1B[1mMOngodb connected: mongodb\x1B[22m\x1B[39m',
  level: 'info',
  timestamp: '2024-09-23 07:28:56.163 PM'
}
{
  message: '\x1B[32m\x1B[1mcheck\x1B[22m\x1B[39m Server running in \x1B[33m\x1B[1mdevelopment\x1B[22m\x1B[39m mode on port \x1B[34m\x1B[1m1997\x1B[22m\x1B[39m',
  level: 'info',
  timestamp: '2024-09-23 07:28:56.169 PM'
}
{
  method: 'GET',
  url: '/api/v1/detail/66f16dd344bdd8150a333d19',
  status: 200,
  response_time: 31.332,
  level: 'http',
  message: 'incom-request',
  timestamp: '2024-09-23 07:28:57.810 PM'
}
{
  method: 'GET',
  url: '/api/v1/invoice/66f16dd344bdd8150a333d19?time=0.9079982522776588',
  status: 200,
  response_time: 7.368,
  level: 'http',
  message: 'incom-request',
  timestamp: '2024-09-23 07:28:57.904 PM'
}
{
  method: 'GET',
  url: '/api/v1/invoice/66f16dd344bdd8150a333d19?time=0.4041512643712817',
  status: 200,
  response_time: 3.196,
  level: 'http',
  message: 'incom-request',
  timestamp: '2024-09-23 07:28:57.948 PM'
}
{
  method: 'GET',
  url: '/api/v1/invoice/66f16dd344bdd8150a333d19?time=0.11117536734921507',
  status: 200,
  response_time: 2.89,
  level: 'http',
  message: 'incom-request',
  timestamp: '2024-09-23 07:28:58.010 PM'
}
{
  method: 'POST',
  url: '/api/v1/update/66f16dd344bdd8150a333d19',
  status: 200,
  response_time: 52.253,
  level: 'http',
  message: 'incom-request',
  timestamp: '2024-09-23 07:29:27.127 PM'
}
{
  method: 'GET',
  url: '/api/v1/invoice/66f16dd344bdd8150a333d19?time=0.04332643006049808',
  status: 200,
  response_time: 5.245,
  level: 'http',
  message: 'incom-request',
  timestamp: '2024-09-23 07:29:27.250 PM'
}
{
  method: 'GET',
  url: '/api/v1/invoice/66f16dd344bdd8150a333d19?time=0.577639403059347',
  status: 200,
  response_time: 5.604,
  level: 'http',
  message: 'incom-request',
  timestamp: '2024-09-23 07:29:29.588 PM'
}
{
  message: '\x1B[34m\x1B[1mMOngodb connected: mongodb\x1B[22m\x1B[39m',
  level: 'info',
  timestamp: '2024-09-23 07:29:52.198 PM'
}
{
  message: '\x1B[32m\x1B[1mcheck\x1B[22m\x1B[39m Server running in \x1B[33m\x1B[1mdevelopment\x1B[22m\x1B[39m mode on port \x1B[34m\x1B[1m1997\x1B[22m\x1B[39m',
  level: 'info',
  timestamp: '2024-09-23 07:29:52.204 PM'
}
{
  message: '\x1B[34m\x1B[1mMOngodb connected: mongodb\x1B[22m\x1B[39m',
  level: 'info',
  timestamp: '2024-09-23 07:31:58.898 PM'
}
{
  message: '\x1B[32m\x1B[1mcheck\x1B[22m\x1B[39m Server running in \x1B[33m\x1B[1mdevelopment\x1B[22m\x1B[39m mode on port \x1B[34m\x1B[1m1997\x1B[22m\x1B[39m',
  level: 'info',
  timestamp: '2024-09-23 07:31:58.902 PM'
}
