{
  message: 'Too many requests: too many requests from this ip address please try after 15 minutes\tGET\tundefined\tundefined',
  level: 'error',
  timestamp: '2024-09-11 05:49:26.446 AM'
}
{
  message: 'Too many requests: too many requests from this ip address please try after 15 minutes\tGET\tundefined\tundefined',
  level: 'error',
  timestamp: '2024-09-11 05:49:31.501 AM'
}
{
  message: 'Too many requests: too many requests from this ip address please try after 15 minutes\tGET\tundefined\tundefined',
  level: 'error',
  timestamp: '2024-09-11 05:49:42.798 AM'
}
{
  message: 'Too many requests: too many requests from this ip address please try after 15 minutes\tGET\tundefined\tundefined',
  level: 'error',
  timestamp: '2024-09-11 06:26:59.843 AM'
}
{
  message: 'Too many requests: too many requests from this ip address please try after 15 minutes\tGET\tundefined\tundefined',
  level: 'error',
  timestamp: '2024-09-11 06:27:11.670 AM'
}
{
  message: 'Too many requests: too many requests from this ip address please try after 15 minutes\tGET\tundefined\tundefined',
  level: 'error',
  timestamp: '2024-09-11 06:27:46.357 AM'
}
{
  message: 'Too many requests: too many requests from this ip address please try after 15 minutes\tGET\tundefined\tundefined',
  level: 'error',
  timestamp: '2024-09-11 06:27:46.439 AM'
}
{
  message: 'Too many requests: too many requests from this ip address please try after 15 minutes\tGET\tundefined\tundefined',
  level: 'error',
  timestamp: '2024-09-11 06:27:50.874 AM'
}
{
  message: 'Too many requests: too many requests from this ip address please try after 15 minutes\tGET\tundefined\tundefined',
  level: 'error',
  timestamp: '2024-09-11 06:27:50.956 AM'
}
{
  message: 'Too many requests: too many requests from this ip address please try after 15 minutes\tGET\tundefined\tundefined',
  level: 'error',
  timestamp: '2024-09-11 06:28:02.084 AM'
}
{
  message: 'Too many requests: too many requests from this ip address please try after 15 minutes\tGET\tundefined\tundefined',
  level: 'error',
  timestamp: '2024-09-11 06:28:02.137 AM'
}
{
  message: 'Too many requests: too many requests from this ip address please try after 15 minutes\tGET\tundefined\tundefined',
  level: 'error',
  timestamp: '2024-09-11 06:28:26.277 AM'
}
{
  message: 'Too many requests: too many requests from this ip address please try after 15 minutes\tGET\tundefined\tundefined',
  level: 'error',
  timestamp: '2024-09-11 06:28:26.334 AM'
}
{
  error: ReferenceError: buildPDF is not defined
      at file:///app/backend/routes/index.js:41:3
      at processTicksAndRejections (node:internal/process/task_queues:96:5),
  level: 'error',
  message: 'unhandledRejection: buildPDF is not defined\n' +
    'ReferenceError: buildPDF is not defined\n' +
    '    at file:///app/backend/routes/index.js:41:3\n' +
    '    at processTicksAndRejections (node:internal/process/task_queues:96:5)',
  stack: 'ReferenceError: buildPDF is not defined\n' +
    '    at file:///app/backend/routes/index.js:41:3\n' +
    '    at processTicksAndRejections (node:internal/process/task_queues:96:5)',
  rejection: true,
  date: 'Wed Sep 11 2024 08:33:48 GMT+0000 (Coordinated Universal Time)',
  process: {
    pid: 170,
    uid: 100,
    gid: 101,
    cwd: '/app',
    execPath: '/usr/local/bin/node',
    version: 'v16.13.1',
    argv: [ '/usr/local/bin/node', '/app/backend/server.js' ],
    memoryUsage: {
      rss: 75010048,
      heapTotal: 38203392,
      heapUsed: 25134984,
      external: 24712821,
      arrayBuffers: 18342381
    }
  },
  os: { loadavg: [ 3.05, 1.87, 1.07 ], uptime: 853 },
  trace: [
    {
      column: 3,
      file: 'file:///app/backend/routes/index.js',
      function: null,
      line: 41,
      method: null,
      native: false
    },
    {
      column: 5,
      file: 'node:internal/process/task_queues',
      function: 'processTicksAndRejections',
      line: 96,
      method: null,
      native: false
    }
  ],
  timestamp: '2024-09-11 08:33:48.038 AM'
}
{
  error: ReferenceError: buildPDF is not defined
      at file:///app/backend/routes/index.js:41:3
      at processTicksAndRejections (node:internal/process/task_queues:96:5),
  level: 'error',
  message: 'unhandledRejection: buildPDF is not defined\n' +
    'ReferenceError: buildPDF is not defined\n' +
    '    at file:///app/backend/routes/index.js:41:3\n' +
    '    at processTicksAndRejections (node:internal/process/task_queues:96:5)',
  stack: 'ReferenceError: buildPDF is not defined\n' +
    '    at file:///app/backend/routes/index.js:41:3\n' +
    '    at processTicksAndRejections (node:internal/process/task_queues:96:5)',
  rejection: true,
  date: 'Wed Sep 11 2024 08:33:58 GMT+0000 (Coordinated Universal Time)',
  process: {
    pid: 181,
    uid: 100,
    gid: 101,
    cwd: '/app',
    execPath: '/usr/local/bin/node',
    version: 'v16.13.1',
    argv: [ '/usr/local/bin/node', '/app/backend/server.js' ],
    memoryUsage: {
      rss: 75436032,
      heapTotal: 38203392,
      heapUsed: 25200480,
      external: 24712812,
      arrayBuffers: 18342381
    }
  },
  os: { loadavg: [ 2.97, 1.89, 1.09 ], uptime: 862.96 },
  trace: [
    {
      column: 3,
      file: 'file:///app/backend/routes/index.js',
      function: null,
      line: 41,
      method: null,
      native: false
    },
    {
      column: 5,
      file: 'node:internal/process/task_queues',
      function: 'processTicksAndRejections',
      line: 96,
      method: null,
      native: false
    }
  ],
  timestamp: '2024-09-11 08:33:58.007 AM'
}
{
  error: ReferenceError: leftWidth is not defined
      at buildPDF (file:///app/backend/libs/pdfkit.js:104:12)
      at file:///app/backend/routes/index.js:41:3
      at processTicksAndRejections (node:internal/process/task_queues:96:5),
  level: 'error',
  message: 'unhandledRejection: leftWidth is not defined\n' +
    'ReferenceError: leftWidth is not defined\n' +
    '    at buildPDF (file:///app/backend/libs/pdfkit.js:104:12)\n' +
    '    at file:///app/backend/routes/index.js:41:3\n' +
    '    at processTicksAndRejections (node:internal/process/task_queues:96:5)',
  stack: 'ReferenceError: leftWidth is not defined\n' +
    '    at buildPDF (file:///app/backend/libs/pdfkit.js:104:12)\n' +
    '    at file:///app/backend/routes/index.js:41:3\n' +
    '    at processTicksAndRejections (node:internal/process/task_queues:96:5)',
  rejection: true,
  date: 'Wed Sep 11 2024 08:41:16 GMT+0000 (Coordinated Universal Time)',
  process: {
    pid: 71,
    uid: 100,
    gid: 101,
    cwd: '/app',
    execPath: '/usr/local/bin/node',
    version: 'v16.13.1',
    argv: [ '/usr/local/bin/node', '/app/backend/server.js' ],
    memoryUsage: {
      rss: 89845760,
      heapTotal: 33148928,
      heapUsed: 29452912,
      external: 20383496,
      arrayBuffers: 18683408
    }
  },
  os: { loadavg: [ 1.08, 1.57, 1.25 ], uptime: 1301.21 },
  trace: [
    {
      column: 12,
      file: 'file:///app/backend/libs/pdfkit.js',
      function: 'buildPDF',
      line: 104,
      method: null,
      native: false
    },
    {
      column: 3,
      file: 'file:///app/backend/routes/index.js',
      function: null,
      line: 41,
      method: null,
      native: false
    },
    {
      column: 5,
      file: 'node:internal/process/task_queues',
      function: 'processTicksAndRejections',
      line: 96,
      method: null,
      native: false
    }
  ],
  timestamp: '2024-09-11 08:41:16.240 AM'
}
{
  error: ReferenceError: location is not defined
      at buildPDF (file:///app/backend/libs/pdfkit.js:117:84)
      at file:///app/backend/routes/index.js:41:3
      at processTicksAndRejections (node:internal/process/task_queues:96:5),
  level: 'error',
  message: 'unhandledRejection: location is not defined\n' +
    'ReferenceError: location is not defined\n' +
    '    at buildPDF (file:///app/backend/libs/pdfkit.js:117:84)\n' +
    '    at file:///app/backend/routes/index.js:41:3\n' +
    '    at processTicksAndRejections (node:internal/process/task_queues:96:5)',
  stack: 'ReferenceError: location is not defined\n' +
    '    at buildPDF (file:///app/backend/libs/pdfkit.js:117:84)\n' +
    '    at file:///app/backend/routes/index.js:41:3\n' +
    '    at processTicksAndRejections (node:internal/process/task_queues:96:5)',
  rejection: true,
  date: 'Wed Sep 11 2024 09:02:36 GMT+0000 (Coordinated Universal Time)',
  process: {
    pid: 692,
    uid: 100,
    gid: 101,
    cwd: '/app',
    execPath: '/usr/local/bin/node',
    version: 'v16.13.1',
    argv: [ '/usr/local/bin/node', '/app/backend/server.js' ],
    memoryUsage: {
      rss: 87826432,
      heapTotal: 64868352,
      heapUsed: 33608488,
      external: 28444479,
      arrayBuffers: 18824301
    }
  },
  os: { loadavg: [ 1.21, 1.13, 1.08 ], uptime: 2568.05 },
  trace: [
    {
      column: 84,
      file: 'file:///app/backend/libs/pdfkit.js',
      function: 'buildPDF',
      line: 117,
      method: null,
      native: false
    },
    {
      column: 3,
      file: 'file:///app/backend/routes/index.js',
      function: null,
      line: 41,
      method: null,
      native: false
    },
    {
      column: 5,
      file: 'node:internal/process/task_queues',
      function: 'processTicksAndRejections',
      line: 96,
      method: null,
      native: false
    }
  ],
  timestamp: '2024-09-11 09:02:36.311 AM'
}
{
  error: Error: switchToPage(2) out of bounds, current buffer covers pages 1 to 1
      at PDFDocument.switchToPage (/app/node_modules/pdfkit/js/pdfkit.js:5561:13)
      at calculateHeight (file:///app/backend/libs/pdfkit.js:15:13)
      at buildPDF (file:///app/backend/libs/pdfkit.js:122:16)
      at file:///app/backend/routes/index.js:41:3
      at processTicksAndRejections (node:internal/process/task_queues:96:5),
  level: 'error',
  message: 'unhandledRejection: switchToPage(2) out of bounds, current buffer covers pages 1 to 1\n' +
    'Error: switchToPage(2) out of bounds, current buffer covers pages 1 to 1\n' +
    '    at PDFDocument.switchToPage (/app/node_modules/pdfkit/js/pdfkit.js:5561:13)\n' +
    '    at calculateHeight (file:///app/backend/libs/pdfkit.js:15:13)\n' +
    '    at buildPDF (file:///app/backend/libs/pdfkit.js:122:16)\n' +
    '    at file:///app/backend/routes/index.js:41:3\n' +
    '    at processTicksAndRejections (node:internal/process/task_queues:96:5)',
  stack: 'Error: switchToPage(2) out of bounds, current buffer covers pages 1 to 1\n' +
    '    at PDFDocument.switchToPage (/app/node_modules/pdfkit/js/pdfkit.js:5561:13)\n' +
    '    at calculateHeight (file:///app/backend/libs/pdfkit.js:15:13)\n' +
    '    at buildPDF (file:///app/backend/libs/pdfkit.js:122:16)\n' +
    '    at file:///app/backend/routes/index.js:41:3\n' +
    '    at processTicksAndRejections (node:internal/process/task_queues:96:5)',
  rejection: true,
  date: 'Thu Sep 12 2024 02:32:12 GMT+0000 (Coordinated Universal Time)',
  process: {
    pid: 2825,
    uid: 100,
    gid: 101,
    cwd: '/app',
    execPath: '/usr/local/bin/node',
    version: 'v16.13.1',
    argv: [ '/usr/local/bin/node', '/app/backend/server.js' ],
    memoryUsage: {
      rss: 88616960,
      heapTotal: 65916928,
      heapUsed: 35910128,
      external: 26483839,
      arrayBuffers: 18882436
    }
  },
  os: { loadavg: [ 0.34, 0.55, 0.62 ], uptime: 13270.43 },
  trace: [
    {
      column: 13,
      file: '/app/node_modules/pdfkit/js/pdfkit.js',
      function: 'PDFDocument.switchToPage',
      line: 5561,
      method: 'switchToPage',
      native: false
    },
    {
      column: 13,
      file: 'file:///app/backend/libs/pdfkit.js',
      function: 'calculateHeight',
      line: 15,
      method: null,
      native: false
    },
    {
      column: 16,
      file: 'file:///app/backend/libs/pdfkit.js',
      function: 'buildPDF',
      line: 122,
      method: null,
      native: false
    },
    {
      column: 3,
      file: 'file:///app/backend/routes/index.js',
      function: null,
      line: 41,
      method: null,
      native: false
    },
    {
      column: 5,
      file: 'node:internal/process/task_queues',
      function: 'processTicksAndRejections',
      line: 96,
      method: null,
      native: false
    }
  ],
  timestamp: '2024-09-12 02:32:12.184 AM'
}
{
  error: Error: switchToPage(2) out of bounds, current buffer covers pages 0 to 1
      at PDFDocument.switchToPage (/app/node_modules/pdfkit/js/pdfkit.js:5561:13)
      at buildPDF (file:///app/backend/libs/pdfkit.js:160:17)
      at file:///app/backend/routes/index.js:41:3
      at processTicksAndRejections (node:internal/process/task_queues:96:5),
  level: 'error',
  message: 'unhandledRejection: switchToPage(2) out of bounds, current buffer covers pages 0 to 1\n' +
    'Error: switchToPage(2) out of bounds, current buffer covers pages 0 to 1\n' +
    '    at PDFDocument.switchToPage (/app/node_modules/pdfkit/js/pdfkit.js:5561:13)\n' +
    '    at buildPDF (file:///app/backend/libs/pdfkit.js:160:17)\n' +
    '    at file:///app/backend/routes/index.js:41:3\n' +
    '    at processTicksAndRejections (node:internal/process/task_queues:96:5)',
  stack: 'Error: switchToPage(2) out of bounds, current buffer covers pages 0 to 1\n' +
    '    at PDFDocument.switchToPage (/app/node_modules/pdfkit/js/pdfkit.js:5561:13)\n' +
    '    at buildPDF (file:///app/backend/libs/pdfkit.js:160:17)\n' +
    '    at file:///app/backend/routes/index.js:41:3\n' +
    '    at processTicksAndRejections (node:internal/process/task_queues:96:5)',
  rejection: true,
  date: 'Thu Sep 12 2024 09:25:52 GMT+0000 (Coordinated Universal Time)',
  process: {
    pid: 3057,
    uid: 100,
    gid: 101,
    cwd: '/app',
    execPath: '/usr/local/bin/node',
    version: 'v16.13.1',
    argv: [ '/usr/local/bin/node', '/app/backend/server.js' ],
    memoryUsage: {
      rss: 89014272,
      heapTotal: 65392640,
      heapUsed: 35722376,
      external: 26456029,
      arrayBuffers: 18853935
    }
  },
  os: { loadavg: [ 0.68, 0.6, 0.55 ], uptime: 14700.57 },
  trace: [
    {
      column: 13,
      file: '/app/node_modules/pdfkit/js/pdfkit.js',
      function: 'PDFDocument.switchToPage',
      line: 5561,
      method: 'switchToPage',
      native: false
    },
    {
      column: 17,
      file: 'file:///app/backend/libs/pdfkit.js',
      function: 'buildPDF',
      line: 160,
      method: null,
      native: false
    },
    {
      column: 3,
      file: 'file:///app/backend/routes/index.js',
      function: null,
      line: 41,
      method: null,
      native: false
    },
    {
      column: 5,
      file: 'node:internal/process/task_queues',
      function: 'processTicksAndRejections',
      line: 96,
      method: null,
      native: false
    }
  ],
  timestamp: '2024-09-12 09:25:52.028 AM'
}
{
  error: Error: switchToPage(2) out of bounds, current buffer covers pages 0 to 1
      at PDFDocument.switchToPage (/app/node_modules/pdfkit/js/pdfkit.js:5561:13)
      at buildPDF (file:///app/backend/libs/pdfkit.js:159:17)
      at file:///app/backend/routes/index.js:41:3
      at processTicksAndRejections (node:internal/process/task_queues:96:5),
  level: 'error',
  message: 'unhandledRejection: switchToPage(2) out of bounds, current buffer covers pages 0 to 1\n' +
    'Error: switchToPage(2) out of bounds, current buffer covers pages 0 to 1\n' +
    '    at PDFDocument.switchToPage (/app/node_modules/pdfkit/js/pdfkit.js:5561:13)\n' +
    '    at buildPDF (file:///app/backend/libs/pdfkit.js:159:17)\n' +
    '    at file:///app/backend/routes/index.js:41:3\n' +
    '    at processTicksAndRejections (node:internal/process/task_queues:96:5)',
  stack: 'Error: switchToPage(2) out of bounds, current buffer covers pages 0 to 1\n' +
    '    at PDFDocument.switchToPage (/app/node_modules/pdfkit/js/pdfkit.js:5561:13)\n' +
    '    at buildPDF (file:///app/backend/libs/pdfkit.js:159:17)\n' +
    '    at file:///app/backend/routes/index.js:41:3\n' +
    '    at processTicksAndRejections (node:internal/process/task_queues:96:5)',
  rejection: true,
  date: 'Thu Sep 12 2024 09:26:45 GMT+0000 (Coordinated Universal Time)',
  process: {
    pid: 3096,
    uid: 100,
    gid: 101,
    cwd: '/app',
    execPath: '/usr/local/bin/node',
    version: 'v16.13.1',
    argv: [ '/usr/local/bin/node', '/app/backend/server.js' ],
    memoryUsage: {
      rss: 88616960,
      heapTotal: 65392640,
      heapUsed: 35989816,
      external: 26456029,
      arrayBuffers: 18854971
    }
  },
  os: { loadavg: [ 0.7, 0.61, 0.56 ], uptime: 14754.49 },
  trace: [
    {
      column: 13,
      file: '/app/node_modules/pdfkit/js/pdfkit.js',
      function: 'PDFDocument.switchToPage',
      line: 5561,
      method: 'switchToPage',
      native: false
    },
    {
      column: 17,
      file: 'file:///app/backend/libs/pdfkit.js',
      function: 'buildPDF',
      line: 159,
      method: null,
      native: false
    },
    {
      column: 3,
      file: 'file:///app/backend/routes/index.js',
      function: null,
      line: 41,
      method: null,
      native: false
    },
    {
      column: 5,
      file: 'node:internal/process/task_queues',
      function: 'processTicksAndRejections',
      line: 96,
      method: null,
      native: false
    }
  ],
  timestamp: '2024-09-12 09:26:45.944 AM'
}
{
  error: TypeError: Cannot read properties of null (reading 'maxY')
      at new LineWrapper (/app/node_modules/pdfkit/js/pdfkit.js:2945:38)
      at PDFDocument._text (/app/node_modules/pdfkit/js/pdfkit.js:3279:19)
      at PDFDocument.text (/app/node_modules/pdfkit/js/pdfkit.js:3297:17)
      at buildPDF (file:///app/backend/libs/pdfkit.js:48:51)
      at file:///app/backend/routes/index.js:41:3
      at processTicksAndRejections (node:internal/process/task_queues:96:5),
  level: 'error',
  message: "unhandledRejection: Cannot read properties of null (reading 'maxY')\n" +
    "TypeError: Cannot read properties of null (reading 'maxY')\n" +
    '    at new LineWrapper (/app/node_modules/pdfkit/js/pdfkit.js:2945:38)\n' +
    '    at PDFDocument._text (/app/node_modules/pdfkit/js/pdfkit.js:3279:19)\n' +
    '    at PDFDocument.text (/app/node_modules/pdfkit/js/pdfkit.js:3297:17)\n' +
    '    at buildPDF (file:///app/backend/libs/pdfkit.js:48:51)\n' +
    '    at file:///app/backend/routes/index.js:41:3\n' +
    '    at processTicksAndRejections (node:internal/process/task_queues:96:5)',
  stack: "TypeError: Cannot read properties of null (reading 'maxY')\n" +
    '    at new LineWrapper (/app/node_modules/pdfkit/js/pdfkit.js:2945:38)\n' +
    '    at PDFDocument._text (/app/node_modules/pdfkit/js/pdfkit.js:3279:19)\n' +
    '    at PDFDocument.text (/app/node_modules/pdfkit/js/pdfkit.js:3297:17)\n' +
    '    at buildPDF (file:///app/backend/libs/pdfkit.js:48:51)\n' +
    '    at file:///app/backend/routes/index.js:41:3\n' +
    '    at processTicksAndRejections (node:internal/process/task_queues:96:5)',
  rejection: true,
  date: 'Thu Sep 12 2024 09:37:52 GMT+0000 (Coordinated Universal Time)',
  process: {
    pid: 3275,
    uid: 100,
    gid: 101,
    cwd: '/app',
    execPath: '/usr/local/bin/node',
    version: 'v16.13.1',
    argv: [ '/usr/local/bin/node', '/app/backend/server.js' ],
    memoryUsage: {
      rss: 88084480,
      heapTotal: 65392640,
      heapUsed: 33890896,
      external: 20625994,
      arrayBuffers: 18837369
    }
  },
  os: { loadavg: [ 0.33, 0.54, 0.56 ], uptime: 15407.23 },
  trace: [
    {
      column: 38,
      file: '/app/node_modules/pdfkit/js/pdfkit.js',
      function: 'new LineWrapper',
      line: 2945,
      method: null,
      native: false
    },
    {
      column: 19,
      file: '/app/node_modules/pdfkit/js/pdfkit.js',
      function: 'PDFDocument._text',
      line: 3279,
      method: '_text',
      native: false
    },
    {
      column: 17,
      file: '/app/node_modules/pdfkit/js/pdfkit.js',
      function: 'PDFDocument.text',
      line: 3297,
      method: 'text',
      native: false
    },
    {
      column: 51,
      file: 'file:///app/backend/libs/pdfkit.js',
      function: 'buildPDF',
      line: 48,
      method: null,
      native: false
    },
    {
      column: 3,
      file: 'file:///app/backend/routes/index.js',
      function: null,
      line: 41,
      method: null,
      native: false
    },
    {
      column: 5,
      file: 'node:internal/process/task_queues',
      function: 'processTicksAndRejections',
      line: 96,
      method: null,
      native: false
    }
  ],
  timestamp: '2024-09-12 09:37:52.728 AM'
}
{
  error: TypeError: Cannot read properties of null (reading 'maxY')
      at new LineWrapper (/app/node_modules/pdfkit/js/pdfkit.js:2945:38)
      at PDFDocument._text (/app/node_modules/pdfkit/js/pdfkit.js:3279:19)
      at PDFDocument.text (/app/node_modules/pdfkit/js/pdfkit.js:3297:17)
      at buildPDF (file:///app/backend/libs/pdfkit.js:48:51)
      at file:///app/backend/routes/index.js:41:3
      at processTicksAndRejections (node:internal/process/task_queues:96:5),
  level: 'error',
  message: "unhandledRejection: Cannot read properties of null (reading 'maxY')\n" +
    "TypeError: Cannot read properties of null (reading 'maxY')\n" +
    '    at new LineWrapper (/app/node_modules/pdfkit/js/pdfkit.js:2945:38)\n' +
    '    at PDFDocument._text (/app/node_modules/pdfkit/js/pdfkit.js:3279:19)\n' +
    '    at PDFDocument.text (/app/node_modules/pdfkit/js/pdfkit.js:3297:17)\n' +
    '    at buildPDF (file:///app/backend/libs/pdfkit.js:48:51)\n' +
    '    at file:///app/backend/routes/index.js:41:3\n' +
    '    at processTicksAndRejections (node:internal/process/task_queues:96:5)',
  stack: "TypeError: Cannot read properties of null (reading 'maxY')\n" +
    '    at new LineWrapper (/app/node_modules/pdfkit/js/pdfkit.js:2945:38)\n' +
    '    at PDFDocument._text (/app/node_modules/pdfkit/js/pdfkit.js:3279:19)\n' +
    '    at PDFDocument.text (/app/node_modules/pdfkit/js/pdfkit.js:3297:17)\n' +
    '    at buildPDF (file:///app/backend/libs/pdfkit.js:48:51)\n' +
    '    at file:///app/backend/routes/index.js:41:3\n' +
    '    at processTicksAndRejections (node:internal/process/task_queues:96:5)',
  rejection: true,
  date: 'Thu Sep 12 2024 09:38:38 GMT+0000 (Coordinated Universal Time)',
  process: {
    pid: 3286,
    uid: 100,
    gid: 101,
    cwd: '/app',
    execPath: '/usr/local/bin/node',
    version: 'v16.13.1',
    argv: [ '/usr/local/bin/node', '/app/backend/server.js' ],
    memoryUsage: {
      rss: 87719936,
      heapTotal: 65130496,
      heapUsed: 33904600,
      external: 26440238,
      arrayBuffers: 18838418
    }
  },
  os: { loadavg: [ 0.46, 0.54, 0.56 ], uptime: 15452.93 },
  trace: [
    {
      column: 38,
      file: '/app/node_modules/pdfkit/js/pdfkit.js',
      function: 'new LineWrapper',
      line: 2945,
      method: null,
      native: false
    },
    {
      column: 19,
      file: '/app/node_modules/pdfkit/js/pdfkit.js',
      function: 'PDFDocument._text',
      line: 3279,
      method: '_text',
      native: false
    },
    {
      column: 17,
      file: '/app/node_modules/pdfkit/js/pdfkit.js',
      function: 'PDFDocument.text',
      line: 3297,
      method: 'text',
      native: false
    },
    {
      column: 51,
      file: 'file:///app/backend/libs/pdfkit.js',
      function: 'buildPDF',
      line: 48,
      method: null,
      native: false
    },
    {
      column: 3,
      file: 'file:///app/backend/routes/index.js',
      function: null,
      line: 41,
      method: null,
      native: false
    },
    {
      column: 5,
      file: 'node:internal/process/task_queues',
      function: 'processTicksAndRejections',
      line: 96,
      method: null,
      native: false
    }
  ],
  timestamp: '2024-09-12 09:38:38.426 AM'
}
{
  error: TypeError: Cannot read properties of null (reading 'maxY')
      at new LineWrapper (/app/node_modules/pdfkit/js/pdfkit.js:2945:38)
      at PDFDocument._text (/app/node_modules/pdfkit/js/pdfkit.js:3279:19)
      at PDFDocument.text (/app/node_modules/pdfkit/js/pdfkit.js:3297:17)
      at buildPDF (file:///app/backend/libs/pdfkit.js:47:51)
      at file:///app/backend/routes/index.js:41:3
      at processTicksAndRejections (node:internal/process/task_queues:96:5),
  level: 'error',
  message: "unhandledRejection: Cannot read properties of null (reading 'maxY')\n" +
    "TypeError: Cannot read properties of null (reading 'maxY')\n" +
    '    at new LineWrapper (/app/node_modules/pdfkit/js/pdfkit.js:2945:38)\n' +
    '    at PDFDocument._text (/app/node_modules/pdfkit/js/pdfkit.js:3279:19)\n' +
    '    at PDFDocument.text (/app/node_modules/pdfkit/js/pdfkit.js:3297:17)\n' +
    '    at buildPDF (file:///app/backend/libs/pdfkit.js:47:51)\n' +
    '    at file:///app/backend/routes/index.js:41:3\n' +
    '    at processTicksAndRejections (node:internal/process/task_queues:96:5)',
  stack: "TypeError: Cannot read properties of null (reading 'maxY')\n" +
    '    at new LineWrapper (/app/node_modules/pdfkit/js/pdfkit.js:2945:38)\n' +
    '    at PDFDocument._text (/app/node_modules/pdfkit/js/pdfkit.js:3279:19)\n' +
    '    at PDFDocument.text (/app/node_modules/pdfkit/js/pdfkit.js:3297:17)\n' +
    '    at buildPDF (file:///app/backend/libs/pdfkit.js:47:51)\n' +
    '    at file:///app/backend/routes/index.js:41:3\n' +
    '    at processTicksAndRejections (node:internal/process/task_queues:96:5)',
  rejection: true,
  date: 'Thu Sep 12 2024 09:39:54 GMT+0000 (Coordinated Universal Time)',
  process: {
    pid: 3339,
    uid: 100,
    gid: 101,
    cwd: '/app',
    execPath: '/usr/local/bin/node',
    version: 'v16.13.1',
    argv: [ '/usr/local/bin/node', '/app/backend/server.js' ],
    memoryUsage: {
      rss: 88342528,
      heapTotal: 64868352,
      heapUsed: 33774952,
      external: 24855025,
      arrayBuffers: 18838242
    }
  },
  os: { loadavg: [ 0.89, 0.66, 0.6 ], uptime: 15528.74 },
  trace: [
    {
      column: 38,
      file: '/app/node_modules/pdfkit/js/pdfkit.js',
      function: 'new LineWrapper',
      line: 2945,
      method: null,
      native: false
    },
    {
      column: 19,
      file: '/app/node_modules/pdfkit/js/pdfkit.js',
      function: 'PDFDocument._text',
      line: 3279,
      method: '_text',
      native: false
    },
    {
      column: 17,
      file: '/app/node_modules/pdfkit/js/pdfkit.js',
      function: 'PDFDocument.text',
      line: 3297,
      method: 'text',
      native: false
    },
    {
      column: 51,
      file: 'file:///app/backend/libs/pdfkit.js',
      function: 'buildPDF',
      line: 47,
      method: null,
      native: false
    },
    {
      column: 3,
      file: 'file:///app/backend/routes/index.js',
      function: null,
      line: 41,
      method: null,
      native: false
    },
    {
      column: 5,
      file: 'node:internal/process/task_queues',
      function: 'processTicksAndRejections',
      line: 96,
      method: null,
      native: false
    }
  ],
  timestamp: '2024-09-12 09:39:54.233 AM'
}
{
  error: TypeError: Cannot read properties of null (reading 'maxY')
      at new LineWrapper (/app/node_modules/pdfkit/js/pdfkit.js:2945:38)
      at PDFDocument._text (/app/node_modules/pdfkit/js/pdfkit.js:3279:19)
      at PDFDocument.text (/app/node_modules/pdfkit/js/pdfkit.js:3297:17)
      at buildPDF (file:///app/backend/libs/pdfkit.js:47:51)
      at file:///app/backend/routes/index.js:41:3
      at processTicksAndRejections (node:internal/process/task_queues:96:5),
  level: 'error',
  message: "unhandledRejection: Cannot read properties of null (reading 'maxY')\n" +
    "TypeError: Cannot read properties of null (reading 'maxY')\n" +
    '    at new LineWrapper (/app/node_modules/pdfkit/js/pdfkit.js:2945:38)\n' +
    '    at PDFDocument._text (/app/node_modules/pdfkit/js/pdfkit.js:3279:19)\n' +
    '    at PDFDocument.text (/app/node_modules/pdfkit/js/pdfkit.js:3297:17)\n' +
    '    at buildPDF (file:///app/backend/libs/pdfkit.js:47:51)\n' +
    '    at file:///app/backend/routes/index.js:41:3\n' +
    '    at processTicksAndRejections (node:internal/process/task_queues:96:5)',
  stack: "TypeError: Cannot read properties of null (reading 'maxY')\n" +
    '    at new LineWrapper (/app/node_modules/pdfkit/js/pdfkit.js:2945:38)\n' +
    '    at PDFDocument._text (/app/node_modules/pdfkit/js/pdfkit.js:3279:19)\n' +
    '    at PDFDocument.text (/app/node_modules/pdfkit/js/pdfkit.js:3297:17)\n' +
    '    at buildPDF (file:///app/backend/libs/pdfkit.js:47:51)\n' +
    '    at file:///app/backend/routes/index.js:41:3\n' +
    '    at processTicksAndRejections (node:internal/process/task_queues:96:5)',
  rejection: true,
  date: 'Thu Sep 12 2024 09:40:05 GMT+0000 (Coordinated Universal Time)',
  process: {
    pid: 3350,
    uid: 100,
    gid: 101,
    cwd: '/app',
    execPath: '/usr/local/bin/node',
    version: 'v16.13.1',
    argv: [ '/usr/local/bin/node', '/app/backend/server.js' ],
    memoryUsage: {
      rss: 87678976,
      heapTotal: 65130496,
      heapUsed: 33778488,
      external: 26440238,
      arrayBuffers: 18837369
    }
  },
  os: { loadavg: [ 0.99, 0.69, 0.61 ], uptime: 15540.26 },
  trace: [
    {
      column: 38,
      file: '/app/node_modules/pdfkit/js/pdfkit.js',
      function: 'new LineWrapper',
      line: 2945,
      method: null,
      native: false
    },
    {
      column: 19,
      file: '/app/node_modules/pdfkit/js/pdfkit.js',
      function: 'PDFDocument._text',
      line: 3279,
      method: '_text',
      native: false
    },
    {
      column: 17,
      file: '/app/node_modules/pdfkit/js/pdfkit.js',
      function: 'PDFDocument.text',
      line: 3297,
      method: 'text',
      native: false
    },
    {
      column: 51,
      file: 'file:///app/backend/libs/pdfkit.js',
      function: 'buildPDF',
      line: 47,
      method: null,
      native: false
    },
    {
      column: 3,
      file: 'file:///app/backend/routes/index.js',
      function: null,
      line: 41,
      method: null,
      native: false
    },
    {
      column: 5,
      file: 'node:internal/process/task_queues',
      function: 'processTicksAndRejections',
      line: 96,
      method: null,
      native: false
    }
  ],
  timestamp: '2024-09-12 09:40:05.754 AM'
}
{
  error: Error: switchToPage(2) out of bounds, current buffer covers pages 0 to 1
      at PDFDocument.switchToPage (/app/node_modules/pdfkit/js/pdfkit.js:5561:13)
      at buildPDF (file:///app/backend/libs/pdfkit.js:161:17)
      at file:///app/backend/routes/index.js:41:3
      at processTicksAndRejections (node:internal/process/task_queues:96:5),
  level: 'error',
  message: 'unhandledRejection: switchToPage(2) out of bounds, current buffer covers pages 0 to 1\n' +
    'Error: switchToPage(2) out of bounds, current buffer covers pages 0 to 1\n' +
    '    at PDFDocument.switchToPage (/app/node_modules/pdfkit/js/pdfkit.js:5561:13)\n' +
    '    at buildPDF (file:///app/backend/libs/pdfkit.js:161:17)\n' +
    '    at file:///app/backend/routes/index.js:41:3\n' +
    '    at processTicksAndRejections (node:internal/process/task_queues:96:5)',
  stack: 'Error: switchToPage(2) out of bounds, current buffer covers pages 0 to 1\n' +
    '    at PDFDocument.switchToPage (/app/node_modules/pdfkit/js/pdfkit.js:5561:13)\n' +
    '    at buildPDF (file:///app/backend/libs/pdfkit.js:161:17)\n' +
    '    at file:///app/backend/routes/index.js:41:3\n' +
    '    at processTicksAndRejections (node:internal/process/task_queues:96:5)',
  rejection: true,
  date: 'Thu Sep 12 2024 09:43:02 GMT+0000 (Coordinated Universal Time)',
  process: {
    pid: 3487,
    uid: 100,
    gid: 101,
    cwd: '/app',
    execPath: '/usr/local/bin/node',
    version: 'v16.13.1',
    argv: [ '/usr/local/bin/node', '/app/backend/server.js' ],
    memoryUsage: {
      rss: 87150592,
      heapTotal: 65392640,
      heapUsed: 35669840,
      external: 20642378,
      arrayBuffers: 18854482
    }
  },
  os: { loadavg: [ 0.44, 0.6, 0.59 ], uptime: 15717.45 },
  trace: [
    {
      column: 13,
      file: '/app/node_modules/pdfkit/js/pdfkit.js',
      function: 'PDFDocument.switchToPage',
      line: 5561,
      method: 'switchToPage',
      native: false
    },
    {
      column: 17,
      file: 'file:///app/backend/libs/pdfkit.js',
      function: 'buildPDF',
      line: 161,
      method: null,
      native: false
    },
    {
      column: 3,
      file: 'file:///app/backend/routes/index.js',
      function: null,
      line: 41,
      method: null,
      native: false
    },
    {
      column: 5,
      file: 'node:internal/process/task_queues',
      function: 'processTicksAndRejections',
      line: 96,
      method: null,
      native: false
    }
  ],
  timestamp: '2024-09-12 09:43:02.946 AM'
}
{
  error: ReferenceError: page is not defined
      at buildPDF (file:///app/backend/libs/pdfkit.js:158:14)
      at file:///app/backend/routes/index.js:41:3
      at processTicksAndRejections (node:internal/process/task_queues:96:5),
  level: 'error',
  message: 'unhandledRejection: page is not defined\n' +
    'ReferenceError: page is not defined\n' +
    '    at buildPDF (file:///app/backend/libs/pdfkit.js:158:14)\n' +
    '    at file:///app/backend/routes/index.js:41:3\n' +
    '    at processTicksAndRejections (node:internal/process/task_queues:96:5)',
  stack: 'ReferenceError: page is not defined\n' +
    '    at buildPDF (file:///app/backend/libs/pdfkit.js:158:14)\n' +
    '    at file:///app/backend/routes/index.js:41:3\n' +
    '    at processTicksAndRejections (node:internal/process/task_queues:96:5)',
  rejection: true,
  date: 'Thu Sep 12 2024 09:49:20 GMT+0000 (Coordinated Universal Time)',
  process: {
    pid: 3568,
    uid: 100,
    gid: 101,
    cwd: '/app',
    execPath: '/usr/local/bin/node',
    version: 'v16.13.1',
    argv: [ '/usr/local/bin/node', '/app/backend/server.js' ],
    memoryUsage: {
      rss: 88494080,
      heapTotal: 65392640,
      heapUsed: 35302584,
      external: 20634186,
      arrayBuffers: 18853769
    }
  },
  os: { loadavg: [ 0.52, 0.6, 0.6 ], uptime: 15908.83 },
  trace: [
    {
      column: 14,
      file: 'file:///app/backend/libs/pdfkit.js',
      function: 'buildPDF',
      line: 158,
      method: null,
      native: false
    },
    {
      column: 3,
      file: 'file:///app/backend/routes/index.js',
      function: null,
      line: 41,
      method: null,
      native: false
    },
    {
      column: 5,
      file: 'node:internal/process/task_queues',
      function: 'processTicksAndRejections',
      line: 96,
      method: null,
      native: false
    }
  ],
  timestamp: '2024-09-12 09:49:20.342 AM'
}
{
  error: ReferenceError: page is not defined
      at buildPDF (file:///app/backend/libs/pdfkit.js:158:14)
      at file:///app/backend/routes/index.js:41:3
      at processTicksAndRejections (node:internal/process/task_queues:96:5),
  level: 'error',
  message: 'unhandledRejection: page is not defined\n' +
    'ReferenceError: page is not defined\n' +
    '    at buildPDF (file:///app/backend/libs/pdfkit.js:158:14)\n' +
    '    at file:///app/backend/routes/index.js:41:3\n' +
    '    at processTicksAndRejections (node:internal/process/task_queues:96:5)',
  stack: 'ReferenceError: page is not defined\n' +
    '    at buildPDF (file:///app/backend/libs/pdfkit.js:158:14)\n' +
    '    at file:///app/backend/routes/index.js:41:3\n' +
    '    at processTicksAndRejections (node:internal/process/task_queues:96:5)',
  rejection: true,
  date: 'Thu Sep 12 2024 09:49:29 GMT+0000 (Coordinated Universal Time)',
  process: {
    pid: 3579,
    uid: 100,
    gid: 101,
    cwd: '/app',
    execPath: '/usr/local/bin/node',
    version: 'v16.13.1',
    argv: [ '/usr/local/bin/node', '/app/backend/server.js' ],
    memoryUsage: {
      rss: 87310336,
      heapTotal: 65654784,
      heapUsed: 35308512,
      external: 28490551,
      arrayBuffers: 18853753
    }
  },
  os: { loadavg: [ 0.48, 0.59, 0.59 ], uptime: 15917.58 },
  trace: [
    {
      column: 14,
      file: 'file:///app/backend/libs/pdfkit.js',
      function: 'buildPDF',
      line: 158,
      method: null,
      native: false
    },
    {
      column: 3,
      file: 'file:///app/backend/routes/index.js',
      function: null,
      line: 41,
      method: null,
      native: false
    },
    {
      column: 5,
      file: 'node:internal/process/task_queues',
      function: 'processTicksAndRejections',
      line: 96,
      method: null,
      native: false
    }
  ],
  timestamp: '2024-09-12 09:49:29.090 AM'
}
{
  error: TypeError: Cannot read properties of null (reading 'maxY')
      at new LineWrapper (/app/node_modules/pdfkit/js/pdfkit.js:2945:38)
      at PDFDocument._text (/app/node_modules/pdfkit/js/pdfkit.js:3279:19)
      at PDFDocument.text (/app/node_modules/pdfkit/js/pdfkit.js:3297:17)
      at buildPDF (file:///app/backend/libs/pdfkit.js:50:51)
      at file:///app/backend/routes/index.js:41:3
      at processTicksAndRejections (node:internal/process/task_queues:96:5),
  level: 'error',
  message: "unhandledRejection: Cannot read properties of null (reading 'maxY')\n" +
    "TypeError: Cannot read properties of null (reading 'maxY')\n" +
    '    at new LineWrapper (/app/node_modules/pdfkit/js/pdfkit.js:2945:38)\n' +
    '    at PDFDocument._text (/app/node_modules/pdfkit/js/pdfkit.js:3279:19)\n' +
    '    at PDFDocument.text (/app/node_modules/pdfkit/js/pdfkit.js:3297:17)\n' +
    '    at buildPDF (file:///app/backend/libs/pdfkit.js:50:51)\n' +
    '    at file:///app/backend/routes/index.js:41:3\n' +
    '    at processTicksAndRejections (node:internal/process/task_queues:96:5)',
  stack: "TypeError: Cannot read properties of null (reading 'maxY')\n" +
    '    at new LineWrapper (/app/node_modules/pdfkit/js/pdfkit.js:2945:38)\n' +
    '    at PDFDocument._text (/app/node_modules/pdfkit/js/pdfkit.js:3279:19)\n' +
    '    at PDFDocument.text (/app/node_modules/pdfkit/js/pdfkit.js:3297:17)\n' +
    '    at buildPDF (file:///app/backend/libs/pdfkit.js:50:51)\n' +
    '    at file:///app/backend/routes/index.js:41:3\n' +
    '    at processTicksAndRejections (node:internal/process/task_queues:96:5)',
  rejection: true,
  date: 'Thu Sep 12 2024 10:27:55 GMT+0000 (Coordinated Universal Time)',
  process: {
    pid: 338,
    uid: 100,
    gid: 101,
    cwd: '/app',
    execPath: '/usr/local/bin/node',
    version: 'v16.13.1',
    argv: [ '/usr/local/bin/node', '/app/backend/server.js' ],
    memoryUsage: {
      rss: 89747456,
      heapTotal: 33148928,
      heapUsed: 29879664,
      external: 20403611,
      arrayBuffers: 18703523
    }
  },
  os: { loadavg: [ 0.42, 0.62, 0.68 ], uptime: 17240.75 },
  trace: [
    {
      column: 38,
      file: '/app/node_modules/pdfkit/js/pdfkit.js',
      function: 'new LineWrapper',
      line: 2945,
      method: null,
      native: false
    },
    {
      column: 19,
      file: '/app/node_modules/pdfkit/js/pdfkit.js',
      function: 'PDFDocument._text',
      line: 3279,
      method: '_text',
      native: false
    },
    {
      column: 17,
      file: '/app/node_modules/pdfkit/js/pdfkit.js',
      function: 'PDFDocument.text',
      line: 3297,
      method: 'text',
      native: false
    },
    {
      column: 51,
      file: 'file:///app/backend/libs/pdfkit.js',
      function: 'buildPDF',
      line: 50,
      method: null,
      native: false
    },
    {
      column: 3,
      file: 'file:///app/backend/routes/index.js',
      function: null,
      line: 41,
      method: null,
      native: false
    },
    {
      column: 5,
      file: 'node:internal/process/task_queues',
      function: 'processTicksAndRejections',
      line: 96,
      method: null,
      native: false
    }
  ],
  timestamp: '2024-09-12 10:27:55.062 AM'
}
{
  error: TypeError: Cannot read properties of null (reading 'maxY')
      at new LineWrapper (/app/node_modules/pdfkit/js/pdfkit.js:2945:38)
      at PDFDocument._text (/app/node_modules/pdfkit/js/pdfkit.js:3279:19)
      at PDFDocument.text (/app/node_modules/pdfkit/js/pdfkit.js:3297:17)
      at buildPDF (file:///app/backend/libs/pdfkit.js:49:51)
      at file:///app/backend/routes/index.js:41:3
      at processTicksAndRejections (node:internal/process/task_queues:96:5),
  level: 'error',
  message: "unhandledRejection: Cannot read properties of null (reading 'maxY')\n" +
    "TypeError: Cannot read properties of null (reading 'maxY')\n" +
    '    at new LineWrapper (/app/node_modules/pdfkit/js/pdfkit.js:2945:38)\n' +
    '    at PDFDocument._text (/app/node_modules/pdfkit/js/pdfkit.js:3279:19)\n' +
    '    at PDFDocument.text (/app/node_modules/pdfkit/js/pdfkit.js:3297:17)\n' +
    '    at buildPDF (file:///app/backend/libs/pdfkit.js:49:51)\n' +
    '    at file:///app/backend/routes/index.js:41:3\n' +
    '    at processTicksAndRejections (node:internal/process/task_queues:96:5)',
  stack: "TypeError: Cannot read properties of null (reading 'maxY')\n" +
    '    at new LineWrapper (/app/node_modules/pdfkit/js/pdfkit.js:2945:38)\n' +
    '    at PDFDocument._text (/app/node_modules/pdfkit/js/pdfkit.js:3279:19)\n' +
    '    at PDFDocument.text (/app/node_modules/pdfkit/js/pdfkit.js:3297:17)\n' +
    '    at buildPDF (file:///app/backend/libs/pdfkit.js:49:51)\n' +
    '    at file:///app/backend/routes/index.js:41:3\n' +
    '    at processTicksAndRejections (node:internal/process/task_queues:96:5)',
  rejection: true,
  date: 'Thu Sep 12 2024 10:28:47 GMT+0000 (Coordinated Universal Time)',
  process: {
    pid: 349,
    uid: 100,
    gid: 101,
    cwd: '/app',
    execPath: '/usr/local/bin/node',
    version: 'v16.13.1',
    argv: [ '/usr/local/bin/node', '/app/backend/server.js' ],
    memoryUsage: {
      rss: 87326720,
      heapTotal: 65392640,
      heapUsed: 33762848,
      external: 20612014,
      arrayBuffers: 18848854
    }
  },
  os: { loadavg: [ 0.41, 0.59, 0.67 ], uptime: 17293.41 },
  trace: [
    {
      column: 38,
      file: '/app/node_modules/pdfkit/js/pdfkit.js',
      function: 'new LineWrapper',
      line: 2945,
      method: null,
      native: false
    },
    {
      column: 19,
      file: '/app/node_modules/pdfkit/js/pdfkit.js',
      function: 'PDFDocument._text',
      line: 3279,
      method: '_text',
      native: false
    },
    {
      column: 17,
      file: '/app/node_modules/pdfkit/js/pdfkit.js',
      function: 'PDFDocument.text',
      line: 3297,
      method: 'text',
      native: false
    },
    {
      column: 51,
      file: 'file:///app/backend/libs/pdfkit.js',
      function: 'buildPDF',
      line: 49,
      method: null,
      native: false
    },
    {
      column: 3,
      file: 'file:///app/backend/routes/index.js',
      function: null,
      line: 41,
      method: null,
      native: false
    },
    {
      column: 5,
      file: 'node:internal/process/task_queues',
      function: 'processTicksAndRejections',
      line: 96,
      method: null,
      native: false
    }
  ],
  timestamp: '2024-09-12 10:28:47.712 AM'
}
{
  error: TypeError: Cannot read properties of null (reading 'maxY')
      at new LineWrapper (/app/node_modules/pdfkit/js/pdfkit.js:2945:38)
      at PDFDocument._text (/app/node_modules/pdfkit/js/pdfkit.js:3279:19)
      at PDFDocument.text (/app/node_modules/pdfkit/js/pdfkit.js:3297:17)
      at buildPDF (file:///app/backend/libs/pdfkit.js:48:51)
      at file:///app/backend/routes/index.js:41:3
      at processTicksAndRejections (node:internal/process/task_queues:96:5),
  level: 'error',
  message: "unhandledRejection: Cannot read properties of null (reading 'maxY')\n" +
    "TypeError: Cannot read properties of null (reading 'maxY')\n" +
    '    at new LineWrapper (/app/node_modules/pdfkit/js/pdfkit.js:2945:38)\n' +
    '    at PDFDocument._text (/app/node_modules/pdfkit/js/pdfkit.js:3279:19)\n' +
    '    at PDFDocument.text (/app/node_modules/pdfkit/js/pdfkit.js:3297:17)\n' +
    '    at buildPDF (file:///app/backend/libs/pdfkit.js:48:51)\n' +
    '    at file:///app/backend/routes/index.js:41:3\n' +
    '    at processTicksAndRejections (node:internal/process/task_queues:96:5)',
  stack: "TypeError: Cannot read properties of null (reading 'maxY')\n" +
    '    at new LineWrapper (/app/node_modules/pdfkit/js/pdfkit.js:2945:38)\n' +
    '    at PDFDocument._text (/app/node_modules/pdfkit/js/pdfkit.js:3279:19)\n' +
    '    at PDFDocument.text (/app/node_modules/pdfkit/js/pdfkit.js:3297:17)\n' +
    '    at buildPDF (file:///app/backend/libs/pdfkit.js:48:51)\n' +
    '    at file:///app/backend/routes/index.js:41:3\n' +
    '    at processTicksAndRejections (node:internal/process/task_queues:96:5)',
  rejection: true,
  date: 'Thu Sep 12 2024 10:28:56 GMT+0000 (Coordinated Universal Time)',
  process: {
    pid: 360,
    uid: 100,
    gid: 101,
    cwd: '/app',
    execPath: '/usr/local/bin/node',
    version: 'v16.13.1',
    argv: [ '/usr/local/bin/node', '/app/backend/server.js' ],
    memoryUsage: {
      rss: 88600576,
      heapTotal: 65392640,
      heapUsed: 33824368,
      external: 28485681,
      arrayBuffers: 18848854
    }
  },
  os: { loadavg: [ 0.5, 0.6, 0.67 ], uptime: 17302.17 },
  trace: [
    {
      column: 38,
      file: '/app/node_modules/pdfkit/js/pdfkit.js',
      function: 'new LineWrapper',
      line: 2945,
      method: null,
      native: false
    },
    {
      column: 19,
      file: '/app/node_modules/pdfkit/js/pdfkit.js',
      function: 'PDFDocument._text',
      line: 3279,
      method: '_text',
      native: false
    },
    {
      column: 17,
      file: '/app/node_modules/pdfkit/js/pdfkit.js',
      function: 'PDFDocument.text',
      line: 3297,
      method: 'text',
      native: false
    },
    {
      column: 51,
      file: 'file:///app/backend/libs/pdfkit.js',
      function: 'buildPDF',
      line: 48,
      method: null,
      native: false
    },
    {
      column: 3,
      file: 'file:///app/backend/routes/index.js',
      function: null,
      line: 41,
      method: null,
      native: false
    },
    {
      column: 5,
      file: 'node:internal/process/task_queues',
      function: 'processTicksAndRejections',
      line: 96,
      method: null,
      native: false
    }
  ],
  timestamp: '2024-09-12 10:28:56.466 AM'
}
{
  error: TypeError: Cannot read properties of null (reading 'maxY')
      at new LineWrapper (/app/node_modules/pdfkit/js/pdfkit.js:2945:38)
      at PDFDocument._text (/app/node_modules/pdfkit/js/pdfkit.js:3279:19)
      at PDFDocument.text (/app/node_modules/pdfkit/js/pdfkit.js:3297:17)
      at buildPDF (file:///app/backend/libs/pdfkit.js:50:51)
      at file:///app/backend/routes/index.js:41:3
      at processTicksAndRejections (node:internal/process/task_queues:96:5),
  level: 'error',
  message: "unhandledRejection: Cannot read properties of null (reading 'maxY')\n" +
    "TypeError: Cannot read properties of null (reading 'maxY')\n" +
    '    at new LineWrapper (/app/node_modules/pdfkit/js/pdfkit.js:2945:38)\n' +
    '    at PDFDocument._text (/app/node_modules/pdfkit/js/pdfkit.js:3279:19)\n' +
    '    at PDFDocument.text (/app/node_modules/pdfkit/js/pdfkit.js:3297:17)\n' +
    '    at buildPDF (file:///app/backend/libs/pdfkit.js:50:51)\n' +
    '    at file:///app/backend/routes/index.js:41:3\n' +
    '    at processTicksAndRejections (node:internal/process/task_queues:96:5)',
  stack: "TypeError: Cannot read properties of null (reading 'maxY')\n" +
    '    at new LineWrapper (/app/node_modules/pdfkit/js/pdfkit.js:2945:38)\n' +
    '    at PDFDocument._text (/app/node_modules/pdfkit/js/pdfkit.js:3279:19)\n' +
    '    at PDFDocument.text (/app/node_modules/pdfkit/js/pdfkit.js:3297:17)\n' +
    '    at buildPDF (file:///app/backend/libs/pdfkit.js:50:51)\n' +
    '    at file:///app/backend/routes/index.js:41:3\n' +
    '    at processTicksAndRejections (node:internal/process/task_queues:96:5)',
  rejection: true,
  date: 'Thu Sep 12 2024 10:33:44 GMT+0000 (Coordinated Universal Time)',
  process: {
    pid: 427,
    uid: 100,
    gid: 101,
    cwd: '/app',
    execPath: '/usr/local/bin/node',
    version: 'v16.13.1',
    argv: [ '/usr/local/bin/node', '/app/backend/server.js' ],
    memoryUsage: {
      rss: 87875584,
      heapTotal: 65130496,
      heapUsed: 33743752,
      external: 26450241,
      arrayBuffers: 18848838
    }
  },
  os: { loadavg: [ 0.38, 0.53, 0.62 ], uptime: 17590.26 },
  trace: [
    {
      column: 38,
      file: '/app/node_modules/pdfkit/js/pdfkit.js',
      function: 'new LineWrapper',
      line: 2945,
      method: null,
      native: false
    },
    {
      column: 19,
      file: '/app/node_modules/pdfkit/js/pdfkit.js',
      function: 'PDFDocument._text',
      line: 3279,
      method: '_text',
      native: false
    },
    {
      column: 17,
      file: '/app/node_modules/pdfkit/js/pdfkit.js',
      function: 'PDFDocument.text',
      line: 3297,
      method: 'text',
      native: false
    },
    {
      column: 51,
      file: 'file:///app/backend/libs/pdfkit.js',
      function: 'buildPDF',
      line: 50,
      method: null,
      native: false
    },
    {
      column: 3,
      file: 'file:///app/backend/routes/index.js',
      function: null,
      line: 41,
      method: null,
      native: false
    },
    {
      column: 5,
      file: 'node:internal/process/task_queues',
      function: 'processTicksAndRejections',
      line: 96,
      method: null,
      native: false
    }
  ],
  timestamp: '2024-09-12 10:33:44.568 AM'
}
{
  error: TypeError: Assignment to constant variable.
      at buildPDF (file:///app/backend/libs/pdfkit.js:94:17)
      at file:///app/backend/routes/index.js:41:3
      at processTicksAndRejections (node:internal/process/task_queues:96:5),
  level: 'error',
  message: 'unhandledRejection: Assignment to constant variable.\n' +
    'TypeError: Assignment to constant variable.\n' +
    '    at buildPDF (file:///app/backend/libs/pdfkit.js:94:17)\n' +
    '    at file:///app/backend/routes/index.js:41:3\n' +
    '    at processTicksAndRejections (node:internal/process/task_queues:96:5)',
  stack: 'TypeError: Assignment to constant variable.\n' +
    '    at buildPDF (file:///app/backend/libs/pdfkit.js:94:17)\n' +
    '    at file:///app/backend/routes/index.js:41:3\n' +
    '    at processTicksAndRejections (node:internal/process/task_queues:96:5)',
  rejection: true,
  date: 'Thu Sep 12 2024 10:49:18 GMT+0000 (Coordinated Universal Time)',
  process: {
    pid: 452,
    uid: 100,
    gid: 101,
    cwd: '/app',
    execPath: '/usr/local/bin/node',
    version: 'v16.13.1',
    argv: [ '/usr/local/bin/node', '/app/backend/server.js' ],
    memoryUsage: {
      rss: 97185792,
      heapTotal: 38391808,
      heapUsed: 35871184,
      external: 20600017,
      arrayBuffers: 18899929
    }
  },
  os: { loadavg: [ 0.98, 0.58, 0.55 ], uptime: 18524.58 },
  trace: [
    {
      column: 17,
      file: 'file:///app/backend/libs/pdfkit.js',
      function: 'buildPDF',
      line: 94,
      method: null,
      native: false
    },
    {
      column: 3,
      file: 'file:///app/backend/routes/index.js',
      function: null,
      line: 41,
      method: null,
      native: false
    },
    {
      column: 5,
      file: 'node:internal/process/task_queues',
      function: 'processTicksAndRejections',
      line: 96,
      method: null,
      native: false
    }
  ],
  timestamp: '2024-09-12 10:49:18.893 AM'
}
{
  error: ReferenceError: experience is not defined
      at buildPDF (file:///app/backend/libs/pdfkit.js:127:82)
      at file:///app/backend/routes/index.js:41:3
      at processTicksAndRejections (node:internal/process/task_queues:96:5),
  level: 'error',
  message: 'unhandledRejection: experience is not defined\n' +
    'ReferenceError: experience is not defined\n' +
    '    at buildPDF (file:///app/backend/libs/pdfkit.js:127:82)\n' +
    '    at file:///app/backend/routes/index.js:41:3\n' +
    '    at processTicksAndRejections (node:internal/process/task_queues:96:5)',
  stack: 'ReferenceError: experience is not defined\n' +
    '    at buildPDF (file:///app/backend/libs/pdfkit.js:127:82)\n' +
    '    at file:///app/backend/routes/index.js:41:3\n' +
    '    at processTicksAndRejections (node:internal/process/task_queues:96:5)',
  rejection: true,
  date: 'Thu Sep 12 2024 10:50:13 GMT+0000 (Coordinated Universal Time)',
  process: {
    pid: 477,
    uid: 100,
    gid: 101,
    cwd: '/app',
    execPath: '/usr/local/bin/node',
    version: 'v16.13.1',
    argv: [ '/usr/local/bin/node', '/app/backend/server.js' ],
    memoryUsage: {
      rss: 89370624,
      heapTotal: 32886784,
      heapUsed: 29616816,
      external: 20388131,
      arrayBuffers: 18688043
    }
  },
  os: { loadavg: [ 1.38, 0.76, 0.61 ], uptime: 18578.91 },
  trace: [
    {
      column: 82,
      file: 'file:///app/backend/libs/pdfkit.js',
      function: 'buildPDF',
      line: 127,
      method: null,
      native: false
    },
    {
      column: 3,
      file: 'file:///app/backend/routes/index.js',
      function: null,
      line: 41,
      method: null,
      native: false
    },
    {
      column: 5,
      file: 'node:internal/process/task_queues',
      function: 'processTicksAndRejections',
      line: 96,
      method: null,
      native: false
    }
  ],
  timestamp: '2024-09-12 10:50:13.220 AM'
}
{
  error: ReferenceError: experience is not defined
      at buildPDF (file:///app/backend/libs/pdfkit.js:127:82)
      at file:///app/backend/routes/index.js:41:3
      at processTicksAndRejections (node:internal/process/task_queues:96:5),
  level: 'error',
  message: 'unhandledRejection: experience is not defined\n' +
    'ReferenceError: experience is not defined\n' +
    '    at buildPDF (file:///app/backend/libs/pdfkit.js:127:82)\n' +
    '    at file:///app/backend/routes/index.js:41:3\n' +
    '    at processTicksAndRejections (node:internal/process/task_queues:96:5)',
  stack: 'ReferenceError: experience is not defined\n' +
    '    at buildPDF (file:///app/backend/libs/pdfkit.js:127:82)\n' +
    '    at file:///app/backend/routes/index.js:41:3\n' +
    '    at processTicksAndRejections (node:internal/process/task_queues:96:5)',
  rejection: true,
  date: 'Thu Sep 12 2024 10:50:34 GMT+0000 (Coordinated Universal Time)',
  process: {
    pid: 488,
    uid: 100,
    gid: 101,
    cwd: '/app',
    execPath: '/usr/local/bin/node',
    version: 'v16.13.1',
    argv: [ '/usr/local/bin/node', '/app/backend/server.js' ],
    memoryUsage: {
      rss: 87040000,
      heapTotal: 65130496,
      heapUsed: 33697232,
      external: 26450453,
      arrayBuffers: 18848193
    }
  },
  os: { loadavg: [ 1.49, 0.82, 0.64 ], uptime: 18599.72 },
  trace: [
    {
      column: 82,
      file: 'file:///app/backend/libs/pdfkit.js',
      function: 'buildPDF',
      line: 127,
      method: null,
      native: false
    },
    {
      column: 3,
      file: 'file:///app/backend/routes/index.js',
      function: null,
      line: 41,
      method: null,
      native: false
    },
    {
      column: 5,
      file: 'node:internal/process/task_queues',
      function: 'processTicksAndRejections',
      line: 96,
      method: null,
      native: false
    }
  ],
  timestamp: '2024-09-12 10:50:34.034 AM'
}
{
  error: ReferenceError: experience is not defined
      at buildPDF (file:///app/backend/libs/pdfkit.js:127:82)
      at file:///app/backend/routes/index.js:41:3
      at processTicksAndRejections (node:internal/process/task_queues:96:5),
  level: 'error',
  message: 'unhandledRejection: experience is not defined\n' +
    'ReferenceError: experience is not defined\n' +
    '    at buildPDF (file:///app/backend/libs/pdfkit.js:127:82)\n' +
    '    at file:///app/backend/routes/index.js:41:3\n' +
    '    at processTicksAndRejections (node:internal/process/task_queues:96:5)',
  stack: 'ReferenceError: experience is not defined\n' +
    '    at buildPDF (file:///app/backend/libs/pdfkit.js:127:82)\n' +
    '    at file:///app/backend/routes/index.js:41:3\n' +
    '    at processTicksAndRejections (node:internal/process/task_queues:96:5)',
  rejection: true,
  date: 'Thu Sep 12 2024 10:50:58 GMT+0000 (Coordinated Universal Time)',
  process: {
    pid: 541,
    uid: 100,
    gid: 101,
    cwd: '/app',
    execPath: '/usr/local/bin/node',
    version: 'v16.13.1',
    argv: [ '/usr/local/bin/node', '/app/backend/server.js' ],
    memoryUsage: {
      rss: 88461312,
      heapTotal: 65392640,
      heapUsed: 33662472,
      external: 26450453,
      arrayBuffers: 18848343
    }
  },
  os: { loadavg: [ 1.47, 0.87, 0.66 ], uptime: 18623.84 },
  trace: [
    {
      column: 82,
      file: 'file:///app/backend/libs/pdfkit.js',
      function: 'buildPDF',
      line: 127,
      method: null,
      native: false
    },
    {
      column: 3,
      file: 'file:///app/backend/routes/index.js',
      function: null,
      line: 41,
      method: null,
      native: false
    },
    {
      column: 5,
      file: 'node:internal/process/task_queues',
      function: 'processTicksAndRejections',
      line: 96,
      method: null,
      native: false
    }
  ],
  timestamp: '2024-09-12 10:50:58.146 AM'
}
{
  error: ReferenceError: experience is not defined
      at buildPDF (file:///app/backend/libs/pdfkit.js:127:82)
      at file:///app/backend/routes/index.js:41:3
      at processTicksAndRejections (node:internal/process/task_queues:96:5),
  level: 'error',
  message: 'unhandledRejection: experience is not defined\n' +
    'ReferenceError: experience is not defined\n' +
    '    at buildPDF (file:///app/backend/libs/pdfkit.js:127:82)\n' +
    '    at file:///app/backend/routes/index.js:41:3\n' +
    '    at processTicksAndRejections (node:internal/process/task_queues:96:5)',
  stack: 'ReferenceError: experience is not defined\n' +
    '    at buildPDF (file:///app/backend/libs/pdfkit.js:127:82)\n' +
    '    at file:///app/backend/routes/index.js:41:3\n' +
    '    at processTicksAndRejections (node:internal/process/task_queues:96:5)',
  rejection: true,
  date: 'Thu Sep 12 2024 10:51:42 GMT+0000 (Coordinated Universal Time)',
  process: {
    pid: 580,
    uid: 100,
    gid: 101,
    cwd: '/app',
    execPath: '/usr/local/bin/node',
    version: 'v16.13.1',
    argv: [ '/usr/local/bin/node', '/app/backend/server.js' ],
    memoryUsage: {
      rss: 88338432,
      heapTotal: 65130496,
      heapUsed: 33687000,
      external: 26403185,
      arrayBuffers: 18849050
    }
  },
  os: { loadavg: [ 0.83, 0.78, 0.63 ], uptime: 18668.2 },
  trace: [
    {
      column: 82,
      file: 'file:///app/backend/libs/pdfkit.js',
      function: 'buildPDF',
      line: 127,
      method: null,
      native: false
    },
    {
      column: 3,
      file: 'file:///app/backend/routes/index.js',
      function: null,
      line: 41,
      method: null,
      native: false
    },
    {
      column: 5,
      file: 'node:internal/process/task_queues',
      function: 'processTicksAndRejections',
      line: 96,
      method: null,
      native: false
    }
  ],
  timestamp: '2024-09-12 10:51:42.507 AM'
}
{
  error: ReferenceError: experience is not defined
      at buildPDF (file:///app/backend/libs/pdfkit.js:127:82)
      at file:///app/backend/routes/index.js:41:3
      at processTicksAndRejections (node:internal/process/task_queues:96:5),
  level: 'error',
  message: 'unhandledRejection: experience is not defined\n' +
    'ReferenceError: experience is not defined\n' +
    '    at buildPDF (file:///app/backend/libs/pdfkit.js:127:82)\n' +
    '    at file:///app/backend/routes/index.js:41:3\n' +
    '    at processTicksAndRejections (node:internal/process/task_queues:96:5)',
  stack: 'ReferenceError: experience is not defined\n' +
    '    at buildPDF (file:///app/backend/libs/pdfkit.js:127:82)\n' +
    '    at file:///app/backend/routes/index.js:41:3\n' +
    '    at processTicksAndRejections (node:internal/process/task_queues:96:5)',
  rejection: true,
  date: 'Thu Sep 12 2024 10:51:58 GMT+0000 (Coordinated Universal Time)',
  process: {
    pid: 591,
    uid: 100,
    gid: 101,
    cwd: '/app',
    execPath: '/usr/local/bin/node',
    version: 'v16.13.1',
    argv: [ '/usr/local/bin/node', '/app/backend/server.js' ],
    memoryUsage: {
      rss: 88350720,
      heapTotal: 65654784,
      heapUsed: 33699000,
      external: 28486307,
      arrayBuffers: 18849050
    }
  },
  os: { loadavg: [ 0.8, 0.77, 0.64 ], uptime: 18683.91 },
  trace: [
    {
      column: 82,
      file: 'file:///app/backend/libs/pdfkit.js',
      function: 'buildPDF',
      line: 127,
      method: null,
      native: false
    },
    {
      column: 3,
      file: 'file:///app/backend/routes/index.js',
      function: null,
      line: 41,
      method: null,
      native: false
    },
    {
      column: 5,
      file: 'node:internal/process/task_queues',
      function: 'processTicksAndRejections',
      line: 96,
      method: null,
      native: false
    }
  ],
  timestamp: '2024-09-12 10:51:58.217 AM'
}
{
  error: TypeError: Cannot read properties of null (reading 'maxY')
      at new LineWrapper (/app/node_modules/pdfkit/js/pdfkit.js:3516:38)
      at PDFDocument._text (/app/node_modules/pdfkit/js/pdfkit.js:3878:19)
      at PDFDocument.text (/app/node_modules/pdfkit/js/pdfkit.js:3897:17)
      at buildPDF (file:///app/backend/libs/pdfkit.js:52:51)
      at file:///app/backend/routes/index.js:41:3
      at processTicksAndRejections (node:internal/process/task_queues:96:5),
  level: 'error',
  message: "unhandledRejection: Cannot read properties of null (reading 'maxY')\n" +
    "TypeError: Cannot read properties of null (reading 'maxY')\n" +
    '    at new LineWrapper (/app/node_modules/pdfkit/js/pdfkit.js:3516:38)\n' +
    '    at PDFDocument._text (/app/node_modules/pdfkit/js/pdfkit.js:3878:19)\n' +
    '    at PDFDocument.text (/app/node_modules/pdfkit/js/pdfkit.js:3897:17)\n' +
    '    at buildPDF (file:///app/backend/libs/pdfkit.js:52:51)\n' +
    '    at file:///app/backend/routes/index.js:41:3\n' +
    '    at processTicksAndRejections (node:internal/process/task_queues:96:5)',
  stack: "TypeError: Cannot read properties of null (reading 'maxY')\n" +
    '    at new LineWrapper (/app/node_modules/pdfkit/js/pdfkit.js:3516:38)\n' +
    '    at PDFDocument._text (/app/node_modules/pdfkit/js/pdfkit.js:3878:19)\n' +
    '    at PDFDocument.text (/app/node_modules/pdfkit/js/pdfkit.js:3897:17)\n' +
    '    at buildPDF (file:///app/backend/libs/pdfkit.js:52:51)\n' +
    '    at file:///app/backend/routes/index.js:41:3\n' +
    '    at processTicksAndRejections (node:internal/process/task_queues:96:5)',
  rejection: true,
  date: 'Thu Sep 12 2024 11:30:20 GMT+0000 (Coordinated Universal Time)',
  process: {
    pid: 57,
    uid: 100,
    gid: 101,
    cwd: '/app',
    execPath: '/usr/local/bin/node',
    version: 'v16.13.1',
    argv: [ '/usr/local/bin/node', '/app/backend/server.js' ],
    memoryUsage: {
      rss: 88797184,
      heapTotal: 32350208,
      heapUsed: 29283064,
      external: 20389687,
      arrayBuffers: 18689599
    }
  },
  os: { loadavg: [ 2.26, 1.18, 0.73 ], uptime: 20450.27 },
  trace: [
    {
      column: 38,
      file: '/app/node_modules/pdfkit/js/pdfkit.js',
      function: 'new LineWrapper',
      line: 3516,
      method: null,
      native: false
    },
    {
      column: 19,
      file: '/app/node_modules/pdfkit/js/pdfkit.js',
      function: 'PDFDocument._text',
      line: 3878,
      method: '_text',
      native: false
    },
    {
      column: 17,
      file: '/app/node_modules/pdfkit/js/pdfkit.js',
      function: 'PDFDocument.text',
      line: 3897,
      method: 'text',
      native: false
    },
    {
      column: 51,
      file: 'file:///app/backend/libs/pdfkit.js',
      function: 'buildPDF',
      line: 52,
      method: null,
      native: false
    },
    {
      column: 3,
      file: 'file:///app/backend/routes/index.js',
      function: null,
      line: 41,
      method: null,
      native: false
    },
    {
      column: 5,
      file: 'node:internal/process/task_queues',
      function: 'processTicksAndRejections',
      line: 96,
      method: null,
      native: false
    }
  ],
  timestamp: '2024-09-12 11:30:20.074 AM'
}
{
  error: TypeError: Cannot read properties of null (reading 'maxY')
      at new LineWrapper (/app/node_modules/pdfkit/js/pdfkit.js:3516:38)
      at PDFDocument._text (/app/node_modules/pdfkit/js/pdfkit.js:3878:19)
      at PDFDocument.text (/app/node_modules/pdfkit/js/pdfkit.js:3897:17)
      at buildPDF (file:///app/backend/libs/pdfkit.js:52:51)
      at file:///app/backend/routes/index.js:41:3
      at processTicksAndRejections (node:internal/process/task_queues:96:5),
  level: 'error',
  message: "unhandledRejection: Cannot read properties of null (reading 'maxY')\n" +
    "TypeError: Cannot read properties of null (reading 'maxY')\n" +
    '    at new LineWrapper (/app/node_modules/pdfkit/js/pdfkit.js:3516:38)\n' +
    '    at PDFDocument._text (/app/node_modules/pdfkit/js/pdfkit.js:3878:19)\n' +
    '    at PDFDocument.text (/app/node_modules/pdfkit/js/pdfkit.js:3897:17)\n' +
    '    at buildPDF (file:///app/backend/libs/pdfkit.js:52:51)\n' +
    '    at file:///app/backend/routes/index.js:41:3\n' +
    '    at processTicksAndRejections (node:internal/process/task_queues:96:5)',
  stack: "TypeError: Cannot read properties of null (reading 'maxY')\n" +
    '    at new LineWrapper (/app/node_modules/pdfkit/js/pdfkit.js:3516:38)\n' +
    '    at PDFDocument._text (/app/node_modules/pdfkit/js/pdfkit.js:3878:19)\n' +
    '    at PDFDocument.text (/app/node_modules/pdfkit/js/pdfkit.js:3897:17)\n' +
    '    at buildPDF (file:///app/backend/libs/pdfkit.js:52:51)\n' +
    '    at file:///app/backend/routes/index.js:41:3\n' +
    '    at processTicksAndRejections (node:internal/process/task_queues:96:5)',
  rejection: true,
  date: 'Thu Sep 12 2024 11:31:56 GMT+0000 (Coordinated Universal Time)',
  process: {
    pid: 30,
    uid: 100,
    gid: 101,
    cwd: '/app',
    execPath: '/usr/local/bin/node',
    version: 'v16.13.1',
    argv: [ '/usr/local/bin/node', '/app/backend/server.js' ],
    memoryUsage: {
      rss: 88231936,
      heapTotal: 65380352,
      heapUsed: 33661784,
      external: 21908861,
      arrayBuffers: 18855970
    }
  },
  os: { loadavg: [ 2.2, 1.38, 0.84 ], uptime: 20546.93 },
  trace: [
    {
      column: 38,
      file: '/app/node_modules/pdfkit/js/pdfkit.js',
      function: 'new LineWrapper',
      line: 3516,
      method: null,
      native: false
    },
    {
      column: 19,
      file: '/app/node_modules/pdfkit/js/pdfkit.js',
      function: 'PDFDocument._text',
      line: 3878,
      method: '_text',
      native: false
    },
    {
      column: 17,
      file: '/app/node_modules/pdfkit/js/pdfkit.js',
      function: 'PDFDocument.text',
      line: 3897,
      method: 'text',
      native: false
    },
    {
      column: 51,
      file: 'file:///app/backend/libs/pdfkit.js',
      function: 'buildPDF',
      line: 52,
      method: null,
      native: false
    },
    {
      column: 3,
      file: 'file:///app/backend/routes/index.js',
      function: null,
      line: 41,
      method: null,
      native: false
    },
    {
      column: 5,
      file: 'node:internal/process/task_queues',
      function: 'processTicksAndRejections',
      line: 96,
      method: null,
      native: false
    }
  ],
  timestamp: '2024-09-12 11:31:56.728 AM'
}
{
  error: TypeError: Cannot read properties of null (reading 'maxY')
      at new LineWrapper (/app/node_modules/pdfkit/js/pdfkit.js:3516:38)
      at PDFDocument._text (/app/node_modules/pdfkit/js/pdfkit.js:3878:19)
      at PDFDocument.text (/app/node_modules/pdfkit/js/pdfkit.js:3897:17)
      at buildPDF (file:///app/backend/libs/pdfkit.js:52:51)
      at file:///app/backend/routes/index.js:41:3
      at processTicksAndRejections (node:internal/process/task_queues:96:5),
  level: 'error',
  message: "unhandledRejection: Cannot read properties of null (reading 'maxY')\n" +
    "TypeError: Cannot read properties of null (reading 'maxY')\n" +
    '    at new LineWrapper (/app/node_modules/pdfkit/js/pdfkit.js:3516:38)\n' +
    '    at PDFDocument._text (/app/node_modules/pdfkit/js/pdfkit.js:3878:19)\n' +
    '    at PDFDocument.text (/app/node_modules/pdfkit/js/pdfkit.js:3897:17)\n' +
    '    at buildPDF (file:///app/backend/libs/pdfkit.js:52:51)\n' +
    '    at file:///app/backend/routes/index.js:41:3\n' +
    '    at processTicksAndRejections (node:internal/process/task_queues:96:5)',
  stack: "TypeError: Cannot read properties of null (reading 'maxY')\n" +
    '    at new LineWrapper (/app/node_modules/pdfkit/js/pdfkit.js:3516:38)\n' +
    '    at PDFDocument._text (/app/node_modules/pdfkit/js/pdfkit.js:3878:19)\n' +
    '    at PDFDocument.text (/app/node_modules/pdfkit/js/pdfkit.js:3897:17)\n' +
    '    at buildPDF (file:///app/backend/libs/pdfkit.js:52:51)\n' +
    '    at file:///app/backend/routes/index.js:41:3\n' +
    '    at processTicksAndRejections (node:internal/process/task_queues:96:5)',
  rejection: true,
  date: 'Thu Sep 12 2024 11:33:53 GMT+0000 (Coordinated Universal Time)',
  process: {
    pid: 30,
    uid: 100,
    gid: 101,
    cwd: '/app',
    execPath: '/usr/local/bin/node',
    version: 'v16.13.1',
    argv: [ '/usr/local/bin/node', '/app/backend/server.js' ],
    memoryUsage: {
      rss: 89071616,
      heapTotal: 33136640,
      heapUsed: 29537728,
      external: 20384051,
      arrayBuffers: 18683963
    }
  },
  os: { loadavg: [ 2.42, 1.55, 0.96 ], uptime: 20663.94 },
  trace: [
    {
      column: 38,
      file: '/app/node_modules/pdfkit/js/pdfkit.js',
      function: 'new LineWrapper',
      line: 3516,
      method: null,
      native: false
    },
    {
      column: 19,
      file: '/app/node_modules/pdfkit/js/pdfkit.js',
      function: 'PDFDocument._text',
      line: 3878,
      method: '_text',
      native: false
    },
    {
      column: 17,
      file: '/app/node_modules/pdfkit/js/pdfkit.js',
      function: 'PDFDocument.text',
      line: 3897,
      method: 'text',
      native: false
    },
    {
      column: 51,
      file: 'file:///app/backend/libs/pdfkit.js',
      function: 'buildPDF',
      line: 52,
      method: null,
      native: false
    },
    {
      column: 3,
      file: 'file:///app/backend/routes/index.js',
      function: null,
      line: 41,
      method: null,
      native: false
    },
    {
      column: 5,
      file: 'node:internal/process/task_queues',
      function: 'processTicksAndRejections',
      line: 96,
      method: null,
      native: false
    }
  ],
  timestamp: '2024-09-12 11:33:53.740 AM'
}
{
  error: TypeError: Cannot read properties of null (reading 'maxY')
      at new LineWrapper (/app/node_modules/pdfkit/js/pdfkit.js:3516:38)
      at PDFDocument._text (/app/node_modules/pdfkit/js/pdfkit.js:3878:19)
      at PDFDocument.text (/app/node_modules/pdfkit/js/pdfkit.js:3897:17)
      at buildPDF (file:///app/backend/libs/pdfkit.js:52:51)
      at file:///app/backend/routes/index.js:41:3
      at processTicksAndRejections (node:internal/process/task_queues:96:5),
  level: 'error',
  message: "unhandledRejection: Cannot read properties of null (reading 'maxY')\n" +
    "TypeError: Cannot read properties of null (reading 'maxY')\n" +
    '    at new LineWrapper (/app/node_modules/pdfkit/js/pdfkit.js:3516:38)\n' +
    '    at PDFDocument._text (/app/node_modules/pdfkit/js/pdfkit.js:3878:19)\n' +
    '    at PDFDocument.text (/app/node_modules/pdfkit/js/pdfkit.js:3897:17)\n' +
    '    at buildPDF (file:///app/backend/libs/pdfkit.js:52:51)\n' +
    '    at file:///app/backend/routes/index.js:41:3\n' +
    '    at processTicksAndRejections (node:internal/process/task_queues:96:5)',
  stack: "TypeError: Cannot read properties of null (reading 'maxY')\n" +
    '    at new LineWrapper (/app/node_modules/pdfkit/js/pdfkit.js:3516:38)\n' +
    '    at PDFDocument._text (/app/node_modules/pdfkit/js/pdfkit.js:3878:19)\n' +
    '    at PDFDocument.text (/app/node_modules/pdfkit/js/pdfkit.js:3897:17)\n' +
    '    at buildPDF (file:///app/backend/libs/pdfkit.js:52:51)\n' +
    '    at file:///app/backend/routes/index.js:41:3\n' +
    '    at processTicksAndRejections (node:internal/process/task_queues:96:5)',
  rejection: true,
  date: 'Thu Sep 12 2024 11:36:48 GMT+0000 (Coordinated Universal Time)',
  process: {
    pid: 30,
    uid: 100,
    gid: 101,
    cwd: '/app',
    execPath: '/usr/local/bin/node',
    version: 'v16.13.1',
    argv: [ '/usr/local/bin/node', '/app/backend/server.js' ],
    memoryUsage: {
      rss: 86446080,
      heapTotal: 65118208,
      heapUsed: 33460808,
      external: 26335079,
      arrayBuffers: 18825696
    }
  },
  os: { loadavg: [ 1.68, 1.41, 0.99 ], uptime: 20838.33 },
  trace: [
    {
      column: 38,
      file: '/app/node_modules/pdfkit/js/pdfkit.js',
      function: 'new LineWrapper',
      line: 3516,
      method: null,
      native: false
    },
    {
      column: 19,
      file: '/app/node_modules/pdfkit/js/pdfkit.js',
      function: 'PDFDocument._text',
      line: 3878,
      method: '_text',
      native: false
    },
    {
      column: 17,
      file: '/app/node_modules/pdfkit/js/pdfkit.js',
      function: 'PDFDocument.text',
      line: 3897,
      method: 'text',
      native: false
    },
    {
      column: 51,
      file: 'file:///app/backend/libs/pdfkit.js',
      function: 'buildPDF',
      line: 52,
      method: null,
      native: false
    },
    {
      column: 3,
      file: 'file:///app/backend/routes/index.js',
      function: null,
      line: 41,
      method: null,
      native: false
    },
    {
      column: 5,
      file: 'node:internal/process/task_queues',
      function: 'processTicksAndRejections',
      line: 96,
      method: null,
      native: false
    }
  ],
  timestamp: '2024-09-12 11:36:48.121 AM'
}
{
  error: TypeError: Cannot read properties of null (reading 'maxY')
      at new LineWrapper (/app/node_modules/pdfkit/js/pdfkit.js:3516:38)
      at PDFDocument._text (/app/node_modules/pdfkit/js/pdfkit.js:3878:19)
      at PDFDocument.text (/app/node_modules/pdfkit/js/pdfkit.js:3897:17)
      at buildPDF (file:///app/backend/libs/pdfkit.js:52:51)
      at file:///app/backend/routes/index.js:41:3
      at processTicksAndRejections (node:internal/process/task_queues:96:5),
  level: 'error',
  message: "unhandledRejection: Cannot read properties of null (reading 'maxY')\n" +
    "TypeError: Cannot read properties of null (reading 'maxY')\n" +
    '    at new LineWrapper (/app/node_modules/pdfkit/js/pdfkit.js:3516:38)\n' +
    '    at PDFDocument._text (/app/node_modules/pdfkit/js/pdfkit.js:3878:19)\n' +
    '    at PDFDocument.text (/app/node_modules/pdfkit/js/pdfkit.js:3897:17)\n' +
    '    at buildPDF (file:///app/backend/libs/pdfkit.js:52:51)\n' +
    '    at file:///app/backend/routes/index.js:41:3\n' +
    '    at processTicksAndRejections (node:internal/process/task_queues:96:5)',
  stack: "TypeError: Cannot read properties of null (reading 'maxY')\n" +
    '    at new LineWrapper (/app/node_modules/pdfkit/js/pdfkit.js:3516:38)\n' +
    '    at PDFDocument._text (/app/node_modules/pdfkit/js/pdfkit.js:3878:19)\n' +
    '    at PDFDocument.text (/app/node_modules/pdfkit/js/pdfkit.js:3897:17)\n' +
    '    at buildPDF (file:///app/backend/libs/pdfkit.js:52:51)\n' +
    '    at file:///app/backend/routes/index.js:41:3\n' +
    '    at processTicksAndRejections (node:internal/process/task_queues:96:5)',
  rejection: true,
  date: 'Thu Sep 12 2024 11:40:00 GMT+0000 (Coordinated Universal Time)',
  process: {
    pid: 30,
    uid: 100,
    gid: 101,
    cwd: '/app',
    execPath: '/usr/local/bin/node',
    version: 'v16.13.1',
    argv: [ '/usr/local/bin/node', '/app/backend/server.js' ],
    memoryUsage: {
      rss: 88522752,
      heapTotal: 34447360,
      heapUsed: 30520080,
      external: 20392243,
      arrayBuffers: 18692155
    }
  },
  os: { loadavg: [ 1.23, 1.17, 0.96 ], uptime: 21000.09 },
  trace: [
    {
      column: 38,
      file: '/app/node_modules/pdfkit/js/pdfkit.js',
      function: 'new LineWrapper',
      line: 3516,
      method: null,
      native: false
    },
    {
      column: 19,
      file: '/app/node_modules/pdfkit/js/pdfkit.js',
      function: 'PDFDocument._text',
      line: 3878,
      method: '_text',
      native: false
    },
    {
      column: 17,
      file: '/app/node_modules/pdfkit/js/pdfkit.js',
      function: 'PDFDocument.text',
      line: 3897,
      method: 'text',
      native: false
    },
    {
      column: 51,
      file: 'file:///app/backend/libs/pdfkit.js',
      function: 'buildPDF',
      line: 52,
      method: null,
      native: false
    },
    {
      column: 3,
      file: 'file:///app/backend/routes/index.js',
      function: null,
      line: 41,
      method: null,
      native: false
    },
    {
      column: 5,
      file: 'node:internal/process/task_queues',
      function: 'processTicksAndRejections',
      line: 96,
      method: null,
      native: false
    }
  ],
  timestamp: '2024-09-12 11:40:00.289 AM'
}
{
  error: ReferenceError: se is not defined
      at buildPDF (file:///app/backend/libs/pdfkit.js:186:86)
      at file:///app/backend/routes/index.js:41:3
      at processTicksAndRejections (node:internal/process/task_queues:96:5),
  level: 'error',
  message: 'unhandledRejection: se is not defined\n' +
    'ReferenceError: se is not defined\n' +
    '    at buildPDF (file:///app/backend/libs/pdfkit.js:186:86)\n' +
    '    at file:///app/backend/routes/index.js:41:3\n' +
    '    at processTicksAndRejections (node:internal/process/task_queues:96:5)',
  stack: 'ReferenceError: se is not defined\n' +
    '    at buildPDF (file:///app/backend/libs/pdfkit.js:186:86)\n' +
    '    at file:///app/backend/routes/index.js:41:3\n' +
    '    at processTicksAndRejections (node:internal/process/task_queues:96:5)',
  rejection: true,
  date: 'Sun Sep 22 2024 15:10:50 GMT+0000 (Coordinated Universal Time)',
  process: {
    pid: 285,
    uid: 100,
    gid: 101,
    cwd: '/app',
    execPath: '/usr/local/bin/node',
    version: 'v16.13.1',
    argv: [ '/usr/local/bin/node', '/app/backend/server.js' ],
    memoryUsage: {
      rss: 92172288,
      heapTotal: 37593088,
      heapUsed: 32077328,
      external: 19839157,
      arrayBuffers: 18728893
    }
  },
  os: { loadavg: [ 0.61, 0.49, 0.52 ], uptime: 108711.99 },
  trace: [
    {
      column: 86,
      file: 'file:///app/backend/libs/pdfkit.js',
      function: 'buildPDF',
      line: 186,
      method: null,
      native: false
    },
    {
      column: 3,
      file: 'file:///app/backend/routes/index.js',
      function: null,
      line: 41,
      method: null,
      native: false
    },
    {
      column: 5,
      file: 'node:internal/process/task_queues',
      function: 'processTicksAndRejections',
      line: 96,
      method: null,
      native: false
    }
  ],
  timestamp: '2024-09-22 03:10:50.762 PM'
}
{
  error: ReferenceError: se is not defined
      at buildPDF (file:///app/backend/libs/pdfkit.js:186:86)
      at file:///app/backend/routes/index.js:41:3
      at processTicksAndRejections (node:internal/process/task_queues:96:5),
  level: 'error',
  message: 'unhandledRejection: se is not defined\n' +
    'ReferenceError: se is not defined\n' +
    '    at buildPDF (file:///app/backend/libs/pdfkit.js:186:86)\n' +
    '    at file:///app/backend/routes/index.js:41:3\n' +
    '    at processTicksAndRejections (node:internal/process/task_queues:96:5)',
  stack: 'ReferenceError: se is not defined\n' +
    '    at buildPDF (file:///app/backend/libs/pdfkit.js:186:86)\n' +
    '    at file:///app/backend/routes/index.js:41:3\n' +
    '    at processTicksAndRejections (node:internal/process/task_queues:96:5)',
  rejection: true,
  date: 'Sun Sep 22 2024 15:14:00 GMT+0000 (Coordinated Universal Time)',
  process: {
    pid: 296,
    uid: 100,
    gid: 101,
    cwd: '/app',
    execPath: '/usr/local/bin/node',
    version: 'v16.13.1',
    argv: [ '/usr/local/bin/node', '/app/backend/server.js' ],
    memoryUsage: {
      rss: 90451968,
      heapTotal: 36544512,
      heapUsed: 30732296,
      external: 19832620,
      arrayBuffers: 18722356
    }
  },
  os: { loadavg: [ 0.67, 0.52, 0.52 ], uptime: 108902.2 },
  trace: [
    {
      column: 86,
      file: 'file:///app/backend/libs/pdfkit.js',
      function: 'buildPDF',
      line: 186,
      method: null,
      native: false
    },
    {
      column: 3,
      file: 'file:///app/backend/routes/index.js',
      function: null,
      line: 41,
      method: null,
      native: false
    },
    {
      column: 5,
      file: 'node:internal/process/task_queues',
      function: 'processTicksAndRejections',
      line: 96,
      method: null,
      native: false
    }
  ],
  timestamp: '2024-09-22 03:14:00.976 PM'
}
{
  error: TypeError: Cannot destructure property 'firstName' of 'cvData' as it is null.
      at buildPDF (file:///app/backend/libs/pdfkit.js:36:10)
      at file:///app/backend/routes/index.js:41:3
      at processTicksAndRejections (node:internal/process/task_queues:96:5),
  level: 'error',
  message: "unhandledRejection: Cannot destructure property 'firstName' of 'cvData' as it is null.\n" +
    "TypeError: Cannot destructure property 'firstName' of 'cvData' as it is null.\n" +
    '    at buildPDF (file:///app/backend/libs/pdfkit.js:36:10)\n' +
    '    at file:///app/backend/routes/index.js:41:3\n' +
    '    at processTicksAndRejections (node:internal/process/task_queues:96:5)',
  stack: "TypeError: Cannot destructure property 'firstName' of 'cvData' as it is null.\n" +
    '    at buildPDF (file:///app/backend/libs/pdfkit.js:36:10)\n' +
    '    at file:///app/backend/routes/index.js:41:3\n' +
    '    at processTicksAndRejections (node:internal/process/task_queues:96:5)',
  rejection: true,
  date: 'Wed Sep 25 2024 17:47:12 GMT+0000 (Coordinated Universal Time)',
  process: {
    pid: 2130,
    uid: 100,
    gid: 101,
    cwd: '/app',
    execPath: '/usr/local/bin/node',
    version: 'v16.13.1',
    argv: [ '/usr/local/bin/node', '/app/backend/server.js' ],
    memoryUsage: {
      rss: 88485888,
      heapTotal: 32612352,
      heapUsed: 29813992,
      external: 19801656,
      arrayBuffers: 18691392
    }
  },
  os: { loadavg: [ 0.51, 0.51, 0.49 ], uptime: 158764.02 },
  trace: [
    {
      column: 10,
      file: 'file:///app/backend/libs/pdfkit.js',
      function: 'buildPDF',
      line: 36,
      method: null,
      native: false
    },
    {
      column: 3,
      file: 'file:///app/backend/routes/index.js',
      function: null,
      line: 41,
      method: null,
      native: false
    },
    {
      column: 5,
      file: 'node:internal/process/task_queues',
      function: 'processTicksAndRejections',
      line: 96,
      method: null,
      native: false
    }
  ],
  timestamp: '2024-09-25 05:47:12.249 PM'
}
